Using pre-set license
Built from '2022.3/release' branch; Version is '2022.3.0f1 (fb119bb0b476) revision 16454043'; Using compiler version '192829333'; Build Type 'Release'
OS: 'Windows 10  (10.0.19045) 64bit Professional' Language: 'ru' Physical Memory: 32637 MB
BatchMode: 1, IsHumanControllingUs: 0, StartBugReporterOnCrash: 0, Is64bit: 1, IsPro: 1

COMMAND LINE ARGUMENTS:
B:\Unity Engine\2022.3.0f1\Editor\Unity.exe
-adb2
-batchMode
-noUpm
-name
AssetImportWorker5
-projectPath
D:/projects/saltyHITSProject/SaltyProject
-logFile
Logs/AssetImportWorker5.log
-srvPort
56177
Successfully changed project path to: D:/projects/saltyHITSProject/SaltyProject
D:/projects/saltyHITSProject/SaltyProject
[UnityMemory] Configuration Parameters - Can be set up in boot.config
    "memorysetup-bucket-allocator-granularity=16"
    "memorysetup-bucket-allocator-bucket-count=8"
    "memorysetup-bucket-allocator-block-size=33554432"
    "memorysetup-bucket-allocator-block-count=8"
    "memorysetup-main-allocator-block-size=16777216"
    "memorysetup-thread-allocator-block-size=16777216"
    "memorysetup-gfx-main-allocator-block-size=16777216"
    "memorysetup-gfx-thread-allocator-block-size=16777216"
    "memorysetup-cache-allocator-block-size=4194304"
    "memorysetup-typetree-allocator-block-size=2097152"
    "memorysetup-profiler-bucket-allocator-granularity=16"
    "memorysetup-profiler-bucket-allocator-bucket-count=8"
    "memorysetup-profiler-bucket-allocator-block-size=33554432"
    "memorysetup-profiler-bucket-allocator-block-count=8"
    "memorysetup-profiler-allocator-block-size=16777216"
    "memorysetup-profiler-editor-allocator-block-size=1048576"
    "memorysetup-temp-allocator-size-main=16777216"
    "memorysetup-job-temp-allocator-block-size=2097152"
    "memorysetup-job-temp-allocator-block-size-background=1048576"
    "memorysetup-job-temp-allocator-reduction-small-platforms=262144"
    "memorysetup-allocator-temp-initial-block-size-main=262144"
    "memorysetup-allocator-temp-initial-block-size-worker=262144"
    "memorysetup-temp-allocator-size-background-worker=32768"
    "memorysetup-temp-allocator-size-job-worker=262144"
    "memorysetup-temp-allocator-size-preload-manager=33554432"
    "memorysetup-temp-allocator-size-nav-mesh-worker=65536"
    "memorysetup-temp-allocator-size-audio-worker=65536"
    "memorysetup-temp-allocator-size-cloud-worker=32768"
    "memorysetup-temp-allocator-size-gi-baking-worker=262144"
    "memorysetup-temp-allocator-size-gfx=262144"
Player connection [20400] Host "[IP] 192.168.31.240 [Port] 0 [Flags] 2 [Guid] 2562543367 [EditorId] 2562543367 [Version] 1048832 [Id] WindowsEditor(7,DESKTOP-LA58NB8) [Debug] 1 [PackageName] WindowsEditor [ProjectName] Editor" joined multi-casting on [225.0.0.222:54997]...

Player connection [20400] Host "[IP] 192.168.31.240 [Port] 0 [Flags] 2 [Guid] 2562543367 [EditorId] 2562543367 [Version] 1048832 [Id] WindowsEditor(7,DESKTOP-LA58NB8) [Debug] 1 [PackageName] WindowsEditor [ProjectName] Editor" joined alternative multi-casting on [225.0.0.222:34997]...

Refreshing native plugins compatible for Editor in 9.04 ms, found 3 plugins.
Preloading 0 native plugins for Editor in 0.00 ms.
Initialize engine version: 2022.3.0f1 (fb119bb0b476)
[Subsystems] Discovering subsystems at path B:/Unity Engine/2022.3.0f1/Editor/Data/Resources/UnitySubsystems
[Subsystems] Discovering subsystems at path D:/projects/saltyHITSProject/SaltyProject/Assets
GfxDevice: creating device client; threaded=0; jobified=0
Direct3D:
    Version:  Direct3D 11.0 [level 11.1]
    Renderer: NVIDIA GeForce RTX 3060 (ID=0x2504)
    Vendor:   NVIDIA
    VRAM:     12129 MB
    Driver:   31.0.15.3179
Initialize mono
Mono path[0] = 'B:/Unity Engine/2022.3.0f1/Editor/Data/Managed'
Mono path[1] = 'B:/Unity Engine/2022.3.0f1/Editor/Data/MonoBleedingEdge/lib/mono/unityjit-win32'
Mono config path = 'B:/Unity Engine/2022.3.0f1/Editor/Data/MonoBleedingEdge/etc'
Using monoOptions --debugger-agent=transport=dt_socket,embedding=1,server=y,suspend=n,address=127.0.0.1:56640
Begin MonoManager ReloadAssembly
Registering precompiled unity dll's ...
Register platform support module: B:/Unity Engine/2022.3.0f1/Editor/Data/PlaybackEngines/WindowsStandaloneSupport/UnityEditor.WindowsStandalone.Extensions.dll
Registered in 0.004414 seconds.
- Loaded All Assemblies, in  0.351 seconds
Native extension for WindowsStandalone target not found
Mono: successfully reloaded assembly
- Finished resetting the current domain, in  0.312 seconds
Domain Reload Profiling: 663ms
	BeginReloadAssembly (92ms)
		ExecutionOrderSort (0ms)
		DisableScriptedObjects (0ms)
		BackupInstance (0ms)
		ReleaseScriptingObjects (0ms)
		CreateAndSetChildDomain (1ms)
	RebuildCommonClasses (39ms)
	RebuildNativeTypeToScriptingClass (12ms)
	initialDomainReloadingComplete (56ms)
	LoadAllAssembliesAndSetupDomain (151ms)
		LoadAssemblies (91ms)
		RebuildTransferFunctionScriptingTraits (0ms)
		AnalyzeDomain (147ms)
			TypeCache.Refresh (146ms)
				TypeCache.ScanAssembly (131ms)
			ScanForSourceGeneratedMonoScriptInfo (1ms)
			ResolveRequiredComponents (1ms)
	FinalizeReload (313ms)
		ReleaseScriptCaches (0ms)
		RebuildScriptCaches (0ms)
		SetupLoadedEditorAssemblies (243ms)
			LogAssemblyErrors (0ms)
			InitializePlatformSupportModulesInManaged (9ms)
			SetLoadedEditorAssemblies (9ms)
			RefreshPlugins (0ms)
			BeforeProcessingInitializeOnLoad (3ms)
			ProcessInitializeOnLoadAttributes (167ms)
			ProcessInitializeOnLoadMethodAttributes (56ms)
			AfterProcessingInitializeOnLoad (0ms)
			EditorAssembliesLoaded (0ms)
		ExecutionOrderSort2 (0ms)
		AwakeInstancesAfterBackupRestoration (0ms)
========================================================================
Worker process is ready to serve import requests
Begin MonoManager ReloadAssembly
- Loaded All Assemblies, in  0.573 seconds
Refreshing native plugins compatible for Editor in 2.14 ms, found 3 plugins.
Native extension for WindowsStandalone target not found
Mono: successfully reloaded assembly
- Finished resetting the current domain, in  0.450 seconds
Domain Reload Profiling: 1022ms
	BeginReloadAssembly (136ms)
		ExecutionOrderSort (0ms)
		DisableScriptedObjects (6ms)
		BackupInstance (0ms)
		ReleaseScriptingObjects (0ms)
		CreateAndSetChildDomain (28ms)
	RebuildCommonClasses (35ms)
	RebuildNativeTypeToScriptingClass (11ms)
	initialDomainReloadingComplete (41ms)
	LoadAllAssembliesAndSetupDomain (349ms)
		LoadAssemblies (225ms)
		RebuildTransferFunctionScriptingTraits (0ms)
		AnalyzeDomain (189ms)
			TypeCache.Refresh (174ms)
				TypeCache.ScanAssembly (165ms)
			ScanForSourceGeneratedMonoScriptInfo (12ms)
			ResolveRequiredComponents (2ms)
	FinalizeReload (450ms)
		ReleaseScriptCaches (0ms)
		RebuildScriptCaches (0ms)
		SetupLoadedEditorAssemblies (321ms)
			LogAssemblyErrors (0ms)
			InitializePlatformSupportModulesInManaged (4ms)
			SetLoadedEditorAssemblies (4ms)
			RefreshPlugins (0ms)
			BeforeProcessingInitializeOnLoad (48ms)
			ProcessInitializeOnLoadAttributes (229ms)
			ProcessInitializeOnLoadMethodAttributes (35ms)
			AfterProcessingInitializeOnLoad (2ms)
			EditorAssembliesLoaded (0ms)
		ExecutionOrderSort2 (0ms)
		AwakeInstancesAfterBackupRestoration (6ms)
Launched and connected shader compiler UnityShaderCompiler.exe after 0.05 seconds
Refreshing native plugins compatible for Editor in 3.10 ms, found 3 plugins.
Preloading 0 native plugins for Editor in 0.00 ms.
Unloading 2413 Unused Serialized files (Serialized files now loaded: 0)
Unloading 54 unused Assets / (57.9 KB). Loaded Objects now: 2884.
Memory consumption went from 109.7 MB to 109.6 MB.
Total: 2.902700 ms (FindLiveObjects: 0.201200 ms CreateObjectMapping: 0.063200 ms MarkObjects: 2.529200 ms  DeleteObjects: 0.108100 ms)

AssetImportParameters requested are different than current active one (requested -> active):
  custom:video-decoder-webm-vp8: 9c59270c3fd7afecdb556c50c9e8de78 -> 
  custom:container-demuxer-ogg: 62fdf1f143b41e24485cea50d1cbac27 -> 
  custom:AudioImporter_EditorPlatform: d09bf68614088b80899f8185d706f6e7 -> 
  custom:video-decoder-ogg-theora: a1e56fd34408186e4bbccfd4996cb3dc -> 
  custom:framework-win-MediaFoundation: 216162199b28c13a410421893ffa2e32 -> 
  custom:video-encoder-webm-vp8: eb34c28f22e8b96e1ab97ce403110664 -> 
  custom:audio-decoder-ogg-vorbis: bf7c407c2cedff20999df2af8eb42d56 -> 
  custom:container-demuxer-webm: 4f35f7cbe854078d1ac9338744f61a02 -> 
  custom:audio-encoder-webm-vorbis: bf7c407c2cedff20999df2af8eb42d56 -> 
  custom:container-muxer-webm: aa71ff27fc2769a1b78a27578f13a17b -> 
========================================================================
Received Import Request.
  Time since last request: 1051347.518046 seconds.
  path: Assets/SaltyAssets/SunnyLand Artwork/Environment/Tileset/tileset-sliced.png
  artifactKey: Guid(261212b977f594d5dbc48631a5c1295c) Importer(815301076,1909f56bfc062723c751e8b465ee728b)
Start importing Assets/SaltyAssets/SunnyLand Artwork/Environment/Tileset/tileset-sliced.png using Guid(261212b977f594d5dbc48631a5c1295c) Importer(815301076,1909f56bfc062723c751e8b465ee728b)  -> (artifact id: 'be51d8cb15999b90aa9ff0d478879d82') in 0.386191 seconds
Number of updated asset objects reloaded before import = 0
Number of asset objects unloaded after import = 130
========================================================================
Received Import Request.
  Time since last request: 0.000028 seconds.
  path: Assets/SaltyAssets/SunnyLand Artwork/Environment/Tileset/tileset-sliced_21.asset
  artifactKey: Guid(b02df6a39c3c60445993c5f9235b37e3) Importer(815301076,1909f56bfc062723c751e8b465ee728b)
Start importing Assets/SaltyAssets/SunnyLand Artwork/Environment/Tileset/tileset-sliced_21.asset using Guid(b02df6a39c3c60445993c5f9235b37e3) Importer(815301076,1909f56bfc062723c751e8b465ee728b)  -> (artifact id: '977b5d91b8fca0809dde1259bd1ab252') in 0.020129 seconds
Number of updated asset objects reloaded before import = 0
Number of asset objects unloaded after import = 3
========================================================================
Received Import Request.
  Time since last request: 0.000028 seconds.
  path: Assets/SaltyAssets/SunnyLand Artwork/Environment/Tileset/tileset-sliced_15.asset
  artifactKey: Guid(32661da8ce8dd3644bc6468732fc6bf5) Importer(815301076,1909f56bfc062723c751e8b465ee728b)
Start importing Assets/SaltyAssets/SunnyLand Artwork/Environment/Tileset/tileset-sliced_15.asset using Guid(32661da8ce8dd3644bc6468732fc6bf5) Importer(815301076,1909f56bfc062723c751e8b465ee728b)  -> (artifact id: '8df662000d84181d07c9ae9339430ebc') in 0.007461 seconds
Number of updated asset objects reloaded before import = 0
Number of asset objects unloaded after import = 3
========================================================================
Received Import Request.
  Time since last request: 0.000019 seconds.
  path: Assets/SaltyAssets/SunnyLand Artwork/Environment/Tileset/tileset-sliced_56.asset
  artifactKey: Guid(94aa16297ba86b84d90dd5ebd3ce384f) Importer(815301076,1909f56bfc062723c751e8b465ee728b)
Start importing Assets/SaltyAssets/SunnyLand Artwork/Environment/Tileset/tileset-sliced_56.asset using Guid(94aa16297ba86b84d90dd5ebd3ce384f) Importer(815301076,1909f56bfc062723c751e8b465ee728b)  -> (artifact id: 'a48bfd0445813ddecccc20d8f2ef561f') in 0.006329 seconds
Number of updated asset objects reloaded before import = 0
Number of asset objects unloaded after import = 3
========================================================================
Received Import Request.
  Time since last request: 0.000022 seconds.
  path: Assets/SaltyAssets/SunnyLand Artwork/Environment/Tileset/tileset-sliced_33.asset
  artifactKey: Guid(617e78c004a17874bba2e83fd1509baa) Importer(815301076,1909f56bfc062723c751e8b465ee728b)
Start importing Assets/SaltyAssets/SunnyLand Artwork/Environment/Tileset/tileset-sliced_33.asset using Guid(617e78c004a17874bba2e83fd1509baa) Importer(815301076,1909f56bfc062723c751e8b465ee728b)  -> (artifact id: '199a119f7cd25fcc39fb485d5895334d') in 0.009738 seconds
Number of updated asset objects reloaded before import = 0
Number of asset objects unloaded after import = 3
========================================================================
Received Import Request.
  Time since last request: 0.000018 seconds.
  path: Assets/SaltyAssets/SunnyLand Artwork/Environment/Tileset/tileset-sliced_58.asset
  artifactKey: Guid(26a3ae836e2b82e43847066439abedc6) Importer(815301076,1909f56bfc062723c751e8b465ee728b)
Start importing Assets/SaltyAssets/SunnyLand Artwork/Environment/Tileset/tileset-sliced_58.asset using Guid(26a3ae836e2b82e43847066439abedc6) Importer(815301076,1909f56bfc062723c751e8b465ee728b)  -> (artifact id: '04314f72707dab44693c57f5a0310d93') in 0.006179 seconds
Number of updated asset objects reloaded before import = 0
Number of asset objects unloaded after import = 3
========================================================================
Received Import Request.
  Time since last request: 0.000013 seconds.
  path: Assets/SaltyAssets/SunnyLand Artwork/Environment/Tileset/tileset-sliced_48.asset
  artifactKey: Guid(e5392e55430188a48bcd79da1a30765d) Importer(815301076,1909f56bfc062723c751e8b465ee728b)
Start importing Assets/SaltyAssets/SunnyLand Artwork/Environment/Tileset/tileset-sliced_48.asset using Guid(e5392e55430188a48bcd79da1a30765d) Importer(815301076,1909f56bfc062723c751e8b465ee728b)  -> (artifact id: '7e053c299658f7afb85493b0532d55c2') in 0.004750 seconds
Number of updated asset objects reloaded before import = 0
Number of asset objects unloaded after import = 3
========================================================================
Received Import Request.
  Time since last request: 0.000019 seconds.
  path: Assets/SaltyAssets/SunnyLand Artwork/Environment/Tileset/tileset-sliced_18.asset
  artifactKey: Guid(0162cdbfcae4110498f6e1d3e35b1c55) Importer(815301076,1909f56bfc062723c751e8b465ee728b)
Start importing Assets/SaltyAssets/SunnyLand Artwork/Environment/Tileset/tileset-sliced_18.asset using Guid(0162cdbfcae4110498f6e1d3e35b1c55) Importer(815301076,1909f56bfc062723c751e8b465ee728b)  -> (artifact id: '6548c30d0f58254922e5b3d3d5417334') in 0.004487 seconds
Number of updated asset objects reloaded before import = 0
Number of asset objects unloaded after import = 3
========================================================================
Received Import Request.
  Time since last request: 0.000023 seconds.
  path: Assets/SaltyAssets/SunnyLand Artwork/Environment/Tileset/tileset-sliced_22.asset
  artifactKey: Guid(8c933fd3ebbc0d84c974cc1d5dcc48d9) Importer(815301076,1909f56bfc062723c751e8b465ee728b)
Start importing Assets/SaltyAssets/SunnyLand Artwork/Environment/Tileset/tileset-sliced_22.asset using Guid(8c933fd3ebbc0d84c974cc1d5dcc48d9) Importer(815301076,1909f56bfc062723c751e8b465ee728b)  -> (artifact id: 'ea428b3148088bb0448c7baf6b6115e6') in 0.004705 seconds
Number of updated asset objects reloaded before import = 0
Number of asset objects unloaded after import = 3
========================================================================
Received Import Request.
  Time since last request: 0.000020 seconds.
  path: Assets/SaltyAssets/SunnyLand Artwork/Environment/Tileset/tileset-sliced_16.asset
  artifactKey: Guid(5248c970fd9211546bd3464de6f3c51c) Importer(815301076,1909f56bfc062723c751e8b465ee728b)
Start importing Assets/SaltyAssets/SunnyLand Artwork/Environment/Tileset/tileset-sliced_16.asset using Guid(5248c970fd9211546bd3464de6f3c51c) Importer(815301076,1909f56bfc062723c751e8b465ee728b)  -> (artifact id: 'fbac67bd891eb1722134bcd510a222a8') in 0.004749 seconds
Number of updated asset objects reloaded before import = 0
Number of asset objects unloaded after import = 3
========================================================================
Received Import Request.
  Time since last request: 0.000018 seconds.
  path: Assets/SaltyAssets/SunnyLand Artwork/Environment/Tileset/tileset-sliced_14.asset
  artifactKey: Guid(70ef95d2121c6204d95aeb88bfbc0504) Importer(815301076,1909f56bfc062723c751e8b465ee728b)
Start importing Assets/SaltyAssets/SunnyLand Artwork/Environment/Tileset/tileset-sliced_14.asset using Guid(70ef95d2121c6204d95aeb88bfbc0504) Importer(815301076,1909f56bfc062723c751e8b465ee728b)  -> (artifact id: 'c9ee0e618c7af394f5fa000551f6e508') in 0.005575 seconds
Number of updated asset objects reloaded before import = 0
Number of asset objects unloaded after import = 3
========================================================================
Received Import Request.
  Time since last request: 0.000022 seconds.
  path: Assets/SaltyAssets/SunnyLand Artwork/Environment/Tileset/tileset-sliced_60.asset
  artifactKey: Guid(5c8b9551abdb8ca489078ff9de589364) Importer(815301076,1909f56bfc062723c751e8b465ee728b)
Start importing Assets/SaltyAssets/SunnyLand Artwork/Environment/Tileset/tileset-sliced_60.asset using Guid(5c8b9551abdb8ca489078ff9de589364) Importer(815301076,1909f56bfc062723c751e8b465ee728b)  -> (artifact id: 'b6e159aaab7cac8b7ae9f251ec216be9') in 0.005252 seconds
Number of updated asset objects reloaded before import = 0
Number of asset objects unloaded after import = 3
========================================================================
Received Import Request.
  Time since last request: 0.000017 seconds.
  path: Assets/SaltyAssets/SunnyLand Artwork/Environment/Tileset/tileset-sliced_53.asset
  artifactKey: Guid(e4f7514cb0b1f8a4fa939a375b06a9dd) Importer(815301076,1909f56bfc062723c751e8b465ee728b)
Start importing Assets/SaltyAssets/SunnyLand Artwork/Environment/Tileset/tileset-sliced_53.asset using Guid(e4f7514cb0b1f8a4fa939a375b06a9dd) Importer(815301076,1909f56bfc062723c751e8b465ee728b)  -> (artifact id: 'a8ca180499d02da84fe14b077a2b97ef') in 0.006072 seconds
Number of updated asset objects reloaded before import = 0
Number of asset objects unloaded after import = 3
========================================================================
Received Import Request.
  Time since last request: 0.000017 seconds.
  path: Assets/SaltyAssets/SunnyLand Artwork/Environment/Tileset/tileset-sliced_61.asset
  artifactKey: Guid(38276c4cd23f6bb45a4df847849ceaa2) Importer(815301076,1909f56bfc062723c751e8b465ee728b)
Start importing Assets/SaltyAssets/SunnyLand Artwork/Environment/Tileset/tileset-sliced_61.asset using Guid(38276c4cd23f6bb45a4df847849ceaa2) Importer(815301076,1909f56bfc062723c751e8b465ee728b)  -> (artifact id: 'dff5a91ed47039b93c732cf1b0525e3d') in 0.007207 seconds
Number of updated asset objects reloaded before import = 0
Number of asset objects unloaded after import = 3
========================================================================
Received Prepare
Begin MonoManager ReloadAssembly
- Loaded All Assemblies, in  0.605 seconds
Refreshing native plugins compatible for Editor in 2.02 ms, found 3 plugins.
Native extension for WindowsStandalone target not found
Mono: successfully reloaded assembly
- Finished resetting the current domain, in  0.719 seconds
Domain Reload Profiling: 1323ms
	BeginReloadAssembly (150ms)
		ExecutionOrderSort (0ms)
		DisableScriptedObjects (12ms)
		BackupInstance (0ms)
		ReleaseScriptingObjects (0ms)
		CreateAndSetChildDomain (41ms)
	RebuildCommonClasses (36ms)
	RebuildNativeTypeToScriptingClass (13ms)
	initialDomainReloadingComplete (28ms)
	LoadAllAssembliesAndSetupDomain (377ms)
		LoadAssemblies (252ms)
		RebuildTransferFunctionScriptingTraits (0ms)
		AnalyzeDomain (194ms)
			TypeCache.Refresh (191ms)
				TypeCache.ScanAssembly (181ms)
			ScanForSourceGeneratedMonoScriptInfo (0ms)
			ResolveRequiredComponents (3ms)
	FinalizeReload (719ms)
		ReleaseScriptCaches (0ms)
		RebuildScriptCaches (0ms)
		SetupLoadedEditorAssemblies (350ms)
			LogAssemblyErrors (0ms)
			InitializePlatformSupportModulesInManaged (5ms)
			SetLoadedEditorAssemblies (5ms)
			RefreshPlugins (0ms)
			BeforeProcessingInitializeOnLoad (56ms)
			ProcessInitializeOnLoadAttributes (244ms)
			ProcessInitializeOnLoadMethodAttributes (36ms)
			AfterProcessingInitializeOnLoad (4ms)
			EditorAssembliesLoaded (0ms)
		ExecutionOrderSort2 (0ms)
		AwakeInstancesAfterBackupRestoration (15ms)
Refreshing native plugins compatible for Editor in 3.21 ms, found 3 plugins.
Preloading 0 native plugins for Editor in 0.00 ms.
Unloading 2388 Unused Serialized files (Serialized files now loaded: 0)
Unloading 29 unused Assets / (32.3 KB). Loaded Objects now: 2897.
Memory consumption went from 107.3 MB to 107.3 MB.
Total: 6.771400 ms (FindLiveObjects: 0.382600 ms CreateObjectMapping: 0.224800 ms MarkObjects: 6.086500 ms  DeleteObjects: 0.075800 ms)

Prepare: number of updated asset objects reloaded= 0
AssetImportParameters requested are different than current active one (requested -> active):
  custom:video-decoder-webm-vp8: 9c59270c3fd7afecdb556c50c9e8de78 -> 
  custom:container-demuxer-ogg: 62fdf1f143b41e24485cea50d1cbac27 -> 
  custom:AudioImporter_EditorPlatform: d09bf68614088b80899f8185d706f6e7 -> 
  custom:video-decoder-ogg-theora: a1e56fd34408186e4bbccfd4996cb3dc -> 
  custom:framework-win-MediaFoundation: 216162199b28c13a410421893ffa2e32 -> 
  custom:video-encoder-webm-vp8: eb34c28f22e8b96e1ab97ce403110664 -> 
  custom:audio-decoder-ogg-vorbis: bf7c407c2cedff20999df2af8eb42d56 -> 
  custom:container-demuxer-webm: 4f35f7cbe854078d1ac9338744f61a02 -> 
  custom:audio-encoder-webm-vorbis: bf7c407c2cedff20999df2af8eb42d56 -> 
  custom:container-muxer-webm: aa71ff27fc2769a1b78a27578f13a17b -> 
========================================================================
Received Prepare
Begin MonoManager ReloadAssembly
- Loaded All Assemblies, in  0.624 seconds
Refreshing native plugins compatible for Editor in 2.76 ms, found 3 plugins.
Native extension for WindowsStandalone target not found
Mono: successfully reloaded assembly
- Finished resetting the current domain, in  0.899 seconds
Domain Reload Profiling: 1522ms
	BeginReloadAssembly (146ms)
		ExecutionOrderSort (0ms)
		DisableScriptedObjects (12ms)
		BackupInstance (0ms)
		ReleaseScriptingObjects (0ms)
		CreateAndSetChildDomain (39ms)
	RebuildCommonClasses (39ms)
	RebuildNativeTypeToScriptingClass (12ms)
	initialDomainReloadingComplete (26ms)
	LoadAllAssembliesAndSetupDomain (399ms)
		LoadAssemblies (236ms)
		RebuildTransferFunctionScriptingTraits (0ms)
		AnalyzeDomain (228ms)
			TypeCache.Refresh (224ms)
				TypeCache.ScanAssembly (213ms)
			ScanForSourceGeneratedMonoScriptInfo (0ms)
			ResolveRequiredComponents (4ms)
	FinalizeReload (900ms)
		ReleaseScriptCaches (0ms)
		RebuildScriptCaches (0ms)
		SetupLoadedEditorAssemblies (416ms)
			LogAssemblyErrors (0ms)
			InitializePlatformSupportModulesInManaged (5ms)
			SetLoadedEditorAssemblies (6ms)
			RefreshPlugins (0ms)
			BeforeProcessingInitializeOnLoad (66ms)
			ProcessInitializeOnLoadAttributes (294ms)
			ProcessInitializeOnLoadMethodAttributes (41ms)
			AfterProcessingInitializeOnLoad (4ms)
			EditorAssembliesLoaded (0ms)
		ExecutionOrderSort2 (0ms)
		AwakeInstancesAfterBackupRestoration (19ms)
Refreshing native plugins compatible for Editor in 3.43 ms, found 3 plugins.
Preloading 0 native plugins for Editor in 0.00 ms.
Unloading 2389 Unused Serialized files (Serialized files now loaded: 0)
Unloading 29 unused Assets / (32.2 KB). Loaded Objects now: 2901.
Memory consumption went from 107.6 MB to 107.6 MB.
Total: 8.596300 ms (FindLiveObjects: 0.593100 ms CreateObjectMapping: 0.169900 ms MarkObjects: 7.325200 ms  DeleteObjects: 0.505900 ms)

Prepare: number of updated asset objects reloaded= 0
AssetImportParameters requested are different than current active one (requested -> active):
  custom:video-decoder-webm-vp8: 9c59270c3fd7afecdb556c50c9e8de78 -> 
  custom:container-demuxer-ogg: 62fdf1f143b41e24485cea50d1cbac27 -> 
  custom:AudioImporter_EditorPlatform: d09bf68614088b80899f8185d706f6e7 -> 
  custom:video-decoder-ogg-theora: a1e56fd34408186e4bbccfd4996cb3dc -> 
  custom:framework-win-MediaFoundation: 216162199b28c13a410421893ffa2e32 -> 
  custom:video-encoder-webm-vp8: eb34c28f22e8b96e1ab97ce403110664 -> 
  custom:audio-decoder-ogg-vorbis: bf7c407c2cedff20999df2af8eb42d56 -> 
  custom:container-demuxer-webm: 4f35f7cbe854078d1ac9338744f61a02 -> 
  custom:audio-encoder-webm-vorbis: bf7c407c2cedff20999df2af8eb42d56 -> 
  custom:container-muxer-webm: aa71ff27fc2769a1b78a27578f13a17b -> 
Editor requested this worker to shutdown with reason: Scaling down because of idle timeout
TcpMessagingSession - receive error: operation aborted. errorcode: 995, details: ќпераци€ ввода/вывода была прервана из-за завершени€ потока команд или по запросу приложени€.
AssetImportWorker is now disconnected from the server
Process exiting
Exiting without the bug reporter. Application will terminate with return code 0