Using pre-set license
Built from '2022.3/release' branch; Version is '2022.3.0f1 (fb119bb0b476) revision 16454043'; Using compiler version '192829333'; Build Type 'Release'
OS: 'Windows 10  (10.0.19045) 64bit Professional' Language: 'ru' Physical Memory: 32637 MB
BatchMode: 1, IsHumanControllingUs: 0, StartBugReporterOnCrash: 0, Is64bit: 1, IsPro: 1

COMMAND LINE ARGUMENTS:
B:\Unity Engine\2022.3.0f1\Editor\Unity.exe
-adb2
-batchMode
-noUpm
-name
AssetImportWorker15
-projectPath
D:/projects/saltyHITSProject/SaltyProject
-logFile
Logs/AssetImportWorker15.log
-srvPort
56177
Successfully changed project path to: D:/projects/saltyHITSProject/SaltyProject
D:/projects/saltyHITSProject/SaltyProject
[UnityMemory] Configuration Parameters - Can be set up in boot.config
    "memorysetup-bucket-allocator-granularity=16"
    "memorysetup-bucket-allocator-bucket-count=8"
    "memorysetup-bucket-allocator-block-size=33554432"
    "memorysetup-bucket-allocator-block-count=8"
    "memorysetup-main-allocator-block-size=16777216"
    "memorysetup-thread-allocator-block-size=16777216"
    "memorysetup-gfx-main-allocator-block-size=16777216"
    "memorysetup-gfx-thread-allocator-block-size=16777216"
    "memorysetup-cache-allocator-block-size=4194304"
    "memorysetup-typetree-allocator-block-size=2097152"
    "memorysetup-profiler-bucket-allocator-granularity=16"
    "memorysetup-profiler-bucket-allocator-bucket-count=8"
    "memorysetup-profiler-bucket-allocator-block-size=33554432"
    "memorysetup-profiler-bucket-allocator-block-count=8"
    "memorysetup-profiler-allocator-block-size=16777216"
    "memorysetup-profiler-editor-allocator-block-size=1048576"
    "memorysetup-temp-allocator-size-main=16777216"
    "memorysetup-job-temp-allocator-block-size=2097152"
    "memorysetup-job-temp-allocator-block-size-background=1048576"
    "memorysetup-job-temp-allocator-reduction-small-platforms=262144"
    "memorysetup-allocator-temp-initial-block-size-main=262144"
    "memorysetup-allocator-temp-initial-block-size-worker=262144"
    "memorysetup-temp-allocator-size-background-worker=32768"
    "memorysetup-temp-allocator-size-job-worker=262144"
    "memorysetup-temp-allocator-size-preload-manager=33554432"
    "memorysetup-temp-allocator-size-nav-mesh-worker=65536"
    "memorysetup-temp-allocator-size-audio-worker=65536"
    "memorysetup-temp-allocator-size-cloud-worker=32768"
    "memorysetup-temp-allocator-size-gi-baking-worker=262144"
    "memorysetup-temp-allocator-size-gfx=262144"
Player connection [30880] Host "[IP] 192.168.31.240 [Port] 0 [Flags] 2 [Guid] 2534972377 [EditorId] 2534972377 [Version] 1048832 [Id] WindowsEditor(7,DESKTOP-LA58NB8) [Debug] 1 [PackageName] WindowsEditor [ProjectName] Editor" joined multi-casting on [225.0.0.222:54997]...

Player connection [30880] Host "[IP] 192.168.31.240 [Port] 0 [Flags] 2 [Guid] 2534972377 [EditorId] 2534972377 [Version] 1048832 [Id] WindowsEditor(7,DESKTOP-LA58NB8) [Debug] 1 [PackageName] WindowsEditor [ProjectName] Editor" joined alternative multi-casting on [225.0.0.222:34997]...

Refreshing native plugins compatible for Editor in 8.63 ms, found 3 plugins.
Preloading 0 native plugins for Editor in 0.00 ms.
Initialize engine version: 2022.3.0f1 (fb119bb0b476)
[Subsystems] Discovering subsystems at path B:/Unity Engine/2022.3.0f1/Editor/Data/Resources/UnitySubsystems
[Subsystems] Discovering subsystems at path D:/projects/saltyHITSProject/SaltyProject/Assets
GfxDevice: creating device client; threaded=0; jobified=0
Direct3D:
    Version:  Direct3D 11.0 [level 11.1]
    Renderer: NVIDIA GeForce RTX 3060 (ID=0x2504)
    Vendor:   NVIDIA
    VRAM:     12129 MB
    Driver:   31.0.15.3179
Initialize mono
Mono path[0] = 'B:/Unity Engine/2022.3.0f1/Editor/Data/Managed'
Mono path[1] = 'B:/Unity Engine/2022.3.0f1/Editor/Data/MonoBleedingEdge/lib/mono/unityjit-win32'
Mono config path = 'B:/Unity Engine/2022.3.0f1/Editor/Data/MonoBleedingEdge/etc'
Using monoOptions --debugger-agent=transport=dt_socket,embedding=1,server=y,suspend=n,address=127.0.0.1:56344
Begin MonoManager ReloadAssembly
Registering precompiled unity dll's ...
Register platform support module: B:/Unity Engine/2022.3.0f1/Editor/Data/PlaybackEngines/WindowsStandaloneSupport/UnityEditor.WindowsStandalone.Extensions.dll
Registered in 0.003415 seconds.
- Loaded All Assemblies, in  0.278 seconds
Native extension for WindowsStandalone target not found
Mono: successfully reloaded assembly
- Finished resetting the current domain, in  0.282 seconds
Domain Reload Profiling: 561ms
	BeginReloadAssembly (71ms)
		ExecutionOrderSort (0ms)
		DisableScriptedObjects (0ms)
		BackupInstance (0ms)
		ReleaseScriptingObjects (0ms)
		CreateAndSetChildDomain (1ms)
	RebuildCommonClasses (29ms)
	RebuildNativeTypeToScriptingClass (8ms)
	initialDomainReloadingComplete (45ms)
	LoadAllAssembliesAndSetupDomain (125ms)
		LoadAssemblies (70ms)
		RebuildTransferFunctionScriptingTraits (0ms)
		AnalyzeDomain (122ms)
			TypeCache.Refresh (121ms)
				TypeCache.ScanAssembly (110ms)
			ScanForSourceGeneratedMonoScriptInfo (0ms)
			ResolveRequiredComponents (1ms)
	FinalizeReload (283ms)
		ReleaseScriptCaches (0ms)
		RebuildScriptCaches (0ms)
		SetupLoadedEditorAssemblies (218ms)
			LogAssemblyErrors (0ms)
			InitializePlatformSupportModulesInManaged (8ms)
			SetLoadedEditorAssemblies (8ms)
			RefreshPlugins (0ms)
			BeforeProcessingInitializeOnLoad (2ms)
			ProcessInitializeOnLoadAttributes (152ms)
			ProcessInitializeOnLoadMethodAttributes (47ms)
			AfterProcessingInitializeOnLoad (0ms)
			EditorAssembliesLoaded (0ms)
		ExecutionOrderSort2 (0ms)
		AwakeInstancesAfterBackupRestoration (0ms)
========================================================================
Worker process is ready to serve import requests
Begin MonoManager ReloadAssembly
- Loaded All Assemblies, in  0.550 seconds
Refreshing native plugins compatible for Editor in 1.95 ms, found 3 plugins.
Native extension for WindowsStandalone target not found
Mono: successfully reloaded assembly
- Finished resetting the current domain, in  0.462 seconds
Domain Reload Profiling: 1012ms
	BeginReloadAssembly (123ms)
		ExecutionOrderSort (0ms)
		DisableScriptedObjects (5ms)
		BackupInstance (0ms)
		ReleaseScriptingObjects (0ms)
		CreateAndSetChildDomain (26ms)
	RebuildCommonClasses (36ms)
	RebuildNativeTypeToScriptingClass (8ms)
	initialDomainReloadingComplete (32ms)
	LoadAllAssembliesAndSetupDomain (350ms)
		LoadAssemblies (203ms)
		RebuildTransferFunctionScriptingTraits (0ms)
		AnalyzeDomain (206ms)
			TypeCache.Refresh (190ms)
				TypeCache.ScanAssembly (180ms)
			ScanForSourceGeneratedMonoScriptInfo (13ms)
			ResolveRequiredComponents (2ms)
	FinalizeReload (462ms)
		ReleaseScriptCaches (0ms)
		RebuildScriptCaches (0ms)
		SetupLoadedEditorAssemblies (326ms)
			LogAssemblyErrors (0ms)
			InitializePlatformSupportModulesInManaged (4ms)
			SetLoadedEditorAssemblies (3ms)
			RefreshPlugins (0ms)
			BeforeProcessingInitializeOnLoad (49ms)
			ProcessInitializeOnLoadAttributes (237ms)
			ProcessInitializeOnLoadMethodAttributes (29ms)
			AfterProcessingInitializeOnLoad (2ms)
			EditorAssembliesLoaded (0ms)
		ExecutionOrderSort2 (0ms)
		AwakeInstancesAfterBackupRestoration (6ms)
Launched and connected shader compiler UnityShaderCompiler.exe after 0.05 seconds
Refreshing native plugins compatible for Editor in 3.08 ms, found 3 plugins.
Preloading 0 native plugins for Editor in 0.00 ms.
Unloading 2413 Unused Serialized files (Serialized files now loaded: 0)
Unloading 54 unused Assets / (57.9 KB). Loaded Objects now: 2884.
Memory consumption went from 109.6 MB to 109.6 MB.
Total: 4.595400 ms (FindLiveObjects: 0.350000 ms CreateObjectMapping: 0.086800 ms MarkObjects: 3.995700 ms  DeleteObjects: 0.161400 ms)

AssetImportParameters requested are different than current active one (requested -> active):
  custom:video-decoder-webm-vp8: 9c59270c3fd7afecdb556c50c9e8de78 -> 
  custom:container-demuxer-ogg: 62fdf1f143b41e24485cea50d1cbac27 -> 
  custom:AudioImporter_EditorPlatform: d09bf68614088b80899f8185d706f6e7 -> 
  custom:video-decoder-ogg-theora: a1e56fd34408186e4bbccfd4996cb3dc -> 
  custom:framework-win-MediaFoundation: 216162199b28c13a410421893ffa2e32 -> 
  custom:video-encoder-webm-vp8: eb34c28f22e8b96e1ab97ce403110664 -> 
  custom:audio-decoder-ogg-vorbis: bf7c407c2cedff20999df2af8eb42d56 -> 
  custom:container-demuxer-webm: 4f35f7cbe854078d1ac9338744f61a02 -> 
  custom:audio-encoder-webm-vorbis: bf7c407c2cedff20999df2af8eb42d56 -> 
  custom:container-muxer-webm: aa71ff27fc2769a1b78a27578f13a17b -> 
========================================================================
Received Prepare
Begin MonoManager ReloadAssembly
- Loaded All Assemblies, in  0.603 seconds
Refreshing native plugins compatible for Editor in 2.32 ms, found 3 plugins.
Native extension for WindowsStandalone target not found
Mono: successfully reloaded assembly
- Finished resetting the current domain, in  0.709 seconds
Domain Reload Profiling: 1311ms
	BeginReloadAssembly (152ms)
		ExecutionOrderSort (0ms)
		DisableScriptedObjects (13ms)
		BackupInstance (0ms)
		ReleaseScriptingObjects (0ms)
		CreateAndSetChildDomain (44ms)
	RebuildCommonClasses (28ms)
	RebuildNativeTypeToScriptingClass (10ms)
	initialDomainReloadingComplete (24ms)
	LoadAllAssembliesAndSetupDomain (388ms)
		LoadAssemblies (248ms)
		RebuildTransferFunctionScriptingTraits (0ms)
		AnalyzeDomain (204ms)
			TypeCache.Refresh (200ms)
				TypeCache.ScanAssembly (186ms)
			ScanForSourceGeneratedMonoScriptInfo (0ms)
			ResolveRequiredComponents (4ms)
	FinalizeReload (710ms)
		ReleaseScriptCaches (0ms)
		RebuildScriptCaches (0ms)
		SetupLoadedEditorAssemblies (333ms)
			LogAssemblyErrors (0ms)
			InitializePlatformSupportModulesInManaged (6ms)
			SetLoadedEditorAssemblies (6ms)
			RefreshPlugins (0ms)
			BeforeProcessingInitializeOnLoad (56ms)
			ProcessInitializeOnLoadAttributes (231ms)
			ProcessInitializeOnLoadMethodAttributes (30ms)
			AfterProcessingInitializeOnLoad (4ms)
			EditorAssembliesLoaded (0ms)
		ExecutionOrderSort2 (0ms)
		AwakeInstancesAfterBackupRestoration (16ms)
Refreshing native plugins compatible for Editor in 3.01 ms, found 3 plugins.
Preloading 0 native plugins for Editor in 0.00 ms.
Unloading 2389 Unused Serialized files (Serialized files now loaded: 0)
Unloading 29 unused Assets / (32.1 KB). Loaded Objects now: 2889.
Memory consumption went from 103.6 MB to 103.6 MB.
Total: 7.076900 ms (FindLiveObjects: 1.091300 ms CreateObjectMapping: 0.272400 ms MarkObjects: 5.618200 ms  DeleteObjects: 0.093300 ms)

Prepare: number of updated asset objects reloaded= 0
AssetImportParameters requested are different than current active one (requested -> active):
  custom:video-decoder-webm-vp8: 9c59270c3fd7afecdb556c50c9e8de78 -> 
  custom:container-demuxer-ogg: 62fdf1f143b41e24485cea50d1cbac27 -> 
  custom:AudioImporter_EditorPlatform: d09bf68614088b80899f8185d706f6e7 -> 
  custom:video-decoder-ogg-theora: a1e56fd34408186e4bbccfd4996cb3dc -> 
  custom:framework-win-MediaFoundation: 216162199b28c13a410421893ffa2e32 -> 
  custom:video-encoder-webm-vp8: eb34c28f22e8b96e1ab97ce403110664 -> 
  custom:audio-decoder-ogg-vorbis: bf7c407c2cedff20999df2af8eb42d56 -> 
  custom:container-demuxer-webm: 4f35f7cbe854078d1ac9338744f61a02 -> 
  custom:audio-encoder-webm-vorbis: bf7c407c2cedff20999df2af8eb42d56 -> 
  custom:container-muxer-webm: aa71ff27fc2769a1b78a27578f13a17b -> 
========================================================================
Received Prepare
Begin MonoManager ReloadAssembly
- Loaded All Assemblies, in  0.612 seconds
Refreshing native plugins compatible for Editor in 3.12 ms, found 3 plugins.
Native extension for WindowsStandalone target not found
Mono: successfully reloaded assembly
- Finished resetting the current domain, in  0.717 seconds
Domain Reload Profiling: 1328ms
	BeginReloadAssembly (145ms)
		ExecutionOrderSort (0ms)
		DisableScriptedObjects (11ms)
		BackupInstance (0ms)
		ReleaseScriptingObjects (0ms)
		CreateAndSetChildDomain (41ms)
	RebuildCommonClasses (33ms)
	RebuildNativeTypeToScriptingClass (13ms)
	initialDomainReloadingComplete (25ms)
	LoadAllAssembliesAndSetupDomain (395ms)
		LoadAssemblies (240ms)
		RebuildTransferFunctionScriptingTraits (0ms)
		AnalyzeDomain (219ms)
			TypeCache.Refresh (216ms)
				TypeCache.ScanAssembly (204ms)
			ScanForSourceGeneratedMonoScriptInfo (0ms)
			ResolveRequiredComponents (3ms)
	FinalizeReload (718ms)
		ReleaseScriptCaches (0ms)
		RebuildScriptCaches (0ms)
		SetupLoadedEditorAssemblies (345ms)
			LogAssemblyErrors (0ms)
			InitializePlatformSupportModulesInManaged (4ms)
			SetLoadedEditorAssemblies (5ms)
			RefreshPlugins (0ms)
			BeforeProcessingInitializeOnLoad (62ms)
			ProcessInitializeOnLoadAttributes (241ms)
			ProcessInitializeOnLoadMethodAttributes (30ms)
			AfterProcessingInitializeOnLoad (3ms)
			EditorAssembliesLoaded (0ms)
		ExecutionOrderSort2 (0ms)
		AwakeInstancesAfterBackupRestoration (14ms)
Refreshing native plugins compatible for Editor in 3.19 ms, found 3 plugins.
Preloading 0 native plugins for Editor in 0.00 ms.
Unloading 2389 Unused Serialized files (Serialized files now loaded: 0)
Unloading 29 unused Assets / (32.2 KB). Loaded Objects now: 2893.
Memory consumption went from 103.6 MB to 103.6 MB.
Total: 4.936800 ms (FindLiveObjects: 0.373200 ms CreateObjectMapping: 0.205400 ms MarkObjects: 4.282400 ms  DeleteObjects: 0.073200 ms)

Prepare: number of updated asset objects reloaded= 0
AssetImportParameters requested are different than current active one (requested -> active):
  custom:video-decoder-webm-vp8: 9c59270c3fd7afecdb556c50c9e8de78 -> 
  custom:container-demuxer-ogg: 62fdf1f143b41e24485cea50d1cbac27 -> 
  custom:AudioImporter_EditorPlatform: d09bf68614088b80899f8185d706f6e7 -> 
  custom:video-decoder-ogg-theora: a1e56fd34408186e4bbccfd4996cb3dc -> 
  custom:framework-win-MediaFoundation: 216162199b28c13a410421893ffa2e32 -> 
  custom:video-encoder-webm-vp8: eb34c28f22e8b96e1ab97ce403110664 -> 
  custom:audio-decoder-ogg-vorbis: bf7c407c2cedff20999df2af8eb42d56 -> 
  custom:container-demuxer-webm: 4f35f7cbe854078d1ac9338744f61a02 -> 
  custom:audio-encoder-webm-vorbis: bf7c407c2cedff20999df2af8eb42d56 -> 
  custom:container-muxer-webm: aa71ff27fc2769a1b78a27578f13a17b -> 
========================================================================
Received Prepare
Begin MonoManager ReloadAssembly
- Loaded All Assemblies, in  0.478 seconds
Refreshing native plugins compatible for Editor in 2.01 ms, found 3 plugins.
Native extension for WindowsStandalone target not found
Mono: successfully reloaded assembly
- Finished resetting the current domain, in  0.654 seconds
Domain Reload Profiling: 1132ms
	BeginReloadAssembly (126ms)
		ExecutionOrderSort (0ms)
		DisableScriptedObjects (11ms)
		BackupInstance (0ms)
		ReleaseScriptingObjects (0ms)
		CreateAndSetChildDomain (37ms)
	RebuildCommonClasses (26ms)
	RebuildNativeTypeToScriptingClass (9ms)
	initialDomainReloadingComplete (21ms)
	LoadAllAssembliesAndSetupDomain (297ms)
		LoadAssemblies (184ms)
		RebuildTransferFunctionScriptingTraits (0ms)
		AnalyzeDomain (165ms)
			TypeCache.Refresh (162ms)
				TypeCache.ScanAssembly (153ms)
			ScanForSourceGeneratedMonoScriptInfo (0ms)
			ResolveRequiredComponents (3ms)
	FinalizeReload (654ms)
		ReleaseScriptCaches (0ms)
		RebuildScriptCaches (0ms)
		SetupLoadedEditorAssemblies (351ms)
			LogAssemblyErrors (0ms)
			InitializePlatformSupportModulesInManaged (4ms)
			SetLoadedEditorAssemblies (4ms)
			RefreshPlugins (0ms)
			BeforeProcessingInitializeOnLoad (51ms)
			ProcessInitializeOnLoadAttributes (256ms)
			ProcessInitializeOnLoadMethodAttributes (33ms)
			AfterProcessingInitializeOnLoad (3ms)
			EditorAssembliesLoaded (0ms)
		ExecutionOrderSort2 (0ms)
		AwakeInstancesAfterBackupRestoration (14ms)
Refreshing native plugins compatible for Editor in 3.37 ms, found 3 plugins.
Preloading 0 native plugins for Editor in 0.00 ms.
Unloading 2389 Unused Serialized files (Serialized files now loaded: 0)
Unloading 29 unused Assets / (32.2 KB). Loaded Objects now: 2897.
Memory consumption went from 103.6 MB to 103.6 MB.
Total: 5.850700 ms (FindLiveObjects: 0.500900 ms CreateObjectMapping: 0.242300 ms MarkObjects: 5.006500 ms  DeleteObjects: 0.099400 ms)

Prepare: number of updated asset objects reloaded= 0
AssetImportParameters requested are different than current active one (requested -> active):
  custom:video-decoder-webm-vp8: 9c59270c3fd7afecdb556c50c9e8de78 -> 
  custom:container-demuxer-ogg: 62fdf1f143b41e24485cea50d1cbac27 -> 
  custom:AudioImporter_EditorPlatform: d09bf68614088b80899f8185d706f6e7 -> 
  custom:video-decoder-ogg-theora: a1e56fd34408186e4bbccfd4996cb3dc -> 
  custom:framework-win-MediaFoundation: 216162199b28c13a410421893ffa2e32 -> 
  custom:video-encoder-webm-vp8: eb34c28f22e8b96e1ab97ce403110664 -> 
  custom:audio-decoder-ogg-vorbis: bf7c407c2cedff20999df2af8eb42d56 -> 
  custom:container-demuxer-webm: 4f35f7cbe854078d1ac9338744f61a02 -> 
  custom:audio-encoder-webm-vorbis: bf7c407c2cedff20999df2af8eb42d56 -> 
  custom:container-muxer-webm: aa71ff27fc2769a1b78a27578f13a17b -> 
========================================================================
Received Prepare
Begin MonoManager ReloadAssembly
- Loaded All Assemblies, in  0.470 seconds
Refreshing native plugins compatible for Editor in 2.03 ms, found 3 plugins.
Native extension for WindowsStandalone target not found
Mono: successfully reloaded assembly
- Finished resetting the current domain, in  0.619 seconds
Domain Reload Profiling: 1089ms
	BeginReloadAssembly (118ms)
		ExecutionOrderSort (0ms)
		DisableScriptedObjects (11ms)
		BackupInstance (0ms)
		ReleaseScriptingObjects (0ms)
		CreateAndSetChildDomain (32ms)
	RebuildCommonClasses (26ms)
	RebuildNativeTypeToScriptingClass (8ms)
	initialDomainReloadingComplete (21ms)
	LoadAllAssembliesAndSetupDomain (298ms)
		LoadAssemblies (179ms)
		RebuildTransferFunctionScriptingTraits (0ms)
		AnalyzeDomain (167ms)
			TypeCache.Refresh (165ms)
				TypeCache.ScanAssembly (156ms)
			ScanForSourceGeneratedMonoScriptInfo (0ms)
			ResolveRequiredComponents (2ms)
	FinalizeReload (619ms)
		ReleaseScriptCaches (0ms)
		RebuildScriptCaches (0ms)
		SetupLoadedEditorAssemblies (321ms)
			LogAssemblyErrors (0ms)
			InitializePlatformSupportModulesInManaged (4ms)
			SetLoadedEditorAssemblies (5ms)
			RefreshPlugins (0ms)
			BeforeProcessingInitializeOnLoad (53ms)
			ProcessInitializeOnLoadAttributes (223ms)
			ProcessInitializeOnLoadMethodAttributes (33ms)
			AfterProcessingInitializeOnLoad (4ms)
			EditorAssembliesLoaded (0ms)
		ExecutionOrderSort2 (0ms)
		AwakeInstancesAfterBackupRestoration (15ms)
Refreshing native plugins compatible for Editor in 3.54 ms, found 3 plugins.
Preloading 0 native plugins for Editor in 0.00 ms.
Unloading 2389 Unused Serialized files (Serialized files now loaded: 0)
Unloading 29 unused Assets / (32.2 KB). Loaded Objects now: 2901.
Memory consumption went from 103.6 MB to 103.6 MB.
Total: 5.472200 ms (FindLiveObjects: 0.415000 ms CreateObjectMapping: 0.222100 ms MarkObjects: 4.758800 ms  DeleteObjects: 0.074800 ms)

Prepare: number of updated asset objects reloaded= 0
AssetImportParameters requested are different than current active one (requested -> active):
  custom:video-decoder-webm-vp8: 9c59270c3fd7afecdb556c50c9e8de78 -> 
  custom:container-demuxer-ogg: 62fdf1f143b41e24485cea50d1cbac27 -> 
  custom:AudioImporter_EditorPlatform: d09bf68614088b80899f8185d706f6e7 -> 
  custom:video-decoder-ogg-theora: a1e56fd34408186e4bbccfd4996cb3dc -> 
  custom:framework-win-MediaFoundation: 216162199b28c13a410421893ffa2e32 -> 
  custom:video-encoder-webm-vp8: eb34c28f22e8b96e1ab97ce403110664 -> 
  custom:audio-decoder-ogg-vorbis: bf7c407c2cedff20999df2af8eb42d56 -> 
  custom:container-demuxer-webm: 4f35f7cbe854078d1ac9338744f61a02 -> 
  custom:audio-encoder-webm-vorbis: bf7c407c2cedff20999df2af8eb42d56 -> 
  custom:container-muxer-webm: aa71ff27fc2769a1b78a27578f13a17b -> 
========================================================================
Received Prepare
Begin MonoManager ReloadAssembly
- Loaded All Assemblies, in  0.535 seconds
Refreshing native plugins compatible for Editor in 1.99 ms, found 3 plugins.
Native extension for WindowsStandalone target not found
Mono: successfully reloaded assembly
- Finished resetting the current domain, in  0.735 seconds
Domain Reload Profiling: 1268ms
	BeginReloadAssembly (139ms)
		ExecutionOrderSort (0ms)
		DisableScriptedObjects (11ms)
		BackupInstance (0ms)
		ReleaseScriptingObjects (0ms)
		CreateAndSetChildDomain (37ms)
	RebuildCommonClasses (35ms)
	RebuildNativeTypeToScriptingClass (10ms)
	initialDomainReloadingComplete (28ms)
	LoadAllAssembliesAndSetupDomain (322ms)
		LoadAssemblies (210ms)
		RebuildTransferFunctionScriptingTraits (0ms)
		AnalyzeDomain (173ms)
			TypeCache.Refresh (168ms)
				TypeCache.ScanAssembly (157ms)
			ScanForSourceGeneratedMonoScriptInfo (3ms)
			ResolveRequiredComponents (2ms)
	FinalizeReload (735ms)
		ReleaseScriptCaches (0ms)
		RebuildScriptCaches (0ms)
		SetupLoadedEditorAssemblies (369ms)
			LogAssemblyErrors (0ms)
			InitializePlatformSupportModulesInManaged (5ms)
			SetLoadedEditorAssemblies (5ms)
			RefreshPlugins (0ms)
			BeforeProcessingInitializeOnLoad (67ms)
			ProcessInitializeOnLoadAttributes (257ms)
			ProcessInitializeOnLoadMethodAttributes (32ms)
			AfterProcessingInitializeOnLoad (3ms)
			EditorAssembliesLoaded (0ms)
		ExecutionOrderSort2 (0ms)
		AwakeInstancesAfterBackupRestoration (13ms)
Refreshing native plugins compatible for Editor in 3.19 ms, found 3 plugins.
Preloading 0 native plugins for Editor in 0.00 ms.
Unloading 2389 Unused Serialized files (Serialized files now loaded: 0)
Unloading 29 unused Assets / (32.2 KB). Loaded Objects now: 2905.
Memory consumption went from 103.6 MB to 103.6 MB.
Total: 4.408700 ms (FindLiveObjects: 0.372600 ms CreateObjectMapping: 0.165900 ms MarkObjects: 3.809200 ms  DeleteObjects: 0.059800 ms)

Prepare: number of updated asset objects reloaded= 0
AssetImportParameters requested are different than current active one (requested -> active):
  custom:video-decoder-webm-vp8: 9c59270c3fd7afecdb556c50c9e8de78 -> 
  custom:container-demuxer-ogg: 62fdf1f143b41e24485cea50d1cbac27 -> 
  custom:AudioImporter_EditorPlatform: d09bf68614088b80899f8185d706f6e7 -> 
  custom:video-decoder-ogg-theora: a1e56fd34408186e4bbccfd4996cb3dc -> 
  custom:framework-win-MediaFoundation: 216162199b28c13a410421893ffa2e32 -> 
  custom:video-encoder-webm-vp8: eb34c28f22e8b96e1ab97ce403110664 -> 
  custom:audio-decoder-ogg-vorbis: bf7c407c2cedff20999df2af8eb42d56 -> 
  custom:container-demuxer-webm: 4f35f7cbe854078d1ac9338744f61a02 -> 
  custom:audio-encoder-webm-vorbis: bf7c407c2cedff20999df2af8eb42d56 -> 
  custom:container-muxer-webm: aa71ff27fc2769a1b78a27578f13a17b -> 
========================================================================
Received Prepare
Begin MonoManager ReloadAssembly
- Loaded All Assemblies, in  0.484 seconds
Refreshing native plugins compatible for Editor in 2.59 ms, found 3 plugins.
Native extension for WindowsStandalone target not found
Mono: successfully reloaded assembly
- Finished resetting the current domain, in  0.628 seconds
Domain Reload Profiling: 1112ms
	BeginReloadAssembly (127ms)
		ExecutionOrderSort (0ms)
		DisableScriptedObjects (11ms)
		BackupInstance (0ms)
		ReleaseScriptingObjects (0ms)
		CreateAndSetChildDomain (35ms)
	RebuildCommonClasses (26ms)
	RebuildNativeTypeToScriptingClass (8ms)
	initialDomainReloadingComplete (24ms)
	LoadAllAssembliesAndSetupDomain (297ms)
		LoadAssemblies (188ms)
		RebuildTransferFunctionScriptingTraits (0ms)
		AnalyzeDomain (164ms)
			TypeCache.Refresh (161ms)
				TypeCache.ScanAssembly (152ms)
			ScanForSourceGeneratedMonoScriptInfo (0ms)
			ResolveRequiredComponents (2ms)
	FinalizeReload (629ms)
		ReleaseScriptCaches (0ms)
		RebuildScriptCaches (0ms)
		SetupLoadedEditorAssemblies (309ms)
			LogAssemblyErrors (0ms)
			InitializePlatformSupportModulesInManaged (4ms)
			SetLoadedEditorAssemblies (4ms)
			RefreshPlugins (0ms)
			BeforeProcessingInitializeOnLoad (49ms)
			ProcessInitializeOnLoadAttributes (218ms)
			ProcessInitializeOnLoadMethodAttributes (32ms)
			AfterProcessingInitializeOnLoad (3ms)
			EditorAssembliesLoaded (0ms)
		ExecutionOrderSort2 (0ms)
		AwakeInstancesAfterBackupRestoration (13ms)
Refreshing native plugins compatible for Editor in 3.45 ms, found 3 plugins.
Preloading 0 native plugins for Editor in 0.00 ms.
Unloading 2389 Unused Serialized files (Serialized files now loaded: 0)
Unloading 29 unused Assets / (32.2 KB). Loaded Objects now: 2909.
Memory consumption went from 103.6 MB to 103.6 MB.
Total: 6.425700 ms (FindLiveObjects: 0.360000 ms CreateObjectMapping: 0.289800 ms MarkObjects: 5.686100 ms  DeleteObjects: 0.088400 ms)

Prepare: number of updated asset objects reloaded= 0
AssetImportParameters requested are different than current active one (requested -> active):
  custom:video-decoder-webm-vp8: 9c59270c3fd7afecdb556c50c9e8de78 -> 
  custom:container-demuxer-ogg: 62fdf1f143b41e24485cea50d1cbac27 -> 
  custom:AudioImporter_EditorPlatform: d09bf68614088b80899f8185d706f6e7 -> 
  custom:video-decoder-ogg-theora: a1e56fd34408186e4bbccfd4996cb3dc -> 
  custom:framework-win-MediaFoundation: 216162199b28c13a410421893ffa2e32 -> 
  custom:video-encoder-webm-vp8: eb34c28f22e8b96e1ab97ce403110664 -> 
  custom:audio-decoder-ogg-vorbis: bf7c407c2cedff20999df2af8eb42d56 -> 
  custom:container-demuxer-webm: 4f35f7cbe854078d1ac9338744f61a02 -> 
  custom:audio-encoder-webm-vorbis: bf7c407c2cedff20999df2af8eb42d56 -> 
  custom:container-muxer-webm: aa71ff27fc2769a1b78a27578f13a17b -> 
========================================================================
Received Prepare
Begin MonoManager ReloadAssembly
- Loaded All Assemblies, in  0.528 seconds
Refreshing native plugins compatible for Editor in 1.96 ms, found 3 plugins.
Native extension for WindowsStandalone target not found
Mono: successfully reloaded assembly
- Finished resetting the current domain, in  0.622 seconds
Domain Reload Profiling: 1149ms
	BeginReloadAssembly (134ms)
		ExecutionOrderSort (0ms)
		DisableScriptedObjects (12ms)
		BackupInstance (0ms)
		ReleaseScriptingObjects (0ms)
		CreateAndSetChildDomain (36ms)
	RebuildCommonClasses (32ms)
	RebuildNativeTypeToScriptingClass (9ms)
	initialDomainReloadingComplete (21ms)
	LoadAllAssembliesAndSetupDomain (332ms)
		LoadAssemblies (196ms)
		RebuildTransferFunctionScriptingTraits (0ms)
		AnalyzeDomain (195ms)
			TypeCache.Refresh (190ms)
				TypeCache.ScanAssembly (182ms)
			ScanForSourceGeneratedMonoScriptInfo (2ms)
			ResolveRequiredComponents (3ms)
	FinalizeReload (622ms)
		ReleaseScriptCaches (0ms)
		RebuildScriptCaches (0ms)
		SetupLoadedEditorAssemblies (302ms)
			LogAssemblyErrors (0ms)
			InitializePlatformSupportModulesInManaged (4ms)
			SetLoadedEditorAssemblies (4ms)
			RefreshPlugins (0ms)
			BeforeProcessingInitializeOnLoad (47ms)
			ProcessInitializeOnLoadAttributes (217ms)
			ProcessInitializeOnLoadMethodAttributes (27ms)
			AfterProcessingInitializeOnLoad (3ms)
			EditorAssembliesLoaded (0ms)
		ExecutionOrderSort2 (0ms)
		AwakeInstancesAfterBackupRestoration (13ms)
Refreshing native plugins compatible for Editor in 3.23 ms, found 3 plugins.
Preloading 0 native plugins for Editor in 0.00 ms.
Unloading 2389 Unused Serialized files (Serialized files now loaded: 0)
Unloading 29 unused Assets / (32.2 KB). Loaded Objects now: 2913.
Memory consumption went from 103.6 MB to 103.6 MB.
Total: 4.275000 ms (FindLiveObjects: 0.337200 ms CreateObjectMapping: 0.088200 ms MarkObjects: 3.778400 ms  DeleteObjects: 0.070200 ms)

Prepare: number of updated asset objects reloaded= 0
AssetImportParameters requested are different than current active one (requested -> active):
  custom:video-decoder-webm-vp8: 9c59270c3fd7afecdb556c50c9e8de78 -> 
  custom:container-demuxer-ogg: 62fdf1f143b41e24485cea50d1cbac27 -> 
  custom:AudioImporter_EditorPlatform: d09bf68614088b80899f8185d706f6e7 -> 
  custom:video-decoder-ogg-theora: a1e56fd34408186e4bbccfd4996cb3dc -> 
  custom:framework-win-MediaFoundation: 216162199b28c13a410421893ffa2e32 -> 
  custom:video-encoder-webm-vp8: eb34c28f22e8b96e1ab97ce403110664 -> 
  custom:audio-decoder-ogg-vorbis: bf7c407c2cedff20999df2af8eb42d56 -> 
  custom:container-demuxer-webm: 4f35f7cbe854078d1ac9338744f61a02 -> 
  custom:audio-encoder-webm-vorbis: bf7c407c2cedff20999df2af8eb42d56 -> 
  custom:container-muxer-webm: aa71ff27fc2769a1b78a27578f13a17b -> 
========================================================================
Received Prepare
Begin MonoManager ReloadAssembly
- Loaded All Assemblies, in  0.512 seconds
Refreshing native plugins compatible for Editor in 2.95 ms, found 3 plugins.
Native extension for WindowsStandalone target not found
Mono: successfully reloaded assembly
- Finished resetting the current domain, in  0.631 seconds
Domain Reload Profiling: 1143ms
	BeginReloadAssembly (138ms)
		ExecutionOrderSort (0ms)
		DisableScriptedObjects (14ms)
		BackupInstance (0ms)
		ReleaseScriptingObjects (0ms)
		CreateAndSetChildDomain (36ms)
	RebuildCommonClasses (33ms)
	RebuildNativeTypeToScriptingClass (9ms)
	initialDomainReloadingComplete (21ms)
	LoadAllAssembliesAndSetupDomain (310ms)
		LoadAssemblies (190ms)
		RebuildTransferFunctionScriptingTraits (0ms)
		AnalyzeDomain (178ms)
			TypeCache.Refresh (174ms)
				TypeCache.ScanAssembly (164ms)
			ScanForSourceGeneratedMonoScriptInfo (0ms)
			ResolveRequiredComponents (4ms)
	FinalizeReload (632ms)
		ReleaseScriptCaches (0ms)
		RebuildScriptCaches (0ms)
		SetupLoadedEditorAssemblies (324ms)
			LogAssemblyErrors (0ms)
			InitializePlatformSupportModulesInManaged (5ms)
			SetLoadedEditorAssemblies (4ms)
			RefreshPlugins (0ms)
			BeforeProcessingInitializeOnLoad (50ms)
			ProcessInitializeOnLoadAttributes (229ms)
			ProcessInitializeOnLoadMethodAttributes (32ms)
			AfterProcessingInitializeOnLoad (3ms)
			EditorAssembliesLoaded (0ms)
		ExecutionOrderSort2 (0ms)
		AwakeInstancesAfterBackupRestoration (14ms)
Refreshing native plugins compatible for Editor in 3.76 ms, found 3 plugins.
Preloading 0 native plugins for Editor in 0.00 ms.
Unloading 2389 Unused Serialized files (Serialized files now loaded: 0)
Unloading 29 unused Assets / (32.2 KB). Loaded Objects now: 2917.
Memory consumption went from 103.6 MB to 103.6 MB.
Total: 4.971500 ms (FindLiveObjects: 0.390700 ms CreateObjectMapping: 0.186700 ms MarkObjects: 4.319600 ms  DeleteObjects: 0.073100 ms)

Prepare: number of updated asset objects reloaded= 0
AssetImportParameters requested are different than current active one (requested -> active):
  custom:video-decoder-webm-vp8: 9c59270c3fd7afecdb556c50c9e8de78 -> 
  custom:container-demuxer-ogg: 62fdf1f143b41e24485cea50d1cbac27 -> 
  custom:AudioImporter_EditorPlatform: d09bf68614088b80899f8185d706f6e7 -> 
  custom:video-decoder-ogg-theora: a1e56fd34408186e4bbccfd4996cb3dc -> 
  custom:framework-win-MediaFoundation: 216162199b28c13a410421893ffa2e32 -> 
  custom:video-encoder-webm-vp8: eb34c28f22e8b96e1ab97ce403110664 -> 
  custom:audio-decoder-ogg-vorbis: bf7c407c2cedff20999df2af8eb42d56 -> 
  custom:container-demuxer-webm: 4f35f7cbe854078d1ac9338744f61a02 -> 
  custom:audio-encoder-webm-vorbis: bf7c407c2cedff20999df2af8eb42d56 -> 
  custom:container-muxer-webm: aa71ff27fc2769a1b78a27578f13a17b -> 
========================================================================
Received Prepare
Begin MonoManager ReloadAssembly
- Loaded All Assemblies, in  0.524 seconds
Refreshing native plugins compatible for Editor in 2.22 ms, found 3 plugins.
Native extension for WindowsStandalone target not found
Mono: successfully reloaded assembly
- Finished resetting the current domain, in  0.612 seconds
Domain Reload Profiling: 1136ms
	BeginReloadAssembly (128ms)
		ExecutionOrderSort (0ms)
		DisableScriptedObjects (10ms)
		BackupInstance (0ms)
		ReleaseScriptingObjects (0ms)
		CreateAndSetChildDomain (33ms)
	RebuildCommonClasses (25ms)
	RebuildNativeTypeToScriptingClass (12ms)
	initialDomainReloadingComplete (22ms)
	LoadAllAssembliesAndSetupDomain (336ms)
		LoadAssemblies (191ms)
		RebuildTransferFunctionScriptingTraits (0ms)
		AnalyzeDomain (202ms)
			TypeCache.Refresh (197ms)
				TypeCache.ScanAssembly (186ms)
			ScanForSourceGeneratedMonoScriptInfo (2ms)
			ResolveRequiredComponents (3ms)
	FinalizeReload (612ms)
		ReleaseScriptCaches (0ms)
		RebuildScriptCaches (0ms)
		SetupLoadedEditorAssemblies (302ms)
			LogAssemblyErrors (0ms)
			InitializePlatformSupportModulesInManaged (4ms)
			SetLoadedEditorAssemblies (4ms)
			RefreshPlugins (0ms)
			BeforeProcessingInitializeOnLoad (49ms)
			ProcessInitializeOnLoadAttributes (218ms)
			ProcessInitializeOnLoadMethodAttributes (26ms)
			AfterProcessingInitializeOnLoad (2ms)
			EditorAssembliesLoaded (0ms)
		ExecutionOrderSort2 (0ms)
		AwakeInstancesAfterBackupRestoration (11ms)
Refreshing native plugins compatible for Editor in 2.86 ms, found 3 plugins.
Preloading 0 native plugins for Editor in 0.00 ms.
Unloading 2389 Unused Serialized files (Serialized files now loaded: 0)
Unloading 29 unused Assets / (32.1 KB). Loaded Objects now: 2921.
Memory consumption went from 103.6 MB to 103.6 MB.
Total: 4.484900 ms (FindLiveObjects: 0.380200 ms CreateObjectMapping: 0.139800 ms MarkObjects: 3.892600 ms  DeleteObjects: 0.071100 ms)

Prepare: number of updated asset objects reloaded= 0
AssetImportParameters requested are different than current active one (requested -> active):
  custom:video-decoder-webm-vp8: 9c59270c3fd7afecdb556c50c9e8de78 -> 
  custom:container-demuxer-ogg: 62fdf1f143b41e24485cea50d1cbac27 -> 
  custom:AudioImporter_EditorPlatform: d09bf68614088b80899f8185d706f6e7 -> 
  custom:video-decoder-ogg-theora: a1e56fd34408186e4bbccfd4996cb3dc -> 
  custom:framework-win-MediaFoundation: 216162199b28c13a410421893ffa2e32 -> 
  custom:video-encoder-webm-vp8: eb34c28f22e8b96e1ab97ce403110664 -> 
  custom:audio-decoder-ogg-vorbis: bf7c407c2cedff20999df2af8eb42d56 -> 
  custom:container-demuxer-webm: 4f35f7cbe854078d1ac9338744f61a02 -> 
  custom:audio-encoder-webm-vorbis: bf7c407c2cedff20999df2af8eb42d56 -> 
  custom:container-muxer-webm: aa71ff27fc2769a1b78a27578f13a17b -> 
========================================================================
Received Prepare
Begin MonoManager ReloadAssembly
- Loaded All Assemblies, in  0.516 seconds
Refreshing native plugins compatible for Editor in 2.49 ms, found 3 plugins.
Native extension for WindowsStandalone target not found
Mono: successfully reloaded assembly
- Finished resetting the current domain, in  0.691 seconds
Domain Reload Profiling: 1208ms
	BeginReloadAssembly (134ms)
		ExecutionOrderSort (0ms)
		DisableScriptedObjects (10ms)
		BackupInstance (0ms)
		ReleaseScriptingObjects (0ms)
		CreateAndSetChildDomain (37ms)
	RebuildCommonClasses (30ms)
	RebuildNativeTypeToScriptingClass (12ms)
	initialDomainReloadingComplete (23ms)
	LoadAllAssembliesAndSetupDomain (317ms)
		LoadAssemblies (193ms)
		RebuildTransferFunctionScriptingTraits (0ms)
		AnalyzeDomain (184ms)
			TypeCache.Refresh (182ms)
				TypeCache.ScanAssembly (171ms)
			ScanForSourceGeneratedMonoScriptInfo (0ms)
			ResolveRequiredComponents (2ms)
	FinalizeReload (692ms)
		ReleaseScriptCaches (0ms)
		RebuildScriptCaches (0ms)
		SetupLoadedEditorAssemblies (342ms)
			LogAssemblyErrors (0ms)
			InitializePlatformSupportModulesInManaged (4ms)
			SetLoadedEditorAssemblies (4ms)
			RefreshPlugins (0ms)
			BeforeProcessingInitializeOnLoad (60ms)
			ProcessInitializeOnLoadAttributes (233ms)
			ProcessInitializeOnLoadMethodAttributes (37ms)
			AfterProcessingInitializeOnLoad (3ms)
			EditorAssembliesLoaded (0ms)
		ExecutionOrderSort2 (0ms)
		AwakeInstancesAfterBackupRestoration (14ms)
Refreshing native plugins compatible for Editor in 5.80 ms, found 3 plugins.
Preloading 0 native plugins for Editor in 0.00 ms.
Unloading 2389 Unused Serialized files (Serialized files now loaded: 0)
Unloading 29 unused Assets / (32.2 KB). Loaded Objects now: 2925.
Memory consumption went from 103.6 MB to 103.6 MB.
Total: 5.701100 ms (FindLiveObjects: 0.435900 ms CreateObjectMapping: 0.416300 ms MarkObjects: 4.748800 ms  DeleteObjects: 0.098700 ms)

Prepare: number of updated asset objects reloaded= 0
AssetImportParameters requested are different than current active one (requested -> active):
  custom:video-decoder-webm-vp8: 9c59270c3fd7afecdb556c50c9e8de78 -> 
  custom:container-demuxer-ogg: 62fdf1f143b41e24485cea50d1cbac27 -> 
  custom:AudioImporter_EditorPlatform: d09bf68614088b80899f8185d706f6e7 -> 
  custom:video-decoder-ogg-theora: a1e56fd34408186e4bbccfd4996cb3dc -> 
  custom:framework-win-MediaFoundation: 216162199b28c13a410421893ffa2e32 -> 
  custom:video-encoder-webm-vp8: eb34c28f22e8b96e1ab97ce403110664 -> 
  custom:audio-decoder-ogg-vorbis: bf7c407c2cedff20999df2af8eb42d56 -> 
  custom:container-demuxer-webm: 4f35f7cbe854078d1ac9338744f61a02 -> 
  custom:audio-encoder-webm-vorbis: bf7c407c2cedff20999df2af8eb42d56 -> 
  custom:container-muxer-webm: aa71ff27fc2769a1b78a27578f13a17b -> 
========================================================================
Received Prepare
Begin MonoManager ReloadAssembly
- Loaded All Assemblies, in  0.606 seconds
Refreshing native plugins compatible for Editor in 2.60 ms, found 3 plugins.
Native extension for WindowsStandalone target not found
Mono: successfully reloaded assembly
- Finished resetting the current domain, in  0.629 seconds
Domain Reload Profiling: 1234ms
	BeginReloadAssembly (151ms)
		ExecutionOrderSort (0ms)
		DisableScriptedObjects (13ms)
		BackupInstance (0ms)
		ReleaseScriptingObjects (0ms)
		CreateAndSetChildDomain (41ms)
	RebuildCommonClasses (35ms)
	RebuildNativeTypeToScriptingClass (13ms)
	initialDomainReloadingComplete (24ms)
	LoadAllAssembliesAndSetupDomain (383ms)
		LoadAssemblies (227ms)
		RebuildTransferFunctionScriptingTraits (0ms)
		AnalyzeDomain (224ms)
			TypeCache.Refresh (218ms)
				TypeCache.ScanAssembly (205ms)
			ScanForSourceGeneratedMonoScriptInfo (3ms)
			ResolveRequiredComponents (3ms)
	FinalizeReload (629ms)
		ReleaseScriptCaches (0ms)
		RebuildScriptCaches (0ms)
		SetupLoadedEditorAssemblies (294ms)
			LogAssemblyErrors (0ms)
			InitializePlatformSupportModulesInManaged (5ms)
			SetLoadedEditorAssemblies (5ms)
			RefreshPlugins (0ms)
			BeforeProcessingInitializeOnLoad (55ms)
			ProcessInitializeOnLoadAttributes (200ms)
			ProcessInitializeOnLoadMethodAttributes (26ms)
			AfterProcessingInitializeOnLoad (2ms)
			EditorAssembliesLoaded (0ms)
		ExecutionOrderSort2 (0ms)
		AwakeInstancesAfterBackupRestoration (14ms)
Refreshing native plugins compatible for Editor in 3.21 ms, found 3 plugins.
Preloading 0 native plugins for Editor in 0.00 ms.
Unloading 2389 Unused Serialized files (Serialized files now loaded: 0)
Unloading 29 unused Assets / (32.2 KB). Loaded Objects now: 2929.
Memory consumption went from 103.6 MB to 103.6 MB.
Total: 4.804900 ms (FindLiveObjects: 0.386900 ms CreateObjectMapping: 0.161600 ms MarkObjects: 4.167800 ms  DeleteObjects: 0.086900 ms)

Prepare: number of updated asset objects reloaded= 0
AssetImportParameters requested are different than current active one (requested -> active):
  custom:video-decoder-webm-vp8: 9c59270c3fd7afecdb556c50c9e8de78 -> 
  custom:container-demuxer-ogg: 62fdf1f143b41e24485cea50d1cbac27 -> 
  custom:AudioImporter_EditorPlatform: d09bf68614088b80899f8185d706f6e7 -> 
  custom:video-decoder-ogg-theora: a1e56fd34408186e4bbccfd4996cb3dc -> 
  custom:framework-win-MediaFoundation: 216162199b28c13a410421893ffa2e32 -> 
  custom:video-encoder-webm-vp8: eb34c28f22e8b96e1ab97ce403110664 -> 
  custom:audio-decoder-ogg-vorbis: bf7c407c2cedff20999df2af8eb42d56 -> 
  custom:container-demuxer-webm: 4f35f7cbe854078d1ac9338744f61a02 -> 
  custom:audio-encoder-webm-vorbis: bf7c407c2cedff20999df2af8eb42d56 -> 
  custom:container-muxer-webm: aa71ff27fc2769a1b78a27578f13a17b -> 
========================================================================
Received Prepare
Begin MonoManager ReloadAssembly
- Loaded All Assemblies, in  0.512 seconds
Refreshing native plugins compatible for Editor in 2.15 ms, found 3 plugins.
Native extension for WindowsStandalone target not found
Mono: successfully reloaded assembly
- Finished resetting the current domain, in  0.610 seconds
Domain Reload Profiling: 1122ms
	BeginReloadAssembly (135ms)
		ExecutionOrderSort (0ms)
		DisableScriptedObjects (11ms)
		BackupInstance (0ms)
		ReleaseScriptingObjects (0ms)
		CreateAndSetChildDomain (31ms)
	RebuildCommonClasses (36ms)
	RebuildNativeTypeToScriptingClass (12ms)
	initialDomainReloadingComplete (22ms)
	LoadAllAssembliesAndSetupDomain (306ms)
		LoadAssemblies (200ms)
		RebuildTransferFunctionScriptingTraits (0ms)
		AnalyzeDomain (173ms)
			TypeCache.Refresh (170ms)
				TypeCache.ScanAssembly (161ms)
			ScanForSourceGeneratedMonoScriptInfo (0ms)
			ResolveRequiredComponents (2ms)
	FinalizeReload (611ms)
		ReleaseScriptCaches (0ms)
		RebuildScriptCaches (0ms)
		SetupLoadedEditorAssemblies (313ms)
			LogAssemblyErrors (0ms)
			InitializePlatformSupportModulesInManaged (4ms)
			SetLoadedEditorAssemblies (4ms)
			RefreshPlugins (0ms)
			BeforeProcessingInitializeOnLoad (50ms)
			ProcessInitializeOnLoadAttributes (220ms)
			ProcessInitializeOnLoadMethodAttributes (32ms)
			AfterProcessingInitializeOnLoad (3ms)
			EditorAssembliesLoaded (0ms)
		ExecutionOrderSort2 (0ms)
		AwakeInstancesAfterBackupRestoration (14ms)
Refreshing native plugins compatible for Editor in 4.22 ms, found 3 plugins.
Preloading 0 native plugins for Editor in 0.00 ms.
Unloading 2389 Unused Serialized files (Serialized files now loaded: 0)
Unloading 29 unused Assets / (32.2 KB). Loaded Objects now: 2933.
Memory consumption went from 103.7 MB to 103.6 MB.
Total: 5.421000 ms (FindLiveObjects: 0.334700 ms CreateObjectMapping: 0.263700 ms MarkObjects: 4.736200 ms  DeleteObjects: 0.085200 ms)

Prepare: number of updated asset objects reloaded= 0
AssetImportParameters requested are different than current active one (requested -> active):
  custom:video-decoder-webm-vp8: 9c59270c3fd7afecdb556c50c9e8de78 -> 
  custom:container-demuxer-ogg: 62fdf1f143b41e24485cea50d1cbac27 -> 
  custom:AudioImporter_EditorPlatform: d09bf68614088b80899f8185d706f6e7 -> 
  custom:video-decoder-ogg-theora: a1e56fd34408186e4bbccfd4996cb3dc -> 
  custom:framework-win-MediaFoundation: 216162199b28c13a410421893ffa2e32 -> 
  custom:video-encoder-webm-vp8: eb34c28f22e8b96e1ab97ce403110664 -> 
  custom:audio-decoder-ogg-vorbis: bf7c407c2cedff20999df2af8eb42d56 -> 
  custom:container-demuxer-webm: 4f35f7cbe854078d1ac9338744f61a02 -> 
  custom:audio-encoder-webm-vorbis: bf7c407c2cedff20999df2af8eb42d56 -> 
  custom:container-muxer-webm: aa71ff27fc2769a1b78a27578f13a17b -> 
========================================================================
Received Prepare
Begin MonoManager ReloadAssembly
- Loaded All Assemblies, in  0.499 seconds
Refreshing native plugins compatible for Editor in 2.51 ms, found 3 plugins.
Native extension for WindowsStandalone target not found
Mono: successfully reloaded assembly
- Finished resetting the current domain, in  0.703 seconds
Domain Reload Profiling: 1201ms
	BeginReloadAssembly (131ms)
		ExecutionOrderSort (0ms)
		DisableScriptedObjects (10ms)
		BackupInstance (0ms)
		ReleaseScriptingObjects (0ms)
		CreateAndSetChildDomain (38ms)
	RebuildCommonClasses (27ms)
	RebuildNativeTypeToScriptingClass (8ms)
	initialDomainReloadingComplete (22ms)
	LoadAllAssembliesAndSetupDomain (310ms)
		LoadAssemblies (193ms)
		RebuildTransferFunctionScriptingTraits (0ms)
		AnalyzeDomain (172ms)
			TypeCache.Refresh (167ms)
				TypeCache.ScanAssembly (158ms)
			ScanForSourceGeneratedMonoScriptInfo (2ms)
			ResolveRequiredComponents (2ms)
	FinalizeReload (703ms)
		ReleaseScriptCaches (0ms)
		RebuildScriptCaches (0ms)
		SetupLoadedEditorAssemblies (361ms)
			LogAssemblyErrors (0ms)
			InitializePlatformSupportModulesInManaged (5ms)
			SetLoadedEditorAssemblies (5ms)
			RefreshPlugins (0ms)
			BeforeProcessingInitializeOnLoad (62ms)
			ProcessInitializeOnLoadAttributes (258ms)
			ProcessInitializeOnLoadMethodAttributes (28ms)
			AfterProcessingInitializeOnLoad (2ms)
			EditorAssembliesLoaded (0ms)
		ExecutionOrderSort2 (0ms)
		AwakeInstancesAfterBackupRestoration (12ms)
Refreshing native plugins compatible for Editor in 2.95 ms, found 3 plugins.
Preloading 0 native plugins for Editor in 0.00 ms.
Unloading 2389 Unused Serialized files (Serialized files now loaded: 0)
Unloading 29 unused Assets / (32.2 KB). Loaded Objects now: 2937.
Memory consumption went from 103.7 MB to 103.6 MB.
Total: 4.369100 ms (FindLiveObjects: 0.334700 ms CreateObjectMapping: 0.170700 ms MarkObjects: 3.804800 ms  DeleteObjects: 0.057600 ms)

Prepare: number of updated asset objects reloaded= 0
AssetImportParameters requested are different than current active one (requested -> active):
  custom:video-decoder-webm-vp8: 9c59270c3fd7afecdb556c50c9e8de78 -> 
  custom:container-demuxer-ogg: 62fdf1f143b41e24485cea50d1cbac27 -> 
  custom:AudioImporter_EditorPlatform: d09bf68614088b80899f8185d706f6e7 -> 
  custom:video-decoder-ogg-theora: a1e56fd34408186e4bbccfd4996cb3dc -> 
  custom:framework-win-MediaFoundation: 216162199b28c13a410421893ffa2e32 -> 
  custom:video-encoder-webm-vp8: eb34c28f22e8b96e1ab97ce403110664 -> 
  custom:audio-decoder-ogg-vorbis: bf7c407c2cedff20999df2af8eb42d56 -> 
  custom:container-demuxer-webm: 4f35f7cbe854078d1ac9338744f61a02 -> 
  custom:audio-encoder-webm-vorbis: bf7c407c2cedff20999df2af8eb42d56 -> 
  custom:container-muxer-webm: aa71ff27fc2769a1b78a27578f13a17b -> 
========================================================================
Received Prepare
Begin MonoManager ReloadAssembly
- Loaded All Assemblies, in  0.602 seconds
Refreshing native plugins compatible for Editor in 3.03 ms, found 3 plugins.
Native extension for WindowsStandalone target not found
Mono: successfully reloaded assembly
- Finished resetting the current domain, in  0.693 seconds
Domain Reload Profiling: 1295ms
	BeginReloadAssembly (133ms)
		ExecutionOrderSort (0ms)
		DisableScriptedObjects (14ms)
		BackupInstance (0ms)
		ReleaseScriptingObjects (0ms)
		CreateAndSetChildDomain (33ms)
	RebuildCommonClasses (25ms)
	RebuildNativeTypeToScriptingClass (8ms)
	initialDomainReloadingComplete (22ms)
	LoadAllAssembliesAndSetupDomain (413ms)
		LoadAssemblies (233ms)
		RebuildTransferFunctionScriptingTraits (0ms)
		AnalyzeDomain (239ms)
			TypeCache.Refresh (235ms)
				TypeCache.ScanAssembly (225ms)
			ScanForSourceGeneratedMonoScriptInfo (0ms)
			ResolveRequiredComponents (4ms)
	FinalizeReload (694ms)
		ReleaseScriptCaches (0ms)
		RebuildScriptCaches (0ms)
		SetupLoadedEditorAssemblies (346ms)
			LogAssemblyErrors (0ms)
			InitializePlatformSupportModulesInManaged (4ms)
			SetLoadedEditorAssemblies (4ms)
			RefreshPlugins (0ms)
			BeforeProcessingInitializeOnLoad (53ms)
			ProcessInitializeOnLoadAttributes (249ms)
			ProcessInitializeOnLoadMethodAttributes (33ms)
			AfterProcessingInitializeOnLoad (3ms)
			EditorAssembliesLoaded (0ms)
		ExecutionOrderSort2 (0ms)
		AwakeInstancesAfterBackupRestoration (15ms)
Refreshing native plugins compatible for Editor in 5.14 ms, found 3 plugins.
Preloading 0 native plugins for Editor in 0.00 ms.
Unloading 2389 Unused Serialized files (Serialized files now loaded: 0)
Unloading 29 unused Assets / (32.2 KB). Loaded Objects now: 2941.
Memory consumption went from 103.7 MB to 103.6 MB.
Total: 6.426700 ms (FindLiveObjects: 0.391200 ms CreateObjectMapping: 0.937800 ms MarkObjects: 5.008600 ms  DeleteObjects: 0.087400 ms)

Prepare: number of updated asset objects reloaded= 0
AssetImportParameters requested are different than current active one (requested -> active):
  custom:video-decoder-webm-vp8: 9c59270c3fd7afecdb556c50c9e8de78 -> 
  custom:container-demuxer-ogg: 62fdf1f143b41e24485cea50d1cbac27 -> 
  custom:AudioImporter_EditorPlatform: d09bf68614088b80899f8185d706f6e7 -> 
  custom:video-decoder-ogg-theora: a1e56fd34408186e4bbccfd4996cb3dc -> 
  custom:framework-win-MediaFoundation: 216162199b28c13a410421893ffa2e32 -> 
  custom:video-encoder-webm-vp8: eb34c28f22e8b96e1ab97ce403110664 -> 
  custom:audio-decoder-ogg-vorbis: bf7c407c2cedff20999df2af8eb42d56 -> 
  custom:container-demuxer-webm: 4f35f7cbe854078d1ac9338744f61a02 -> 
  custom:audio-encoder-webm-vorbis: bf7c407c2cedff20999df2af8eb42d56 -> 
  custom:container-muxer-webm: aa71ff27fc2769a1b78a27578f13a17b -> 
========================================================================
Received Prepare
Begin MonoManager ReloadAssembly
- Loaded All Assemblies, in  0.486 seconds
Refreshing native plugins compatible for Editor in 2.09 ms, found 3 plugins.
Native extension for WindowsStandalone target not found
Mono: successfully reloaded assembly
- Finished resetting the current domain, in  0.611 seconds
Domain Reload Profiling: 1097ms
	BeginReloadAssembly (125ms)
		ExecutionOrderSort (0ms)
		DisableScriptedObjects (11ms)
		BackupInstance (0ms)
		ReleaseScriptingObjects (0ms)
		CreateAndSetChildDomain (34ms)
	RebuildCommonClasses (27ms)
	RebuildNativeTypeToScriptingClass (9ms)
	initialDomainReloadingComplete (23ms)
	LoadAllAssembliesAndSetupDomain (302ms)
		LoadAssemblies (188ms)
		RebuildTransferFunctionScriptingTraits (0ms)
		AnalyzeDomain (167ms)
			TypeCache.Refresh (165ms)
				TypeCache.ScanAssembly (155ms)
			ScanForSourceGeneratedMonoScriptInfo (0ms)
			ResolveRequiredComponents (2ms)
	FinalizeReload (611ms)
		ReleaseScriptCaches (0ms)
		RebuildScriptCaches (0ms)
		SetupLoadedEditorAssemblies (313ms)
			LogAssemblyErrors (0ms)
			InitializePlatformSupportModulesInManaged (4ms)
			SetLoadedEditorAssemblies (4ms)
			RefreshPlugins (0ms)
			BeforeProcessingInitializeOnLoad (51ms)
			ProcessInitializeOnLoadAttributes (220ms)
			ProcessInitializeOnLoadMethodAttributes (31ms)
			AfterProcessingInitializeOnLoad (3ms)
			EditorAssembliesLoaded (0ms)
		ExecutionOrderSort2 (0ms)
		AwakeInstancesAfterBackupRestoration (15ms)
Refreshing native plugins compatible for Editor in 3.35 ms, found 3 plugins.
Preloading 0 native plugins for Editor in 0.00 ms.
Unloading 2389 Unused Serialized files (Serialized files now loaded: 0)
Unloading 29 unused Assets / (32.2 KB). Loaded Objects now: 2945.
Memory consumption went from 103.7 MB to 103.6 MB.
Total: 5.371200 ms (FindLiveObjects: 0.472000 ms CreateObjectMapping: 0.275700 ms MarkObjects: 4.534300 ms  DeleteObjects: 0.087100 ms)

Prepare: number of updated asset objects reloaded= 0
AssetImportParameters requested are different than current active one (requested -> active):
  custom:video-decoder-webm-vp8: 9c59270c3fd7afecdb556c50c9e8de78 -> 
  custom:container-demuxer-ogg: 62fdf1f143b41e24485cea50d1cbac27 -> 
  custom:AudioImporter_EditorPlatform: d09bf68614088b80899f8185d706f6e7 -> 
  custom:video-decoder-ogg-theora: a1e56fd34408186e4bbccfd4996cb3dc -> 
  custom:framework-win-MediaFoundation: 216162199b28c13a410421893ffa2e32 -> 
  custom:video-encoder-webm-vp8: eb34c28f22e8b96e1ab97ce403110664 -> 
  custom:audio-decoder-ogg-vorbis: bf7c407c2cedff20999df2af8eb42d56 -> 
  custom:container-demuxer-webm: 4f35f7cbe854078d1ac9338744f61a02 -> 
  custom:audio-encoder-webm-vorbis: bf7c407c2cedff20999df2af8eb42d56 -> 
  custom:container-muxer-webm: aa71ff27fc2769a1b78a27578f13a17b -> 
========================================================================
Received Prepare
Begin MonoManager ReloadAssembly
- Loaded All Assemblies, in  0.559 seconds
Refreshing native plugins compatible for Editor in 2.53 ms, found 3 plugins.
Native extension for WindowsStandalone target not found
Mono: successfully reloaded assembly
- Finished resetting the current domain, in  0.713 seconds
Domain Reload Profiling: 1272ms
	BeginReloadAssembly (147ms)
		ExecutionOrderSort (0ms)
		DisableScriptedObjects (14ms)
		BackupInstance (0ms)
		ReleaseScriptingObjects (0ms)
		CreateAndSetChildDomain (39ms)
	RebuildCommonClasses (35ms)
	RebuildNativeTypeToScriptingClass (12ms)
	initialDomainReloadingComplete (30ms)
	LoadAllAssembliesAndSetupDomain (334ms)
		LoadAssemblies (207ms)
		RebuildTransferFunctionScriptingTraits (0ms)
		AnalyzeDomain (188ms)
			TypeCache.Refresh (186ms)
				TypeCache.ScanAssembly (175ms)
			ScanForSourceGeneratedMonoScriptInfo (0ms)
			ResolveRequiredComponents (2ms)
	FinalizeReload (714ms)
		ReleaseScriptCaches (0ms)
		RebuildScriptCaches (0ms)
		SetupLoadedEditorAssemblies (365ms)
			LogAssemblyErrors (0ms)
			InitializePlatformSupportModulesInManaged (6ms)
			SetLoadedEditorAssemblies (5ms)
			RefreshPlugins (0ms)
			BeforeProcessingInitializeOnLoad (56ms)
			ProcessInitializeOnLoadAttributes (259ms)
			ProcessInitializeOnLoadMethodAttributes (34ms)
			AfterProcessingInitializeOnLoad (5ms)
			EditorAssembliesLoaded (0ms)
		ExecutionOrderSort2 (0ms)
		AwakeInstancesAfterBackupRestoration (15ms)
Refreshing native plugins compatible for Editor in 5.33 ms, found 3 plugins.
Preloading 0 native plugins for Editor in 0.00 ms.
Unloading 2389 Unused Serialized files (Serialized files now loaded: 0)
Unloading 29 unused Assets / (32.3 KB). Loaded Objects now: 2949.
Memory consumption went from 103.7 MB to 103.6 MB.
Total: 6.061500 ms (FindLiveObjects: 0.433600 ms CreateObjectMapping: 0.247900 ms MarkObjects: 5.256700 ms  DeleteObjects: 0.121500 ms)

Prepare: number of updated asset objects reloaded= 0
AssetImportParameters requested are different than current active one (requested -> active):
  custom:video-decoder-webm-vp8: 9c59270c3fd7afecdb556c50c9e8de78 -> 
  custom:container-demuxer-ogg: 62fdf1f143b41e24485cea50d1cbac27 -> 
  custom:AudioImporter_EditorPlatform: d09bf68614088b80899f8185d706f6e7 -> 
  custom:video-decoder-ogg-theora: a1e56fd34408186e4bbccfd4996cb3dc -> 
  custom:framework-win-MediaFoundation: 216162199b28c13a410421893ffa2e32 -> 
  custom:video-encoder-webm-vp8: eb34c28f22e8b96e1ab97ce403110664 -> 
  custom:audio-decoder-ogg-vorbis: bf7c407c2cedff20999df2af8eb42d56 -> 
  custom:container-demuxer-webm: 4f35f7cbe854078d1ac9338744f61a02 -> 
  custom:audio-encoder-webm-vorbis: bf7c407c2cedff20999df2af8eb42d56 -> 
  custom:container-muxer-webm: aa71ff27fc2769a1b78a27578f13a17b -> 
========================================================================
Received Prepare
Begin MonoManager ReloadAssembly
- Loaded All Assemblies, in  0.525 seconds
Refreshing native plugins compatible for Editor in 2.91 ms, found 3 plugins.
Native extension for WindowsStandalone target not found
Mono: successfully reloaded assembly
- Finished resetting the current domain, in  0.617 seconds
Domain Reload Profiling: 1142ms
	BeginReloadAssembly (133ms)
		ExecutionOrderSort (0ms)
		DisableScriptedObjects (12ms)
		BackupInstance (0ms)
		ReleaseScriptingObjects (0ms)
		CreateAndSetChildDomain (38ms)
	RebuildCommonClasses (35ms)
	RebuildNativeTypeToScriptingClass (8ms)
	initialDomainReloadingComplete (28ms)
	LoadAllAssembliesAndSetupDomain (320ms)
		LoadAssemblies (200ms)
		RebuildTransferFunctionScriptingTraits (0ms)
		AnalyzeDomain (176ms)
			TypeCache.Refresh (172ms)
				TypeCache.ScanAssembly (162ms)
			ScanForSourceGeneratedMonoScriptInfo (2ms)
			ResolveRequiredComponents (2ms)
	FinalizeReload (617ms)
		ReleaseScriptCaches (0ms)
		RebuildScriptCaches (0ms)
		SetupLoadedEditorAssemblies (295ms)
			LogAssemblyErrors (0ms)
			InitializePlatformSupportModulesInManaged (5ms)
			SetLoadedEditorAssemblies (5ms)
			RefreshPlugins (0ms)
			BeforeProcessingInitializeOnLoad (51ms)
			ProcessInitializeOnLoadAttributes (207ms)
			ProcessInitializeOnLoadMethodAttributes (24ms)
			AfterProcessingInitializeOnLoad (2ms)
			EditorAssembliesLoaded (0ms)
		ExecutionOrderSort2 (0ms)
		AwakeInstancesAfterBackupRestoration (11ms)
Refreshing native plugins compatible for Editor in 4.97 ms, found 3 plugins.
Preloading 0 native plugins for Editor in 0.00 ms.
Unloading 2389 Unused Serialized files (Serialized files now loaded: 0)
Unloading 29 unused Assets / (32.2 KB). Loaded Objects now: 2953.
Memory consumption went from 103.7 MB to 103.6 MB.
Total: 4.804100 ms (FindLiveObjects: 0.957200 ms CreateObjectMapping: 0.181800 ms MarkObjects: 3.598900 ms  DeleteObjects: 0.064800 ms)

Prepare: number of updated asset objects reloaded= 0
AssetImportParameters requested are different than current active one (requested -> active):
  custom:video-decoder-webm-vp8: 9c59270c3fd7afecdb556c50c9e8de78 -> 
  custom:container-demuxer-ogg: 62fdf1f143b41e24485cea50d1cbac27 -> 
  custom:AudioImporter_EditorPlatform: d09bf68614088b80899f8185d706f6e7 -> 
  custom:video-decoder-ogg-theora: a1e56fd34408186e4bbccfd4996cb3dc -> 
  custom:framework-win-MediaFoundation: 216162199b28c13a410421893ffa2e32 -> 
  custom:video-encoder-webm-vp8: eb34c28f22e8b96e1ab97ce403110664 -> 
  custom:audio-decoder-ogg-vorbis: bf7c407c2cedff20999df2af8eb42d56 -> 
  custom:container-demuxer-webm: 4f35f7cbe854078d1ac9338744f61a02 -> 
  custom:audio-encoder-webm-vorbis: bf7c407c2cedff20999df2af8eb42d56 -> 
  custom:container-muxer-webm: aa71ff27fc2769a1b78a27578f13a17b -> 
========================================================================
Received Import Request.
  Time since last request: 1052911.455143 seconds.
  path: Assets/SaltyAssets/SunnyLand Artwork/Environment/Tileset/Main Palette.prefab
  artifactKey: Guid(2abb85ccc811c9548bb18717d38a404e) Importer(815301076,1909f56bfc062723c751e8b465ee728b)
Start importing Assets/SaltyAssets/SunnyLand Artwork/Environment/Tileset/Main Palette.prefab using Guid(2abb85ccc811c9548bb18717d38a404e) Importer(815301076,1909f56bfc062723c751e8b465ee728b)  -> (artifact id: '6a82b80cbedde5d32a0f4b4bc48d25c5') in 0.173845 seconds
Number of updated asset objects reloaded before import = 0
Number of asset objects unloaded after import = 263
========================================================================
Received Import Request.
  Time since last request: 0.000030 seconds.
  path: Assets/SaltyAssets/SunnyLand Artwork/Environment/Tileset/tileset-sliced_20.asset
  artifactKey: Guid(bf52b14d19901034bbb8f9bc58d03e32) Importer(815301076,1909f56bfc062723c751e8b465ee728b)
Start importing Assets/SaltyAssets/SunnyLand Artwork/Environment/Tileset/tileset-sliced_20.asset using Guid(bf52b14d19901034bbb8f9bc58d03e32) Importer(815301076,1909f56bfc062723c751e8b465ee728b)  -> (artifact id: '9c37c5875e9cf07cc9b652ab2fe50ed3') in 0.011514 seconds
Number of updated asset objects reloaded before import = 0
Number of asset objects unloaded after import = 3
========================================================================
Received Import Request.
  Time since last request: 0.000030 seconds.
  path: Assets/SaltyAssets/SunnyLand Artwork/Environment/Tileset/tileset-sliced_6.asset
  artifactKey: Guid(86c556afa3a132048b03b316efc9f897) Importer(815301076,1909f56bfc062723c751e8b465ee728b)
Start importing Assets/SaltyAssets/SunnyLand Artwork/Environment/Tileset/tileset-sliced_6.asset using Guid(86c556afa3a132048b03b316efc9f897) Importer(815301076,1909f56bfc062723c751e8b465ee728b)  -> (artifact id: '3c3f1669f8f945192e8a0c94fdbf42a1') in 0.006047 seconds
Number of updated asset objects reloaded before import = 0
Number of asset objects unloaded after import = 3
========================================================================
Received Import Request.
  Time since last request: 0.000021 seconds.
  path: Assets/SaltyAssets/SunnyLand Artwork/Environment/Tileset/tileset-sliced_32.asset
  artifactKey: Guid(cae9a8360392bfd49b13e8cbe579bf85) Importer(815301076,1909f56bfc062723c751e8b465ee728b)
Start importing Assets/SaltyAssets/SunnyLand Artwork/Environment/Tileset/tileset-sliced_32.asset using Guid(cae9a8360392bfd49b13e8cbe579bf85) Importer(815301076,1909f56bfc062723c751e8b465ee728b)  -> (artifact id: 'f8aaa41640c85f4fb2c6eda9d392846d') in 0.004656 seconds
Number of updated asset objects reloaded before import = 0
Number of asset objects unloaded after import = 3
========================================================================
Received Import Request.
  Time since last request: 0.000014 seconds.
  path: Assets/SaltyAssets/SunnyLand Artwork/Environment/Tileset/tileset-sliced_47.asset
  artifactKey: Guid(6267d21089f75674e8925b33d103c902) Importer(815301076,1909f56bfc062723c751e8b465ee728b)
Start importing Assets/SaltyAssets/SunnyLand Artwork/Environment/Tileset/tileset-sliced_47.asset using Guid(6267d21089f75674e8925b33d103c902) Importer(815301076,1909f56bfc062723c751e8b465ee728b)  -> (artifact id: '3dcb73e1aadc64ab50720397bfa12d9d') in 0.004649 seconds
Number of updated asset objects reloaded before import = 0
Number of asset objects unloaded after import = 3
========================================================================
Received Import Request.
  Time since last request: 0.000016 seconds.
  path: Assets/SaltyAssets/SunnyLand Artwork/Environment/Tileset/tileset-sliced_42.asset
  artifactKey: Guid(bd649b0ac389e614584644136213427d) Importer(815301076,1909f56bfc062723c751e8b465ee728b)
Start importing Assets/SaltyAssets/SunnyLand Artwork/Environment/Tileset/tileset-sliced_42.asset using Guid(bd649b0ac389e614584644136213427d) Importer(815301076,1909f56bfc062723c751e8b465ee728b)  -> (artifact id: 'a1b990156ad636506ca5e21ed9d7ede9') in 0.005729 seconds
Number of updated asset objects reloaded before import = 0
Number of asset objects unloaded after import = 3
========================================================================
Received Import Request.
  Time since last request: 0.000016 seconds.
  path: Assets/SaltyAssets/SunnyLand Artwork/Environment/Tileset/tileset-sliced_9.asset
  artifactKey: Guid(01eacddc850c8594d98ac323a25210ac) Importer(815301076,1909f56bfc062723c751e8b465ee728b)
Start importing Assets/SaltyAssets/SunnyLand Artwork/Environment/Tileset/tileset-sliced_9.asset using Guid(01eacddc850c8594d98ac323a25210ac) Importer(815301076,1909f56bfc062723c751e8b465ee728b)  -> (artifact id: '56e0278064acd55d96c3869bda2abcc3') in 0.005800 seconds
Number of updated asset objects reloaded before import = 0
Number of asset objects unloaded after import = 3
========================================================================
Received Import Request.
  Time since last request: 0.000016 seconds.
  path: Assets/SaltyAssets/SunnyLand Artwork/Environment/Tileset/tileset-sliced_5.asset
  artifactKey: Guid(3fd0542d8cef4f94ca67fc667908bbb7) Importer(815301076,1909f56bfc062723c751e8b465ee728b)
Start importing Assets/SaltyAssets/SunnyLand Artwork/Environment/Tileset/tileset-sliced_5.asset using Guid(3fd0542d8cef4f94ca67fc667908bbb7) Importer(815301076,1909f56bfc062723c751e8b465ee728b)  -> (artifact id: '0ae23c9144a6d6482db6619a4fe1e1d9') in 0.004737 seconds
Number of updated asset objects reloaded before import = 0
Number of asset objects unloaded after import = 3
========================================================================
Received Import Request.
  Time since last request: 0.000017 seconds.
  path: Assets/SaltyAssets/SunnyLand Artwork/Environment/Tileset/tileset-sliced_28.asset
  artifactKey: Guid(6b437b4fa0d0f4648b4f687cf539ab76) Importer(815301076,1909f56bfc062723c751e8b465ee728b)
Start importing Assets/SaltyAssets/SunnyLand Artwork/Environment/Tileset/tileset-sliced_28.asset using Guid(6b437b4fa0d0f4648b4f687cf539ab76) Importer(815301076,1909f56bfc062723c751e8b465ee728b)  -> (artifact id: 'ca50f6b358bf1bf417768f45dca34485') in 0.005702 seconds
Number of updated asset objects reloaded before import = 0
Number of asset objects unloaded after import = 3
========================================================================
Received Import Request.
  Time since last request: 0.000016 seconds.
  path: Assets/SaltyAssets/SunnyLand Artwork/Environment/Tileset/tileset-sliced_25.asset
  artifactKey: Guid(0e4d7fffb7e9c434c9dad1d562df3bdf) Importer(815301076,1909f56bfc062723c751e8b465ee728b)
Start importing Assets/SaltyAssets/SunnyLand Artwork/Environment/Tileset/tileset-sliced_25.asset using Guid(0e4d7fffb7e9c434c9dad1d562df3bdf) Importer(815301076,1909f56bfc062723c751e8b465ee728b)  -> (artifact id: '459163f0b793b5ae6e6e0efe40d29f55') in 0.005034 seconds
Number of updated asset objects reloaded before import = 0
Number of asset objects unloaded after import = 3
========================================================================
Received Import Request.
  Time since last request: 0.000015 seconds.
  path: Assets/SaltyAssets/SunnyLand Artwork/Environment/Tileset/tileset-sliced_41.asset
  artifactKey: Guid(34e7085cd8d4f5347b0a181164941bef) Importer(815301076,1909f56bfc062723c751e8b465ee728b)
Start importing Assets/SaltyAssets/SunnyLand Artwork/Environment/Tileset/tileset-sliced_41.asset using Guid(34e7085cd8d4f5347b0a181164941bef) Importer(815301076,1909f56bfc062723c751e8b465ee728b)  -> (artifact id: 'fc91f4138fe2b856ed004d9420f713b6') in 0.007394 seconds
Number of updated asset objects reloaded before import = 0
Number of asset objects unloaded after import = 3
========================================================================
Received Import Request.
  Time since last request: 0.000018 seconds.
  path: Assets/SaltyAssets/SunnyLand Artwork/Environment/Tileset/tileset-sliced_35.asset
  artifactKey: Guid(d497bb3d933aaad4b90a7c77e66b856a) Importer(815301076,1909f56bfc062723c751e8b465ee728b)
Start importing Assets/SaltyAssets/SunnyLand Artwork/Environment/Tileset/tileset-sliced_35.asset using Guid(d497bb3d933aaad4b90a7c77e66b856a) Importer(815301076,1909f56bfc062723c751e8b465ee728b)  -> (artifact id: '807142f49aa3063847ce354817fba79f') in 0.005037 seconds
Number of updated asset objects reloaded before import = 0
Number of asset objects unloaded after import = 3
========================================================================
Received Import Request.
  Time since last request: 0.000014 seconds.
  path: Assets/SaltyAssets/SunnyLand Artwork/Environment/Tileset/tileset-sliced_1.asset
  artifactKey: Guid(33ec2b05aed6ce54798a0f17c661f8a8) Importer(815301076,1909f56bfc062723c751e8b465ee728b)
Start importing Assets/SaltyAssets/SunnyLand Artwork/Environment/Tileset/tileset-sliced_1.asset using Guid(33ec2b05aed6ce54798a0f17c661f8a8) Importer(815301076,1909f56bfc062723c751e8b465ee728b)  -> (artifact id: 'ca6a270ec5870346ced5d34113973531') in 0.005903 seconds
Number of updated asset objects reloaded before import = 0
Number of asset objects unloaded after import = 3
========================================================================
Received Import Request.
  Time since last request: 0.000017 seconds.
  path: Assets/SaltyAssets/SunnyLand Artwork/Environment/Tileset/tileset-sliced_10.asset
  artifactKey: Guid(5fea5f896fa49674389d58add967afa9) Importer(815301076,1909f56bfc062723c751e8b465ee728b)
Start importing Assets/SaltyAssets/SunnyLand Artwork/Environment/Tileset/tileset-sliced_10.asset using Guid(5fea5f896fa49674389d58add967afa9) Importer(815301076,1909f56bfc062723c751e8b465ee728b)  -> (artifact id: '3e69fc2a9d37fe8f023351b9d3ee1cd0') in 0.004359 seconds
Number of updated asset objects reloaded before import = 0
Number of asset objects unloaded after import = 3
========================================================================
Received Import Request.
  Time since last request: 0.000015 seconds.
  path: Assets/SaltyAssets/SunnyLand Artwork/Environment/Tileset/tileset-sliced_45.asset
  artifactKey: Guid(6232d16a90f135d4ea368d5e8b34b4a3) Importer(815301076,1909f56bfc062723c751e8b465ee728b)
Start importing Assets/SaltyAssets/SunnyLand Artwork/Environment/Tileset/tileset-sliced_45.asset using Guid(6232d16a90f135d4ea368d5e8b34b4a3) Importer(815301076,1909f56bfc062723c751e8b465ee728b)  -> (artifact id: '593da0004569970eec3b68c985cbce51') in 0.005135 seconds
Number of updated asset objects reloaded before import = 0
Number of asset objects unloaded after import = 3
========================================================================
Received Import Request.
  Time since last request: 0.000014 seconds.
  path: Assets/SaltyAssets/SunnyLand Artwork/Environment/Tileset/tileset-sliced_39.asset
  artifactKey: Guid(85df98f43e21653469271533f4038122) Importer(815301076,1909f56bfc062723c751e8b465ee728b)
Start importing Assets/SaltyAssets/SunnyLand Artwork/Environment/Tileset/tileset-sliced_39.asset using Guid(85df98f43e21653469271533f4038122) Importer(815301076,1909f56bfc062723c751e8b465ee728b)  -> (artifact id: '161dc55802a71ae550dc497e45d24a34') in 0.005091 seconds
Number of updated asset objects reloaded before import = 0
Number of asset objects unloaded after import = 3
========================================================================
Received Import Request.
  Time since last request: 0.000014 seconds.
  path: Assets/SaltyAssets/SunnyLand Artwork/Environment/Tileset/tileset-sliced_19.asset
  artifactKey: Guid(e7347a6ca6d80754a80ca305ccabfeb6) Importer(815301076,1909f56bfc062723c751e8b465ee728b)
Start importing Assets/SaltyAssets/SunnyLand Artwork/Environment/Tileset/tileset-sliced_19.asset using Guid(e7347a6ca6d80754a80ca305ccabfeb6) Importer(815301076,1909f56bfc062723c751e8b465ee728b)  -> (artifact id: '13fc403228a414f0ae90f99a0e08e45b') in 0.004272 seconds
Number of updated asset objects reloaded before import = 0
Number of asset objects unloaded after import = 3
========================================================================
Received Import Request.
  Time since last request: 0.000018 seconds.
  path: Assets/SaltyAssets/SunnyLand Artwork/Environment/Tileset/tileset-sliced_30.asset
  artifactKey: Guid(4c4f101011a3f6f4b91cd4ab5acf104c) Importer(815301076,1909f56bfc062723c751e8b465ee728b)
Start importing Assets/SaltyAssets/SunnyLand Artwork/Environment/Tileset/tileset-sliced_30.asset using Guid(4c4f101011a3f6f4b91cd4ab5acf104c) Importer(815301076,1909f56bfc062723c751e8b465ee728b)  -> (artifact id: '7eddb0ffb961741ba85750f37f680dfc') in 0.004844 seconds
Number of updated asset objects reloaded before import = 0
Number of asset objects unloaded after import = 3
========================================================================
Received Import Request.
  Time since last request: 0.000015 seconds.
  path: Assets/SaltyAssets/SunnyLand Artwork/Environment/Tileset/tileset-sliced_62.asset
  artifactKey: Guid(8eeb48ed30f7a1542b6cfeb217ae36f2) Importer(815301076,1909f56bfc062723c751e8b465ee728b)
Start importing Assets/SaltyAssets/SunnyLand Artwork/Environment/Tileset/tileset-sliced_62.asset using Guid(8eeb48ed30f7a1542b6cfeb217ae36f2) Importer(815301076,1909f56bfc062723c751e8b465ee728b)  -> (artifact id: '9b90ab3047f84a02702ec5838d176d91') in 0.005814 seconds
Number of updated asset objects reloaded before import = 0
Number of asset objects unloaded after import = 3
========================================================================
Received Import Request.
  Time since last request: 0.000018 seconds.
  path: Assets/SaltyAssets/SunnyLand Artwork/Environment/Tileset/tileset-sliced_59.asset
  artifactKey: Guid(816cd67d36b9e13408f323bcf7d82ebe) Importer(815301076,1909f56bfc062723c751e8b465ee728b)
Start importing Assets/SaltyAssets/SunnyLand Artwork/Environment/Tileset/tileset-sliced_59.asset using Guid(816cd67d36b9e13408f323bcf7d82ebe) Importer(815301076,1909f56bfc062723c751e8b465ee728b)  -> (artifact id: '77d23de3906657dc7bcead825edb60be') in 0.005383 seconds
Number of updated asset objects reloaded before import = 0
Number of asset objects unloaded after import = 3
========================================================================
Received Import Request.
  Time since last request: 0.000014 seconds.
  path: Assets/SaltyAssets/SunnyLand Artwork/Environment/Tileset/tileset-sliced_31.asset
  artifactKey: Guid(a7dca9d71591f534d82dfb8263cc6b2b) Importer(815301076,1909f56bfc062723c751e8b465ee728b)
Start importing Assets/SaltyAssets/SunnyLand Artwork/Environment/Tileset/tileset-sliced_31.asset using Guid(a7dca9d71591f534d82dfb8263cc6b2b) Importer(815301076,1909f56bfc062723c751e8b465ee728b)  -> (artifact id: 'a6401805f33c2f03ba167053c90094ea') in 0.005454 seconds
Number of updated asset objects reloaded before import = 0
Number of asset objects unloaded after import = 3
========================================================================
Received Import Request.
  Time since last request: 0.000016 seconds.
  path: Assets/SaltyAssets/SunnyLand Artwork/Environment/Tileset/tileset-sliced_24.asset
  artifactKey: Guid(c541c54721a16c2469f4cc6e8d48c303) Importer(815301076,1909f56bfc062723c751e8b465ee728b)
Start importing Assets/SaltyAssets/SunnyLand Artwork/Environment/Tileset/tileset-sliced_24.asset using Guid(c541c54721a16c2469f4cc6e8d48c303) Importer(815301076,1909f56bfc062723c751e8b465ee728b)  -> (artifact id: '69f97a3b82c613906c684e35c6053124') in 0.005278 seconds
Number of updated asset objects reloaded before import = 0
Number of asset objects unloaded after import = 3
========================================================================
Received Import Request.
  Time since last request: 0.000016 seconds.
  path: Assets/SaltyAssets/SunnyLand Artwork/Environment/Tileset/tileset-sliced_3.asset
  artifactKey: Guid(a0b280c02cbfffe4084f4722ed26afcc) Importer(815301076,1909f56bfc062723c751e8b465ee728b)
Start importing Assets/SaltyAssets/SunnyLand Artwork/Environment/Tileset/tileset-sliced_3.asset using Guid(a0b280c02cbfffe4084f4722ed26afcc) Importer(815301076,1909f56bfc062723c751e8b465ee728b)  -> (artifact id: 'ca0ef8a8edf3cfa9874a993ccfcddfe2') in 0.006312 seconds
Number of updated asset objects reloaded before import = 0
Number of asset objects unloaded after import = 3
========================================================================
Received Import Request.
  Time since last request: 0.000015 seconds.
  path: Assets/SaltyAssets/SunnyLand Artwork/Environment/Tileset/tileset-sliced_11.asset
  artifactKey: Guid(dbd12c47406d66c4d837cd67f6157a9f) Importer(815301076,1909f56bfc062723c751e8b465ee728b)
Start importing Assets/SaltyAssets/SunnyLand Artwork/Environment/Tileset/tileset-sliced_11.asset using Guid(dbd12c47406d66c4d837cd67f6157a9f) Importer(815301076,1909f56bfc062723c751e8b465ee728b)  -> (artifact id: 'dd741ffdb7ce538b00b8940875846548') in 0.005865 seconds
Number of updated asset objects reloaded before import = 0
Number of asset objects unloaded after import = 3
========================================================================
Received Import Request.
  Time since last request: 0.000013 seconds.
  path: Assets/SaltyAssets/SunnyLand Artwork/Environment/Tileset/tileset-sliced_57.asset
  artifactKey: Guid(85936b914a1f6db4abe8b90aee8c2e20) Importer(815301076,1909f56bfc062723c751e8b465ee728b)
Start importing Assets/SaltyAssets/SunnyLand Artwork/Environment/Tileset/tileset-sliced_57.asset using Guid(85936b914a1f6db4abe8b90aee8c2e20) Importer(815301076,1909f56bfc062723c751e8b465ee728b)  -> (artifact id: 'fb6d87a7ec9c4ed1562dd2b053d9142e') in 0.004201 seconds
Number of updated asset objects reloaded before import = 0
Number of asset objects unloaded after import = 3
========================================================================
Received Import Request.
  Time since last request: 0.000014 seconds.
  path: Assets/SaltyAssets/SunnyLand Artwork/Environment/Tileset/tileset-sliced_13.asset
  artifactKey: Guid(b7db3835f44776744aa6b17f5fe0bd26) Importer(815301076,1909f56bfc062723c751e8b465ee728b)
Start importing Assets/SaltyAssets/SunnyLand Artwork/Environment/Tileset/tileset-sliced_13.asset using Guid(b7db3835f44776744aa6b17f5fe0bd26) Importer(815301076,1909f56bfc062723c751e8b465ee728b)  -> (artifact id: '820003ea18c5ef2067a6371f56458ce4') in 0.005302 seconds
Number of updated asset objects reloaded before import = 0
Number of asset objects unloaded after import = 3
========================================================================
Received Import Request.
  Time since last request: 0.000018 seconds.
  path: Assets/SaltyAssets/SunnyLand Artwork/Environment/Tileset/tileset-sliced_49.asset
  artifactKey: Guid(5ea81004fce0b8c43b0827f2a8fe1a17) Importer(815301076,1909f56bfc062723c751e8b465ee728b)
Start importing Assets/SaltyAssets/SunnyLand Artwork/Environment/Tileset/tileset-sliced_49.asset using Guid(5ea81004fce0b8c43b0827f2a8fe1a17) Importer(815301076,1909f56bfc062723c751e8b465ee728b)  -> (artifact id: '4fdb7e3d82d21bb88e8d896d34dbcedd') in 0.007162 seconds
Number of updated asset objects reloaded before import = 0
Number of asset objects unloaded after import = 3
========================================================================
Received Import Request.
  Time since last request: 0.000017 seconds.
  path: Assets/SaltyAssets/SunnyLand Artwork/Environment/Tileset/tileset-sliced_27.asset
  artifactKey: Guid(ff6971726c1dd6f44b2d1531b2fc58e2) Importer(815301076,1909f56bfc062723c751e8b465ee728b)
Start importing Assets/SaltyAssets/SunnyLand Artwork/Environment/Tileset/tileset-sliced_27.asset using Guid(ff6971726c1dd6f44b2d1531b2fc58e2) Importer(815301076,1909f56bfc062723c751e8b465ee728b)  -> (artifact id: 'dfc392c6592c81b914b1de84811b33de') in 0.007529 seconds
Number of updated asset objects reloaded before import = 0
Number of asset objects unloaded after import = 3
========================================================================
Received Import Request.
  Time since last request: 0.000016 seconds.
  path: Assets/SaltyAssets/SunnyLand Artwork/Environment/Tileset/tileset-sliced_8.asset
  artifactKey: Guid(d8dc96555df42e94dba565eae3e3e30d) Importer(815301076,1909f56bfc062723c751e8b465ee728b)
Start importing Assets/SaltyAssets/SunnyLand Artwork/Environment/Tileset/tileset-sliced_8.asset using Guid(d8dc96555df42e94dba565eae3e3e30d) Importer(815301076,1909f56bfc062723c751e8b465ee728b)  -> (artifact id: '41ab575b9919d8bfc49ce9e96e7d2133') in 0.004802 seconds
Number of updated asset objects reloaded before import = 0
Number of asset objects unloaded after import = 3
========================================================================
Received Import Request.
  Time since last request: 0.000016 seconds.
  path: Assets/SaltyAssets/SunnyLand Artwork/Environment/Tileset/tileset-sliced_43.asset
  artifactKey: Guid(55bafae4ec7630148bc3460c22a96af9) Importer(815301076,1909f56bfc062723c751e8b465ee728b)
Start importing Assets/SaltyAssets/SunnyLand Artwork/Environment/Tileset/tileset-sliced_43.asset using Guid(55bafae4ec7630148bc3460c22a96af9) Importer(815301076,1909f56bfc062723c751e8b465ee728b)  -> (artifact id: 'ff492ee63ba33daada6b855731ec99ab') in 0.005980 seconds
Number of updated asset objects reloaded before import = 0
Number of asset objects unloaded after import = 3
========================================================================
Received Import Request.
  Time since last request: 0.000016 seconds.
  path: Assets/SaltyAssets/SunnyLand Artwork/Environment/Tileset/tileset-sliced_38.asset
  artifactKey: Guid(897eed2c71ed45749b27f38e360b92fc) Importer(815301076,1909f56bfc062723c751e8b465ee728b)
Start importing Assets/SaltyAssets/SunnyLand Artwork/Environment/Tileset/tileset-sliced_38.asset using Guid(897eed2c71ed45749b27f38e360b92fc) Importer(815301076,1909f56bfc062723c751e8b465ee728b)  -> (artifact id: '121aac3ab61fdd01e9a931274113f26a') in 0.004552 seconds
Number of updated asset objects reloaded before import = 0
Number of asset objects unloaded after import = 3
========================================================================
Received Import Request.
  Time since last request: 0.000014 seconds.
  path: Assets/SaltyAssets/SunnyLand Artwork/Environment/Tileset/tileset-sliced_54.asset
  artifactKey: Guid(c2ee9b794942d86438549fd521ed5c44) Importer(815301076,1909f56bfc062723c751e8b465ee728b)
Start importing Assets/SaltyAssets/SunnyLand Artwork/Environment/Tileset/tileset-sliced_54.asset using Guid(c2ee9b794942d86438549fd521ed5c44) Importer(815301076,1909f56bfc062723c751e8b465ee728b)  -> (artifact id: '95e820121dbc73d04252d4d0b1eb6a47') in 0.005130 seconds
Number of updated asset objects reloaded before import = 0
Number of asset objects unloaded after import = 3
========================================================================
Received Import Request.
  Time since last request: 0.000013 seconds.
  path: Assets/SaltyAssets/SunnyLand Artwork/Environment/Tileset/tileset-sliced_29.asset
  artifactKey: Guid(fb5435fde59495f4a9d8d148615b47fa) Importer(815301076,1909f56bfc062723c751e8b465ee728b)
Start importing Assets/SaltyAssets/SunnyLand Artwork/Environment/Tileset/tileset-sliced_29.asset using Guid(fb5435fde59495f4a9d8d148615b47fa) Importer(815301076,1909f56bfc062723c751e8b465ee728b)  -> (artifact id: '942e1c804e4535a7ff3c9078e424d32b') in 0.005808 seconds
Number of updated asset objects reloaded before import = 0
Number of asset objects unloaded after import = 3
========================================================================
Received Import Request.
  Time since last request: 0.000013 seconds.
  path: Assets/SaltyAssets/SunnyLand Artwork/Environment/Tileset/tileset-sliced_21.asset
  artifactKey: Guid(b02df6a39c3c60445993c5f9235b37e3) Importer(815301076,1909f56bfc062723c751e8b465ee728b)
Start importing Assets/SaltyAssets/SunnyLand Artwork/Environment/Tileset/tileset-sliced_21.asset using Guid(b02df6a39c3c60445993c5f9235b37e3) Importer(815301076,1909f56bfc062723c751e8b465ee728b)  -> (artifact id: 'ec3b50fa6b48d0611e93f8c21696088c') in 0.018226 seconds
Number of updated asset objects reloaded before import = 0
Number of asset objects unloaded after import = 3
========================================================================
Received Import Request.
  Time since last request: 0.000020 seconds.
  path: Assets/SaltyAssets/SunnyLand Artwork/Environment/Tileset/tileset-sliced_37.asset
  artifactKey: Guid(0db47fab51e28614f89faface3c7e766) Importer(815301076,1909f56bfc062723c751e8b465ee728b)
Start importing Assets/SaltyAssets/SunnyLand Artwork/Environment/Tileset/tileset-sliced_37.asset using Guid(0db47fab51e28614f89faface3c7e766) Importer(815301076,1909f56bfc062723c751e8b465ee728b)  -> (artifact id: '8c301eb3a6a57a7fc61d3ebe58f3f2bd') in 0.004992 seconds
Number of updated asset objects reloaded before import = 0
Number of asset objects unloaded after import = 3
========================================================================
Received Import Request.
  Time since last request: 0.000031 seconds.
  path: Assets/SaltyAssets/SunnyLand Artwork/Environment/Tileset/tileset-sliced_4.asset
  artifactKey: Guid(54b92458ba807204c9bec304cecbc5f8) Importer(815301076,1909f56bfc062723c751e8b465ee728b)
Start importing Assets/SaltyAssets/SunnyLand Artwork/Environment/Tileset/tileset-sliced_4.asset using Guid(54b92458ba807204c9bec304cecbc5f8) Importer(815301076,1909f56bfc062723c751e8b465ee728b)  -> (artifact id: 'bf0252f254a95af12c641225bfea9029') in 0.004629 seconds
Number of updated asset objects reloaded before import = 0
Number of asset objects unloaded after import = 3
========================================================================
Received Import Request.
  Time since last request: 0.000014 seconds.
  path: Assets/SaltyAssets/SunnyLand Artwork/Environment/Tileset/tileset-sliced_33.asset
  artifactKey: Guid(617e78c004a17874bba2e83fd1509baa) Importer(815301076,1909f56bfc062723c751e8b465ee728b)
Start importing Assets/SaltyAssets/SunnyLand Artwork/Environment/Tileset/tileset-sliced_33.asset using Guid(617e78c004a17874bba2e83fd1509baa) Importer(815301076,1909f56bfc062723c751e8b465ee728b)  -> (artifact id: 'f29c2785bf8777180ced0556c9aed5b2') in 0.004627 seconds
Number of updated asset objects reloaded before import = 0
Number of asset objects unloaded after import = 3
========================================================================
Received Import Request.
  Time since last request: 0.000017 seconds.
  path: Assets/SaltyAssets/SunnyLand Artwork/Environment/Tileset/tileset-sliced_51.asset
  artifactKey: Guid(3bd0c7c51a16804468adfa1189f4d3e7) Importer(815301076,1909f56bfc062723c751e8b465ee728b)
Start importing Assets/SaltyAssets/SunnyLand Artwork/Environment/Tileset/tileset-sliced_51.asset using Guid(3bd0c7c51a16804468adfa1189f4d3e7) Importer(815301076,1909f56bfc062723c751e8b465ee728b)  -> (artifact id: '7da312bd674259a9ba8e54f573a37778') in 0.004544 seconds
Number of updated asset objects reloaded before import = 0
Number of asset objects unloaded after import = 3
========================================================================
Received Import Request.
  Time since last request: 0.000016 seconds.
  path: Assets/SaltyAssets/SunnyLand Artwork/Environment/Tileset/tileset-sliced_26.asset
  artifactKey: Guid(5aee560c5f58ecd4da0c90ceb8da0308) Importer(815301076,1909f56bfc062723c751e8b465ee728b)
Start importing Assets/SaltyAssets/SunnyLand Artwork/Environment/Tileset/tileset-sliced_26.asset using Guid(5aee560c5f58ecd4da0c90ceb8da0308) Importer(815301076,1909f56bfc062723c751e8b465ee728b)  -> (artifact id: 'eba91e9d2495dbfa87667a595e521d6f') in 0.005805 seconds
Number of updated asset objects reloaded before import = 0
Number of asset objects unloaded after import = 3
========================================================================
Received Import Request.
  Time since last request: 0.000020 seconds.
  path: Assets/SaltyAssets/SunnyLand Artwork/Environment/Tileset/tileset-sliced_48.asset
  artifactKey: Guid(e5392e55430188a48bcd79da1a30765d) Importer(815301076,1909f56bfc062723c751e8b465ee728b)
Start importing Assets/SaltyAssets/SunnyLand Artwork/Environment/Tileset/tileset-sliced_48.asset using Guid(e5392e55430188a48bcd79da1a30765d) Importer(815301076,1909f56bfc062723c751e8b465ee728b)  -> (artifact id: 'b417a3349103cfada1a259a76f7332bb') in 0.005047 seconds
Number of updated asset objects reloaded before import = 0
Number of asset objects unloaded after import = 3
========================================================================
Received Import Request.
  Time since last request: 0.000020 seconds.
  path: Assets/SaltyAssets/SunnyLand Artwork/Environment/Tileset/tileset-sliced_22.asset
  artifactKey: Guid(8c933fd3ebbc0d84c974cc1d5dcc48d9) Importer(815301076,1909f56bfc062723c751e8b465ee728b)
Start importing Assets/SaltyAssets/SunnyLand Artwork/Environment/Tileset/tileset-sliced_22.asset using Guid(8c933fd3ebbc0d84c974cc1d5dcc48d9) Importer(815301076,1909f56bfc062723c751e8b465ee728b)  -> (artifact id: 'b5d86aeaf88f83a6b449c2d0823fe3a3') in 0.007130 seconds
Number of updated asset objects reloaded before import = 0
Number of asset objects unloaded after import = 3
========================================================================
Received Import Request.
  Time since last request: 0.000022 seconds.
  path: Assets/SaltyAssets/SunnyLand Artwork/Environment/Tileset/tileset-sliced_0.asset
  artifactKey: Guid(bb3520a55781a954abe89b92bcdc313f) Importer(815301076,1909f56bfc062723c751e8b465ee728b)
Start importing Assets/SaltyAssets/SunnyLand Artwork/Environment/Tileset/tileset-sliced_0.asset using Guid(bb3520a55781a954abe89b92bcdc313f) Importer(815301076,1909f56bfc062723c751e8b465ee728b)  -> (artifact id: '45eed17bb06178aed5e439770cc5dac7') in 0.006383 seconds
Number of updated asset objects reloaded before import = 0
Number of asset objects unloaded after import = 3
========================================================================
Received Import Request.
  Time since last request: 0.000019 seconds.
  path: Assets/SaltyAssets/SunnyLand Artwork/Environment/Tileset/tileset-sliced_14.asset
  artifactKey: Guid(70ef95d2121c6204d95aeb88bfbc0504) Importer(815301076,1909f56bfc062723c751e8b465ee728b)
Start importing Assets/SaltyAssets/SunnyLand Artwork/Environment/Tileset/tileset-sliced_14.asset using Guid(70ef95d2121c6204d95aeb88bfbc0504) Importer(815301076,1909f56bfc062723c751e8b465ee728b)  -> (artifact id: '0b4ebdfb7c231f5ca973d22ec0a7b64d') in 0.006184 seconds
Number of updated asset objects reloaded before import = 0
Number of asset objects unloaded after import = 3
========================================================================
Received Import Request.
  Time since last request: 0.000048 seconds.
  path: Assets/SaltyAssets/SunnyLand Artwork/Environment/Tileset/tileset-sliced_60.asset
  artifactKey: Guid(5c8b9551abdb8ca489078ff9de589364) Importer(815301076,1909f56bfc062723c751e8b465ee728b)
Start importing Assets/SaltyAssets/SunnyLand Artwork/Environment/Tileset/tileset-sliced_60.asset using Guid(5c8b9551abdb8ca489078ff9de589364) Importer(815301076,1909f56bfc062723c751e8b465ee728b)  -> (artifact id: '1f04c44ac13c25ba3befa474cd9e42db') in 0.014892 seconds
Number of updated asset objects reloaded before import = 0
Number of asset objects unloaded after import = 3
========================================================================
Received Import Request.
  Time since last request: 0.000022 seconds.
  path: Assets/SaltyAssets/SunnyLand Artwork/Environment/Tileset/tileset-sliced_53.asset
  artifactKey: Guid(e4f7514cb0b1f8a4fa939a375b06a9dd) Importer(815301076,1909f56bfc062723c751e8b465ee728b)
Start importing Assets/SaltyAssets/SunnyLand Artwork/Environment/Tileset/tileset-sliced_53.asset using Guid(e4f7514cb0b1f8a4fa939a375b06a9dd) Importer(815301076,1909f56bfc062723c751e8b465ee728b)  -> (artifact id: '162097eaefad6b128702026a2d894c02') in 0.005403 seconds
Number of updated asset objects reloaded before import = 0
Number of asset objects unloaded after import = 3
========================================================================
Received Import Request.
  Time since last request: 0.000026 seconds.
  path: Assets/SaltyAssets/SunnyLand Artwork/Environment/Tileset/tileset-sliced_61.asset
  artifactKey: Guid(38276c4cd23f6bb45a4df847849ceaa2) Importer(815301076,1909f56bfc062723c751e8b465ee728b)
Start importing Assets/SaltyAssets/SunnyLand Artwork/Environment/Tileset/tileset-sliced_61.asset using Guid(38276c4cd23f6bb45a4df847849ceaa2) Importer(815301076,1909f56bfc062723c751e8b465ee728b)  -> (artifact id: '006f829d8fc74e8f574b51e9ef868eba') in 0.006558 seconds
Number of updated asset objects reloaded before import = 0
Number of asset objects unloaded after import = 3
Editor requested this worker to shutdown with reason: Scaling down because of idle timeout
TcpMessagingSession - receive error: operation aborted. errorcode: 995, details:  /   -       .
AssetImportWorker is now disconnected from the server
Process exiting
Exiting without the bug reporter. Application will terminate with return code 0