Using pre-set license
Built from '2022.3/release' branch; Version is '2022.3.0f1 (fb119bb0b476) revision 16454043'; Using compiler version '192829333'; Build Type 'Release'
OS: 'Windows 10  (10.0.19045) 64bit Professional' Language: 'ru' Physical Memory: 32637 MB
BatchMode: 1, IsHumanControllingUs: 0, StartBugReporterOnCrash: 0, Is64bit: 1, IsPro: 1

COMMAND LINE ARGUMENTS:
B:\Unity Engine\2022.3.0f1\Editor\Unity.exe
-adb2
-batchMode
-noUpm
-name
AssetImportWorker20
-projectPath
D:/projects/saltyHITSProject/SaltyProject
-logFile
Logs/AssetImportWorker20.log
-srvPort
56177
Successfully changed project path to: D:/projects/saltyHITSProject/SaltyProject
D:/projects/saltyHITSProject/SaltyProject
[UnityMemory] Configuration Parameters - Can be set up in boot.config
    "memorysetup-bucket-allocator-granularity=16"
    "memorysetup-bucket-allocator-bucket-count=8"
    "memorysetup-bucket-allocator-block-size=33554432"
    "memorysetup-bucket-allocator-block-count=8"
    "memorysetup-main-allocator-block-size=16777216"
    "memorysetup-thread-allocator-block-size=16777216"
    "memorysetup-gfx-main-allocator-block-size=16777216"
    "memorysetup-gfx-thread-allocator-block-size=16777216"
    "memorysetup-cache-allocator-block-size=4194304"
    "memorysetup-typetree-allocator-block-size=2097152"
    "memorysetup-profiler-bucket-allocator-granularity=16"
    "memorysetup-profiler-bucket-allocator-bucket-count=8"
    "memorysetup-profiler-bucket-allocator-block-size=33554432"
    "memorysetup-profiler-bucket-allocator-block-count=8"
    "memorysetup-profiler-allocator-block-size=16777216"
    "memorysetup-profiler-editor-allocator-block-size=1048576"
    "memorysetup-temp-allocator-size-main=16777216"
    "memorysetup-job-temp-allocator-block-size=2097152"
    "memorysetup-job-temp-allocator-block-size-background=1048576"
    "memorysetup-job-temp-allocator-reduction-small-platforms=262144"
    "memorysetup-allocator-temp-initial-block-size-main=262144"
    "memorysetup-allocator-temp-initial-block-size-worker=262144"
    "memorysetup-temp-allocator-size-background-worker=32768"
    "memorysetup-temp-allocator-size-job-worker=262144"
    "memorysetup-temp-allocator-size-preload-manager=33554432"
    "memorysetup-temp-allocator-size-nav-mesh-worker=65536"
    "memorysetup-temp-allocator-size-audio-worker=65536"
    "memorysetup-temp-allocator-size-cloud-worker=32768"
    "memorysetup-temp-allocator-size-gi-baking-worker=262144"
    "memorysetup-temp-allocator-size-gfx=262144"
Player connection [17780] Host "[IP] 192.168.31.240 [Port] 0 [Flags] 2 [Guid] 3920212792 [EditorId] 3920212792 [Version] 1048832 [Id] WindowsEditor(7,DESKTOP-LA58NB8) [Debug] 1 [PackageName] WindowsEditor [ProjectName] Editor" joined multi-casting on [225.0.0.222:54997]...

Player connection [17780] Host "[IP] 192.168.31.240 [Port] 0 [Flags] 2 [Guid] 3920212792 [EditorId] 3920212792 [Version] 1048832 [Id] WindowsEditor(7,DESKTOP-LA58NB8) [Debug] 1 [PackageName] WindowsEditor [ProjectName] Editor" joined alternative multi-casting on [225.0.0.222:34997]...

Refreshing native plugins compatible for Editor in 8.24 ms, found 3 plugins.
Preloading 0 native plugins for Editor in 0.00 ms.
Initialize engine version: 2022.3.0f1 (fb119bb0b476)
[Subsystems] Discovering subsystems at path B:/Unity Engine/2022.3.0f1/Editor/Data/Resources/UnitySubsystems
[Subsystems] Discovering subsystems at path D:/projects/saltyHITSProject/SaltyProject/Assets
GfxDevice: creating device client; threaded=0; jobified=0
Direct3D:
    Version:  Direct3D 11.0 [level 11.1]
    Renderer: NVIDIA GeForce RTX 3060 (ID=0x2504)
    Vendor:   NVIDIA
    VRAM:     12129 MB
    Driver:   31.0.15.3179
Initialize mono
Mono path[0] = 'B:/Unity Engine/2022.3.0f1/Editor/Data/Managed'
Mono path[1] = 'B:/Unity Engine/2022.3.0f1/Editor/Data/MonoBleedingEdge/lib/mono/unityjit-win32'
Mono config path = 'B:/Unity Engine/2022.3.0f1/Editor/Data/MonoBleedingEdge/etc'
Using monoOptions --debugger-agent=transport=dt_socket,embedding=1,server=y,suspend=n,address=127.0.0.1:56324
Begin MonoManager ReloadAssembly
Registering precompiled unity dll's ...
Register platform support module: B:/Unity Engine/2022.3.0f1/Editor/Data/PlaybackEngines/WindowsStandaloneSupport/UnityEditor.WindowsStandalone.Extensions.dll
Registered in 0.003531 seconds.
- Loaded All Assemblies, in  0.340 seconds
Native extension for WindowsStandalone target not found
Mono: successfully reloaded assembly
- Finished resetting the current domain, in  0.311 seconds
Domain Reload Profiling: 652ms
	BeginReloadAssembly (87ms)
		ExecutionOrderSort (0ms)
		DisableScriptedObjects (0ms)
		BackupInstance (0ms)
		ReleaseScriptingObjects (0ms)
		CreateAndSetChildDomain (1ms)
	RebuildCommonClasses (39ms)
	RebuildNativeTypeToScriptingClass (11ms)
	initialDomainReloadingComplete (60ms)
	LoadAllAssembliesAndSetupDomain (143ms)
		LoadAssemblies (86ms)
		RebuildTransferFunctionScriptingTraits (0ms)
		AnalyzeDomain (141ms)
			TypeCache.Refresh (140ms)
				TypeCache.ScanAssembly (126ms)
			ScanForSourceGeneratedMonoScriptInfo (0ms)
			ResolveRequiredComponents (0ms)
	FinalizeReload (312ms)
		ReleaseScriptCaches (0ms)
		RebuildScriptCaches (0ms)
		SetupLoadedEditorAssemblies (244ms)
			LogAssemblyErrors (0ms)
			InitializePlatformSupportModulesInManaged (9ms)
			SetLoadedEditorAssemblies (9ms)
			RefreshPlugins (0ms)
			BeforeProcessingInitializeOnLoad (3ms)
			ProcessInitializeOnLoadAttributes (166ms)
			ProcessInitializeOnLoadMethodAttributes (57ms)
			AfterProcessingInitializeOnLoad (0ms)
			EditorAssembliesLoaded (0ms)
		ExecutionOrderSort2 (0ms)
		AwakeInstancesAfterBackupRestoration (0ms)
========================================================================
Worker process is ready to serve import requests
Begin MonoManager ReloadAssembly
- Loaded All Assemblies, in  0.582 seconds
Refreshing native plugins compatible for Editor in 1.95 ms, found 3 plugins.
Native extension for WindowsStandalone target not found
Mono: successfully reloaded assembly
- Finished resetting the current domain, in  0.444 seconds
Domain Reload Profiling: 1026ms
	BeginReloadAssembly (140ms)
		ExecutionOrderSort (0ms)
		DisableScriptedObjects (6ms)
		BackupInstance (0ms)
		ReleaseScriptingObjects (0ms)
		CreateAndSetChildDomain (28ms)
	RebuildCommonClasses (40ms)
	RebuildNativeTypeToScriptingClass (9ms)
	initialDomainReloadingComplete (34ms)
	LoadAllAssembliesAndSetupDomain (358ms)
		LoadAssemblies (223ms)
		RebuildTransferFunctionScriptingTraits (0ms)
		AnalyzeDomain (202ms)
			TypeCache.Refresh (187ms)
				TypeCache.ScanAssembly (178ms)
			ScanForSourceGeneratedMonoScriptInfo (13ms)
			ResolveRequiredComponents (2ms)
	FinalizeReload (444ms)
		ReleaseScriptCaches (0ms)
		RebuildScriptCaches (0ms)
		SetupLoadedEditorAssemblies (313ms)
			LogAssemblyErrors (0ms)
			InitializePlatformSupportModulesInManaged (4ms)
			SetLoadedEditorAssemblies (4ms)
			RefreshPlugins (0ms)
			BeforeProcessingInitializeOnLoad (50ms)
			ProcessInitializeOnLoadAttributes (223ms)
			ProcessInitializeOnLoadMethodAttributes (29ms)
			AfterProcessingInitializeOnLoad (2ms)
			EditorAssembliesLoaded (0ms)
		ExecutionOrderSort2 (0ms)
		AwakeInstancesAfterBackupRestoration (6ms)
Launched and connected shader compiler UnityShaderCompiler.exe after 0.06 seconds
Refreshing native plugins compatible for Editor in 2.38 ms, found 3 plugins.
Preloading 0 native plugins for Editor in 0.00 ms.
Unloading 2413 Unused Serialized files (Serialized files now loaded: 0)
Unloading 54 unused Assets / (57.9 KB). Loaded Objects now: 2884.
Memory consumption went from 109.9 MB to 109.8 MB.
Total: 4.925100 ms (FindLiveObjects: 0.362300 ms CreateObjectMapping: 0.089100 ms MarkObjects: 4.311000 ms  DeleteObjects: 0.161200 ms)

AssetImportParameters requested are different than current active one (requested -> active):
  custom:video-decoder-webm-vp8: 9c59270c3fd7afecdb556c50c9e8de78 -> 
  custom:container-demuxer-ogg: 62fdf1f143b41e24485cea50d1cbac27 -> 
  custom:AudioImporter_EditorPlatform: d09bf68614088b80899f8185d706f6e7 -> 
  custom:video-decoder-ogg-theora: a1e56fd34408186e4bbccfd4996cb3dc -> 
  custom:framework-win-MediaFoundation: 216162199b28c13a410421893ffa2e32 -> 
  custom:video-encoder-webm-vp8: eb34c28f22e8b96e1ab97ce403110664 -> 
  custom:audio-decoder-ogg-vorbis: bf7c407c2cedff20999df2af8eb42d56 -> 
  custom:container-demuxer-webm: 4f35f7cbe854078d1ac9338744f61a02 -> 
  custom:audio-encoder-webm-vorbis: bf7c407c2cedff20999df2af8eb42d56 -> 
  custom:container-muxer-webm: aa71ff27fc2769a1b78a27578f13a17b -> 
========================================================================
Received Prepare
Begin MonoManager ReloadAssembly
- Loaded All Assemblies, in  0.616 seconds
Refreshing native plugins compatible for Editor in 3.04 ms, found 3 plugins.
Native extension for WindowsStandalone target not found
Mono: successfully reloaded assembly
- Finished resetting the current domain, in  0.725 seconds
Domain Reload Profiling: 1341ms
	BeginReloadAssembly (152ms)
		ExecutionOrderSort (0ms)
		DisableScriptedObjects (12ms)
		BackupInstance (0ms)
		ReleaseScriptingObjects (0ms)
		CreateAndSetChildDomain (40ms)
	RebuildCommonClasses (30ms)
	RebuildNativeTypeToScriptingClass (14ms)
	initialDomainReloadingComplete (28ms)
	LoadAllAssembliesAndSetupDomain (392ms)
		LoadAssemblies (244ms)
		RebuildTransferFunctionScriptingTraits (0ms)
		AnalyzeDomain (219ms)
			TypeCache.Refresh (215ms)
				TypeCache.ScanAssembly (201ms)
			ScanForSourceGeneratedMonoScriptInfo (0ms)
			ResolveRequiredComponents (4ms)
	FinalizeReload (725ms)
		ReleaseScriptCaches (0ms)
		RebuildScriptCaches (0ms)
		SetupLoadedEditorAssemblies (342ms)
			LogAssemblyErrors (0ms)
			InitializePlatformSupportModulesInManaged (6ms)
			SetLoadedEditorAssemblies (4ms)
			RefreshPlugins (0ms)
			BeforeProcessingInitializeOnLoad (58ms)
			ProcessInitializeOnLoadAttributes (239ms)
			ProcessInitializeOnLoadMethodAttributes (32ms)
			AfterProcessingInitializeOnLoad (3ms)
			EditorAssembliesLoaded (0ms)
		ExecutionOrderSort2 (0ms)
		AwakeInstancesAfterBackupRestoration (14ms)
Refreshing native plugins compatible for Editor in 3.99 ms, found 3 plugins.
Preloading 0 native plugins for Editor in 0.00 ms.
Unloading 2389 Unused Serialized files (Serialized files now loaded: 0)
Unloading 29 unused Assets / (32.2 KB). Loaded Objects now: 2889.
Memory consumption went from 103.9 MB to 103.8 MB.
Total: 4.916300 ms (FindLiveObjects: 0.367500 ms CreateObjectMapping: 0.198400 ms MarkObjects: 4.273000 ms  DeleteObjects: 0.075400 ms)

Prepare: number of updated asset objects reloaded= 0
AssetImportParameters requested are different than current active one (requested -> active):
  custom:video-decoder-webm-vp8: 9c59270c3fd7afecdb556c50c9e8de78 -> 
  custom:container-demuxer-ogg: 62fdf1f143b41e24485cea50d1cbac27 -> 
  custom:AudioImporter_EditorPlatform: d09bf68614088b80899f8185d706f6e7 -> 
  custom:video-decoder-ogg-theora: a1e56fd34408186e4bbccfd4996cb3dc -> 
  custom:framework-win-MediaFoundation: 216162199b28c13a410421893ffa2e32 -> 
  custom:video-encoder-webm-vp8: eb34c28f22e8b96e1ab97ce403110664 -> 
  custom:audio-decoder-ogg-vorbis: bf7c407c2cedff20999df2af8eb42d56 -> 
  custom:container-demuxer-webm: 4f35f7cbe854078d1ac9338744f61a02 -> 
  custom:audio-encoder-webm-vorbis: bf7c407c2cedff20999df2af8eb42d56 -> 
  custom:container-muxer-webm: aa71ff27fc2769a1b78a27578f13a17b -> 
========================================================================
Received Prepare
Begin MonoManager ReloadAssembly
- Loaded All Assemblies, in  0.754 seconds
Refreshing native plugins compatible for Editor in 3.15 ms, found 3 plugins.
Native extension for WindowsStandalone target not found
Mono: successfully reloaded assembly
- Finished resetting the current domain, in  0.883 seconds
Domain Reload Profiling: 1636ms
	BeginReloadAssembly (179ms)
		ExecutionOrderSort (0ms)
		DisableScriptedObjects (16ms)
		BackupInstance (0ms)
		ReleaseScriptingObjects (0ms)
		CreateAndSetChildDomain (50ms)
	RebuildCommonClasses (35ms)
	RebuildNativeTypeToScriptingClass (13ms)
	initialDomainReloadingComplete (31ms)
	LoadAllAssembliesAndSetupDomain (495ms)
		LoadAssemblies (339ms)
		RebuildTransferFunctionScriptingTraits (0ms)
		AnalyzeDomain (238ms)
			TypeCache.Refresh (234ms)
				TypeCache.ScanAssembly (220ms)
			ScanForSourceGeneratedMonoScriptInfo (0ms)
			ResolveRequiredComponents (4ms)
	FinalizeReload (884ms)
		ReleaseScriptCaches (0ms)
		RebuildScriptCaches (0ms)
		SetupLoadedEditorAssemblies (453ms)
			LogAssemblyErrors (0ms)
			InitializePlatformSupportModulesInManaged (6ms)
			SetLoadedEditorAssemblies (5ms)
			RefreshPlugins (0ms)
			BeforeProcessingInitializeOnLoad (69ms)
			ProcessInitializeOnLoadAttributes (324ms)
			ProcessInitializeOnLoadMethodAttributes (44ms)
			AfterProcessingInitializeOnLoad (5ms)
			EditorAssembliesLoaded (0ms)
		ExecutionOrderSort2 (0ms)
		AwakeInstancesAfterBackupRestoration (19ms)
Refreshing native plugins compatible for Editor in 4.70 ms, found 3 plugins.
Preloading 0 native plugins for Editor in 0.00 ms.
Unloading 2389 Unused Serialized files (Serialized files now loaded: 0)
Unloading 29 unused Assets / (32.3 KB). Loaded Objects now: 2893.
Memory consumption went from 103.9 MB to 103.8 MB.
Total: 6.369300 ms (FindLiveObjects: 0.388000 ms CreateObjectMapping: 0.390700 ms MarkObjects: 5.504000 ms  DeleteObjects: 0.084500 ms)

Prepare: number of updated asset objects reloaded= 0
AssetImportParameters requested are different than current active one (requested -> active):
  custom:video-decoder-webm-vp8: 9c59270c3fd7afecdb556c50c9e8de78 -> 
  custom:container-demuxer-ogg: 62fdf1f143b41e24485cea50d1cbac27 -> 
  custom:AudioImporter_EditorPlatform: d09bf68614088b80899f8185d706f6e7 -> 
  custom:video-decoder-ogg-theora: a1e56fd34408186e4bbccfd4996cb3dc -> 
  custom:framework-win-MediaFoundation: 216162199b28c13a410421893ffa2e32 -> 
  custom:video-encoder-webm-vp8: eb34c28f22e8b96e1ab97ce403110664 -> 
  custom:audio-decoder-ogg-vorbis: bf7c407c2cedff20999df2af8eb42d56 -> 
  custom:container-demuxer-webm: 4f35f7cbe854078d1ac9338744f61a02 -> 
  custom:audio-encoder-webm-vorbis: bf7c407c2cedff20999df2af8eb42d56 -> 
  custom:container-muxer-webm: aa71ff27fc2769a1b78a27578f13a17b -> 
========================================================================
Received Import Request.
  Time since last request: 1053610.628634 seconds.
  path: Assets/SaltyAssets/SunnyLand Artwork/Environment/Tileset/tileset-sliced.png
  artifactKey: Guid(261212b977f594d5dbc48631a5c1295c) Importer(815301076,1909f56bfc062723c751e8b465ee728b)
Start importing Assets/SaltyAssets/SunnyLand Artwork/Environment/Tileset/tileset-sliced.png using Guid(261212b977f594d5dbc48631a5c1295c) Importer(815301076,1909f56bfc062723c751e8b465ee728b)  -> (artifact id: '784e29a304664b9e0c08fb0700722a5d') in 0.335027 seconds
Number of updated asset objects reloaded before import = 0
Number of asset objects unloaded after import = 130
========================================================================
Received Import Request.
  Time since last request: 0.000027 seconds.
  path: Assets/SaltyAssets/SunnyLand Artwork/Environment/Tileset/tileset-sliced_2.asset
  artifactKey: Guid(6106597909d47804dad36a5aab5d99b8) Importer(815301076,1909f56bfc062723c751e8b465ee728b)
Start importing Assets/SaltyAssets/SunnyLand Artwork/Environment/Tileset/tileset-sliced_2.asset using Guid(6106597909d47804dad36a5aab5d99b8) Importer(815301076,1909f56bfc062723c751e8b465ee728b)  -> (artifact id: 'db882e8a3ddbe3918bccbe884e43eeac') in 0.015762 seconds
Number of updated asset objects reloaded before import = 0
Number of asset objects unloaded after import = 3
========================================================================
Received Import Request.
  Time since last request: 0.000021 seconds.
  path: Assets/SaltyAssets/SunnyLand Artwork/Environment/Tileset/tileset-sliced_52.asset
  artifactKey: Guid(96023b3bfc88ddb4180c75fd62a37ed8) Importer(815301076,1909f56bfc062723c751e8b465ee728b)
Start importing Assets/SaltyAssets/SunnyLand Artwork/Environment/Tileset/tileset-sliced_52.asset using Guid(96023b3bfc88ddb4180c75fd62a37ed8) Importer(815301076,1909f56bfc062723c751e8b465ee728b)  -> (artifact id: '4a622e01aea8de59631d1e79e5b88d98') in 0.006733 seconds
Number of updated asset objects reloaded before import = 0
Number of asset objects unloaded after import = 3
========================================================================
Received Import Request.
  Time since last request: 0.000015 seconds.
  path: Assets/SaltyAssets/SunnyLand Artwork/Environment/Tileset/tileset-sliced_12.asset
  artifactKey: Guid(441afb49a6a3c8e41820d8d218442054) Importer(815301076,1909f56bfc062723c751e8b465ee728b)
Start importing Assets/SaltyAssets/SunnyLand Artwork/Environment/Tileset/tileset-sliced_12.asset using Guid(441afb49a6a3c8e41820d8d218442054) Importer(815301076,1909f56bfc062723c751e8b465ee728b)  -> (artifact id: '0f2ae12246545cdbf036ad094de870c7') in 0.005667 seconds
Number of updated asset objects reloaded before import = 0
Number of asset objects unloaded after import = 3
========================================================================
Received Import Request.
  Time since last request: 0.000037 seconds.
  path: Assets/SaltyAssets/SunnyLand Artwork/Environment/Tileset/tileset-sliced_21.asset
  artifactKey: Guid(b02df6a39c3c60445993c5f9235b37e3) Importer(815301076,1909f56bfc062723c751e8b465ee728b)
Start importing Assets/SaltyAssets/SunnyLand Artwork/Environment/Tileset/tileset-sliced_21.asset using Guid(b02df6a39c3c60445993c5f9235b37e3) Importer(815301076,1909f56bfc062723c751e8b465ee728b)  -> (artifact id: '49573188a214726f7f0a43df1288095b') in 0.016593 seconds
Number of updated asset objects reloaded before import = 0
Number of asset objects unloaded after import = 3
========================================================================
Received Import Request.
  Time since last request: 0.000030 seconds.
  path: Assets/SaltyAssets/SunnyLand Artwork/Environment/Tileset/tileset-sliced_15.asset
  artifactKey: Guid(32661da8ce8dd3644bc6468732fc6bf5) Importer(815301076,1909f56bfc062723c751e8b465ee728b)
Start importing Assets/SaltyAssets/SunnyLand Artwork/Environment/Tileset/tileset-sliced_15.asset using Guid(32661da8ce8dd3644bc6468732fc6bf5) Importer(815301076,1909f56bfc062723c751e8b465ee728b)  -> (artifact id: '76007ff144dddfd8f7d949257b12d542') in 0.005667 seconds
Number of updated asset objects reloaded before import = 0
Number of asset objects unloaded after import = 3
========================================================================
Received Import Request.
  Time since last request: 0.000018 seconds.
  path: Assets/SaltyAssets/SunnyLand Artwork/Environment/Tileset/tileset-sliced_56.asset
  artifactKey: Guid(94aa16297ba86b84d90dd5ebd3ce384f) Importer(815301076,1909f56bfc062723c751e8b465ee728b)
Start importing Assets/SaltyAssets/SunnyLand Artwork/Environment/Tileset/tileset-sliced_56.asset using Guid(94aa16297ba86b84d90dd5ebd3ce384f) Importer(815301076,1909f56bfc062723c751e8b465ee728b)  -> (artifact id: '502ead89dc9a04d4e738abb1fd528c14') in 0.005340 seconds
Number of updated asset objects reloaded before import = 0
Number of asset objects unloaded after import = 3
========================================================================
Received Import Request.
  Time since last request: 0.000016 seconds.
  path: Assets/SaltyAssets/SunnyLand Artwork/Environment/Tileset/tileset-sliced_33.asset
  artifactKey: Guid(617e78c004a17874bba2e83fd1509baa) Importer(815301076,1909f56bfc062723c751e8b465ee728b)
Start importing Assets/SaltyAssets/SunnyLand Artwork/Environment/Tileset/tileset-sliced_33.asset using Guid(617e78c004a17874bba2e83fd1509baa) Importer(815301076,1909f56bfc062723c751e8b465ee728b)  -> (artifact id: '6f805af69a055db43e3464b83bdc9021') in 0.005221 seconds
Number of updated asset objects reloaded before import = 0
Number of asset objects unloaded after import = 3
========================================================================
Received Import Request.
  Time since last request: 0.000019 seconds.
  path: Assets/SaltyAssets/SunnyLand Artwork/Environment/Tileset/tileset-sliced_51.asset
  artifactKey: Guid(3bd0c7c51a16804468adfa1189f4d3e7) Importer(815301076,1909f56bfc062723c751e8b465ee728b)
Start importing Assets/SaltyAssets/SunnyLand Artwork/Environment/Tileset/tileset-sliced_51.asset using Guid(3bd0c7c51a16804468adfa1189f4d3e7) Importer(815301076,1909f56bfc062723c751e8b465ee728b)  -> (artifact id: '94fc30f64bdd125a33626971ee041dd2') in 0.005715 seconds
Number of updated asset objects reloaded before import = 0
Number of asset objects unloaded after import = 3
========================================================================
Received Import Request.
  Time since last request: 0.000031 seconds.
  path: Assets/SaltyAssets/SunnyLand Artwork/Environment/Tileset/tileset-sliced_58.asset
  artifactKey: Guid(26a3ae836e2b82e43847066439abedc6) Importer(815301076,1909f56bfc062723c751e8b465ee728b)
Start importing Assets/SaltyAssets/SunnyLand Artwork/Environment/Tileset/tileset-sliced_58.asset using Guid(26a3ae836e2b82e43847066439abedc6) Importer(815301076,1909f56bfc062723c751e8b465ee728b)  -> (artifact id: '752ed3095238e19577ce38efd1129656') in 0.007966 seconds
Number of updated asset objects reloaded before import = 0
Number of asset objects unloaded after import = 3
========================================================================
Received Import Request.
  Time since last request: 0.000018 seconds.
  path: Assets/SaltyAssets/SunnyLand Artwork/Environment/Tileset/tileset-sliced_48.asset
  artifactKey: Guid(e5392e55430188a48bcd79da1a30765d) Importer(815301076,1909f56bfc062723c751e8b465ee728b)
Start importing Assets/SaltyAssets/SunnyLand Artwork/Environment/Tileset/tileset-sliced_48.asset using Guid(e5392e55430188a48bcd79da1a30765d) Importer(815301076,1909f56bfc062723c751e8b465ee728b)  -> (artifact id: '5a39373597b8338272f9aced6b3922ee') in 0.006892 seconds
Number of updated asset objects reloaded before import = 0
Number of asset objects unloaded after import = 3
========================================================================
Received Import Request.
  Time since last request: 0.000025 seconds.
  path: Assets/SaltyAssets/SunnyLand Artwork/Environment/Tileset/tileset-sliced_36.asset
  artifactKey: Guid(db4fa6d5e47b2bb4fb72eef721796be1) Importer(815301076,1909f56bfc062723c751e8b465ee728b)
Start importing Assets/SaltyAssets/SunnyLand Artwork/Environment/Tileset/tileset-sliced_36.asset using Guid(db4fa6d5e47b2bb4fb72eef721796be1) Importer(815301076,1909f56bfc062723c751e8b465ee728b)  -> (artifact id: '07f0e7fd9c0d96a614d5d7210b937385') in 0.005489 seconds
Number of updated asset objects reloaded before import = 0
Number of asset objects unloaded after import = 3
========================================================================
Received Import Request.
  Time since last request: 0.000016 seconds.
  path: Assets/SaltyAssets/SunnyLand Artwork/Environment/Tileset/tileset-sliced_0.asset
  artifactKey: Guid(bb3520a55781a954abe89b92bcdc313f) Importer(815301076,1909f56bfc062723c751e8b465ee728b)
Start importing Assets/SaltyAssets/SunnyLand Artwork/Environment/Tileset/tileset-sliced_0.asset using Guid(bb3520a55781a954abe89b92bcdc313f) Importer(815301076,1909f56bfc062723c751e8b465ee728b)  -> (artifact id: '650811d8afba7d1500e85a02cd0eaac0') in 0.006003 seconds
Number of updated asset objects reloaded before import = 0
Number of asset objects unloaded after import = 3
========================================================================
Received Import Request.
  Time since last request: 0.000023 seconds.
  path: Assets/SaltyAssets/SunnyLand Artwork/Environment/Tileset/tileset-sliced_55.asset
  artifactKey: Guid(7ae52af6c6ab1f340aa1a4291347c476) Importer(815301076,1909f56bfc062723c751e8b465ee728b)
Start importing Assets/SaltyAssets/SunnyLand Artwork/Environment/Tileset/tileset-sliced_55.asset using Guid(7ae52af6c6ab1f340aa1a4291347c476) Importer(815301076,1909f56bfc062723c751e8b465ee728b)  -> (artifact id: '2d8459776242a27c3d69433822a8c9d7') in 0.005599 seconds
Number of updated asset objects reloaded before import = 0
Number of asset objects unloaded after import = 3
========================================================================
Received Import Request.
  Time since last request: 0.000020 seconds.
  path: Assets/SaltyAssets/SunnyLand Artwork/Environment/Tileset/tileset-sliced_7.asset
  artifactKey: Guid(b7f23a79dfd6b104593150a2da274ec8) Importer(815301076,1909f56bfc062723c751e8b465ee728b)
Start importing Assets/SaltyAssets/SunnyLand Artwork/Environment/Tileset/tileset-sliced_7.asset using Guid(b7f23a79dfd6b104593150a2da274ec8) Importer(815301076,1909f56bfc062723c751e8b465ee728b)  -> (artifact id: '89aab7bcf4018afd39eae77f392ce06e') in 0.005622 seconds
Number of updated asset objects reloaded before import = 0
Number of asset objects unloaded after import = 3
========================================================================
Received Import Request.
  Time since last request: 0.000021 seconds.
  path: Assets/SaltyAssets/SunnyLand Artwork/Environment/Tileset/tileset-sliced_40.asset
  artifactKey: Guid(0403385aea9241d4f905978063b5f6fa) Importer(815301076,1909f56bfc062723c751e8b465ee728b)
Start importing Assets/SaltyAssets/SunnyLand Artwork/Environment/Tileset/tileset-sliced_40.asset using Guid(0403385aea9241d4f905978063b5f6fa) Importer(815301076,1909f56bfc062723c751e8b465ee728b)  -> (artifact id: 'd0114ae045626a2e919ad21203e5c1eb') in 0.005598 seconds
Number of updated asset objects reloaded before import = 0
Number of asset objects unloaded after import = 3
========================================================================
Received Import Request.
  Time since last request: 0.000019 seconds.
  path: Assets/SaltyAssets/SunnyLand Artwork/Environment/Tileset/tileset-sliced_23.asset
  artifactKey: Guid(f507f9c2862ce4846baef785fb27a5f1) Importer(815301076,1909f56bfc062723c751e8b465ee728b)
Start importing Assets/SaltyAssets/SunnyLand Artwork/Environment/Tileset/tileset-sliced_23.asset using Guid(f507f9c2862ce4846baef785fb27a5f1) Importer(815301076,1909f56bfc062723c751e8b465ee728b)  -> (artifact id: '608e64f6f0e4e5cf4be08288da7aa711') in 0.005885 seconds
Number of updated asset objects reloaded before import = 0
Number of asset objects unloaded after import = 3
========================================================================
Received Import Request.
  Time since last request: 0.000025 seconds.
  path: Assets/SaltyAssets/SunnyLand Artwork/Environment/Tileset/tileset-sliced_61.asset
  artifactKey: Guid(38276c4cd23f6bb45a4df847849ceaa2) Importer(815301076,1909f56bfc062723c751e8b465ee728b)
Start importing Assets/SaltyAssets/SunnyLand Artwork/Environment/Tileset/tileset-sliced_61.asset using Guid(38276c4cd23f6bb45a4df847849ceaa2) Importer(815301076,1909f56bfc062723c751e8b465ee728b)  -> (artifact id: 'd205cca8616e9745c222dc951ed28382') in 0.004996 seconds
Number of updated asset objects reloaded before import = 0
Number of asset objects unloaded after import = 3
========================================================================
Received Prepare
Begin MonoManager ReloadAssembly
- Loaded All Assemblies, in  0.628 seconds
Refreshing native plugins compatible for Editor in 2.06 ms, found 3 plugins.
Native extension for WindowsStandalone target not found
Mono: successfully reloaded assembly
- Finished resetting the current domain, in  0.724 seconds
Domain Reload Profiling: 1351ms
	BeginReloadAssembly (163ms)
		ExecutionOrderSort (0ms)
		DisableScriptedObjects (13ms)
		BackupInstance (0ms)
		ReleaseScriptingObjects (0ms)
		CreateAndSetChildDomain (46ms)
	RebuildCommonClasses (37ms)
	RebuildNativeTypeToScriptingClass (11ms)
	initialDomainReloadingComplete (26ms)
	LoadAllAssembliesAndSetupDomain (390ms)
		LoadAssemblies (254ms)
		RebuildTransferFunctionScriptingTraits (0ms)
		AnalyzeDomain (210ms)
			TypeCache.Refresh (208ms)
				TypeCache.ScanAssembly (196ms)
			ScanForSourceGeneratedMonoScriptInfo (0ms)
			ResolveRequiredComponents (2ms)
	FinalizeReload (724ms)
		ReleaseScriptCaches (0ms)
		RebuildScriptCaches (0ms)
		SetupLoadedEditorAssemblies (344ms)
			LogAssemblyErrors (0ms)
			InitializePlatformSupportModulesInManaged (6ms)
			SetLoadedEditorAssemblies (5ms)
			RefreshPlugins (0ms)
			BeforeProcessingInitializeOnLoad (57ms)
			ProcessInitializeOnLoadAttributes (237ms)
			ProcessInitializeOnLoadMethodAttributes (35ms)
			AfterProcessingInitializeOnLoad (3ms)
			EditorAssembliesLoaded (0ms)
		ExecutionOrderSort2 (0ms)
		AwakeInstancesAfterBackupRestoration (17ms)
Refreshing native plugins compatible for Editor in 3.02 ms, found 3 plugins.
Preloading 0 native plugins for Editor in 0.00 ms.
Unloading 2388 Unused Serialized files (Serialized files now loaded: 0)
Unloading 29 unused Assets / (32.3 KB). Loaded Objects now: 2905.
Memory consumption went from 107.6 MB to 107.5 MB.
Total: 4.140500 ms (FindLiveObjects: 0.354400 ms CreateObjectMapping: 0.154100 ms MarkObjects: 3.553300 ms  DeleteObjects: 0.076900 ms)

Prepare: number of updated asset objects reloaded= 0
AssetImportParameters requested are different than current active one (requested -> active):
  custom:video-decoder-webm-vp8: 9c59270c3fd7afecdb556c50c9e8de78 -> 
  custom:container-demuxer-ogg: 62fdf1f143b41e24485cea50d1cbac27 -> 
  custom:AudioImporter_EditorPlatform: d09bf68614088b80899f8185d706f6e7 -> 
  custom:video-decoder-ogg-theora: a1e56fd34408186e4bbccfd4996cb3dc -> 
  custom:framework-win-MediaFoundation: 216162199b28c13a410421893ffa2e32 -> 
  custom:video-encoder-webm-vp8: eb34c28f22e8b96e1ab97ce403110664 -> 
  custom:audio-decoder-ogg-vorbis: bf7c407c2cedff20999df2af8eb42d56 -> 
  custom:container-demuxer-webm: 4f35f7cbe854078d1ac9338744f61a02 -> 
  custom:audio-encoder-webm-vorbis: bf7c407c2cedff20999df2af8eb42d56 -> 
  custom:container-muxer-webm: aa71ff27fc2769a1b78a27578f13a17b -> 
========================================================================
Received Import Request.
  Time since last request: 51.781210 seconds.
  path: Assets/SaltyAssets/SunnyLand Artwork/Environment/Tileset/tileset-sliced_2.asset
  artifactKey: Guid(6106597909d47804dad36a5aab5d99b8) Importer(815301076,1909f56bfc062723c751e8b465ee728b)
Start importing Assets/SaltyAssets/SunnyLand Artwork/Environment/Tileset/tileset-sliced_2.asset using Guid(6106597909d47804dad36a5aab5d99b8) Importer(815301076,1909f56bfc062723c751e8b465ee728b)  -> (artifact id: '5f556722719ab82c63d3826271cf0ff9') in 0.049153 seconds
Number of updated asset objects reloaded before import = 0
Number of asset objects unloaded after import = 3
========================================================================
Received Import Request.
  Time since last request: 0.000015 seconds.
  path: Assets/SaltyAssets/SunnyLand Artwork/Environment/Tileset/tileset-sliced_32.asset
  artifactKey: Guid(cae9a8360392bfd49b13e8cbe579bf85) Importer(815301076,1909f56bfc062723c751e8b465ee728b)
Start importing Assets/SaltyAssets/SunnyLand Artwork/Environment/Tileset/tileset-sliced_32.asset using Guid(cae9a8360392bfd49b13e8cbe579bf85) Importer(815301076,1909f56bfc062723c751e8b465ee728b)  -> (artifact id: 'cd62b600d0c0fa0f4808cb0fc5ceef6a') in 0.004750 seconds
Number of updated asset objects reloaded before import = 0
Number of asset objects unloaded after import = 3
========================================================================
Received Import Request.
  Time since last request: 0.000019 seconds.
  path: Assets/SaltyAssets/SunnyLand Artwork/Environment/Tileset/tileset-sliced_47.asset
  artifactKey: Guid(6267d21089f75674e8925b33d103c902) Importer(815301076,1909f56bfc062723c751e8b465ee728b)
Start importing Assets/SaltyAssets/SunnyLand Artwork/Environment/Tileset/tileset-sliced_47.asset using Guid(6267d21089f75674e8925b33d103c902) Importer(815301076,1909f56bfc062723c751e8b465ee728b)  -> (artifact id: '4bb02907c07ca24f48b471ee192eb3bc') in 0.004707 seconds
Number of updated asset objects reloaded before import = 0
Number of asset objects unloaded after import = 3
========================================================================
Received Import Request.
  Time since last request: 0.000020 seconds.
  path: Assets/SaltyAssets/SunnyLand Artwork/Environment/Tileset/tileset-sliced_9.asset
  artifactKey: Guid(01eacddc850c8594d98ac323a25210ac) Importer(815301076,1909f56bfc062723c751e8b465ee728b)
Start importing Assets/SaltyAssets/SunnyLand Artwork/Environment/Tileset/tileset-sliced_9.asset using Guid(01eacddc850c8594d98ac323a25210ac) Importer(815301076,1909f56bfc062723c751e8b465ee728b)  -> (artifact id: '920b55d9ad422939b2c7c211d3829a84') in 0.004896 seconds
Number of updated asset objects reloaded before import = 0
Number of asset objects unloaded after import = 3
========================================================================
Received Import Request.
  Time since last request: 0.000019 seconds.
  path: Assets/SaltyAssets/SunnyLand Artwork/Environment/Tileset/tileset-sliced_28.asset
  artifactKey: Guid(6b437b4fa0d0f4648b4f687cf539ab76) Importer(815301076,1909f56bfc062723c751e8b465ee728b)
Start importing Assets/SaltyAssets/SunnyLand Artwork/Environment/Tileset/tileset-sliced_28.asset using Guid(6b437b4fa0d0f4648b4f687cf539ab76) Importer(815301076,1909f56bfc062723c751e8b465ee728b)  -> (artifact id: 'e743ad2e456ffee2b4fe32668346e2de') in 0.005333 seconds
Number of updated asset objects reloaded before import = 0
Number of asset objects unloaded after import = 3
========================================================================
Received Import Request.
  Time since last request: 0.000016 seconds.
  path: Assets/SaltyAssets/SunnyLand Artwork/Environment/Tileset/tileset-sliced_35.asset
  artifactKey: Guid(d497bb3d933aaad4b90a7c77e66b856a) Importer(815301076,1909f56bfc062723c751e8b465ee728b)
Start importing Assets/SaltyAssets/SunnyLand Artwork/Environment/Tileset/tileset-sliced_35.asset using Guid(d497bb3d933aaad4b90a7c77e66b856a) Importer(815301076,1909f56bfc062723c751e8b465ee728b)  -> (artifact id: 'bf716ecf8da8e3a433516d7908118cf2') in 0.004975 seconds
Number of updated asset objects reloaded before import = 0
Number of asset objects unloaded after import = 3
========================================================================
Received Import Request.
  Time since last request: 0.000024 seconds.
  path: Assets/SaltyAssets/SunnyLand Artwork/Environment/Tileset/tileset-sliced_10.asset
  artifactKey: Guid(5fea5f896fa49674389d58add967afa9) Importer(815301076,1909f56bfc062723c751e8b465ee728b)
Start importing Assets/SaltyAssets/SunnyLand Artwork/Environment/Tileset/tileset-sliced_10.asset using Guid(5fea5f896fa49674389d58add967afa9) Importer(815301076,1909f56bfc062723c751e8b465ee728b)  -> (artifact id: '873f2ff588d429ad613c52f7cee7a162') in 0.004928 seconds
Number of updated asset objects reloaded before import = 0
Number of asset objects unloaded after import = 3
========================================================================
Received Import Request.
  Time since last request: 0.000016 seconds.
  path: Assets/SaltyAssets/SunnyLand Artwork/Environment/Tileset/tileset-sliced_19.asset
  artifactKey: Guid(e7347a6ca6d80754a80ca305ccabfeb6) Importer(815301076,1909f56bfc062723c751e8b465ee728b)
Start importing Assets/SaltyAssets/SunnyLand Artwork/Environment/Tileset/tileset-sliced_19.asset using Guid(e7347a6ca6d80754a80ca305ccabfeb6) Importer(815301076,1909f56bfc062723c751e8b465ee728b)  -> (artifact id: '30244c743e9c82e2774f0380ca64f448') in 0.026104 seconds
Number of updated asset objects reloaded before import = 0
Number of asset objects unloaded after import = 3
========================================================================
Received Import Request.
  Time since last request: 0.000017 seconds.
  path: Assets/SaltyAssets/SunnyLand Artwork/Environment/Tileset/tileset-sliced_3.asset
  artifactKey: Guid(a0b280c02cbfffe4084f4722ed26afcc) Importer(815301076,1909f56bfc062723c751e8b465ee728b)
Start importing Assets/SaltyAssets/SunnyLand Artwork/Environment/Tileset/tileset-sliced_3.asset using Guid(a0b280c02cbfffe4084f4722ed26afcc) Importer(815301076,1909f56bfc062723c751e8b465ee728b)  -> (artifact id: 'cb82135a4ff86a907be3f3086fdcced9') in 0.005586 seconds
Number of updated asset objects reloaded before import = 0
Number of asset objects unloaded after import = 3
========================================================================
Received Import Request.
  Time since last request: 0.000022 seconds.
  path: Assets/SaltyAssets/SunnyLand Artwork/Environment/Tileset/tileset-sliced_13.asset
  artifactKey: Guid(b7db3835f44776744aa6b17f5fe0bd26) Importer(815301076,1909f56bfc062723c751e8b465ee728b)
Start importing Assets/SaltyAssets/SunnyLand Artwork/Environment/Tileset/tileset-sliced_13.asset using Guid(b7db3835f44776744aa6b17f5fe0bd26) Importer(815301076,1909f56bfc062723c751e8b465ee728b)  -> (artifact id: '999803ea869388a710f6387e68ae5d9a') in 0.005451 seconds
Number of updated asset objects reloaded before import = 0
Number of asset objects unloaded after import = 3
========================================================================
Received Import Request.
  Time since last request: 0.000018 seconds.
  path: Assets/SaltyAssets/SunnyLand Artwork/Environment/Tileset/tileset-sliced_8.asset
  artifactKey: Guid(d8dc96555df42e94dba565eae3e3e30d) Importer(815301076,1909f56bfc062723c751e8b465ee728b)
Start importing Assets/SaltyAssets/SunnyLand Artwork/Environment/Tileset/tileset-sliced_8.asset using Guid(d8dc96555df42e94dba565eae3e3e30d) Importer(815301076,1909f56bfc062723c751e8b465ee728b)  -> (artifact id: 'd5eaf2efc69a9d854c92bb008e953fef') in 0.005048 seconds
Number of updated asset objects reloaded before import = 0
Number of asset objects unloaded after import = 3
========================================================================
Received Import Request.
  Time since last request: 0.000019 seconds.
  path: Assets/SaltyAssets/SunnyLand Artwork/Environment/Tileset/tileset-sliced_52.asset
  artifactKey: Guid(96023b3bfc88ddb4180c75fd62a37ed8) Importer(815301076,1909f56bfc062723c751e8b465ee728b)
Start importing Assets/SaltyAssets/SunnyLand Artwork/Environment/Tileset/tileset-sliced_52.asset using Guid(96023b3bfc88ddb4180c75fd62a37ed8) Importer(815301076,1909f56bfc062723c751e8b465ee728b)  -> (artifact id: '73b9f5ad37408e07d152f220bd68c409') in 0.005375 seconds
Number of updated asset objects reloaded before import = 0
Number of asset objects unloaded after import = 3
========================================================================
Received Import Request.
  Time since last request: 0.000022 seconds.
  path: Assets/SaltyAssets/SunnyLand Artwork/Environment/Tileset/tileset-sliced_29.asset
  artifactKey: Guid(fb5435fde59495f4a9d8d148615b47fa) Importer(815301076,1909f56bfc062723c751e8b465ee728b)
Start importing Assets/SaltyAssets/SunnyLand Artwork/Environment/Tileset/tileset-sliced_29.asset using Guid(fb5435fde59495f4a9d8d148615b47fa) Importer(815301076,1909f56bfc062723c751e8b465ee728b)  -> (artifact id: '15f460a5e4e6fa7b8e61450c081bc371') in 0.006371 seconds
Number of updated asset objects reloaded before import = 0
Number of asset objects unloaded after import = 3
========================================================================
Received Import Request.
  Time since last request: 0.000015 seconds.
  path: Assets/SaltyAssets/SunnyLand Artwork/Environment/Tileset/tileset-sliced_46.asset
  artifactKey: Guid(5e855e640d9e0ab4fa89e9bea8dc30de) Importer(815301076,1909f56bfc062723c751e8b465ee728b)
Start importing Assets/SaltyAssets/SunnyLand Artwork/Environment/Tileset/tileset-sliced_46.asset using Guid(5e855e640d9e0ab4fa89e9bea8dc30de) Importer(815301076,1909f56bfc062723c751e8b465ee728b)  -> (artifact id: '9f1c6a8005c2084dcc71d79d9cfe2695') in 0.004691 seconds
Number of updated asset objects reloaded before import = 0
Number of asset objects unloaded after import = 3
========================================================================
Received Import Request.
  Time since last request: 0.000019 seconds.
  path: Assets/SaltyAssets/SunnyLand Artwork/Environment/Tileset/tileset-sliced_56.asset
  artifactKey: Guid(94aa16297ba86b84d90dd5ebd3ce384f) Importer(815301076,1909f56bfc062723c751e8b465ee728b)
Start importing Assets/SaltyAssets/SunnyLand Artwork/Environment/Tileset/tileset-sliced_56.asset using Guid(94aa16297ba86b84d90dd5ebd3ce384f) Importer(815301076,1909f56bfc062723c751e8b465ee728b)  -> (artifact id: '953c386178d7ad14c993489e122f0ff3') in 0.005007 seconds
Number of updated asset objects reloaded before import = 0
Number of asset objects unloaded after import = 3
========================================================================
Received Import Request.
  Time since last request: 0.000018 seconds.
  path: Assets/SaltyAssets/SunnyLand Artwork/Environment/Tileset/tileset-sliced_44.asset
  artifactKey: Guid(df5b1426695aee246b7d196f56e559a4) Importer(815301076,1909f56bfc062723c751e8b465ee728b)
Start importing Assets/SaltyAssets/SunnyLand Artwork/Environment/Tileset/tileset-sliced_44.asset using Guid(df5b1426695aee246b7d196f56e559a4) Importer(815301076,1909f56bfc062723c751e8b465ee728b)  -> (artifact id: '9b51bff656c9b7fcdb4fc35f97793374') in 0.006146 seconds
Number of updated asset objects reloaded before import = 0
Number of asset objects unloaded after import = 3
========================================================================
Received Import Request.
  Time since last request: 0.000025 seconds.
  path: Assets/SaltyAssets/SunnyLand Artwork/Environment/Tileset/tileset-sliced_18.asset
  artifactKey: Guid(0162cdbfcae4110498f6e1d3e35b1c55) Importer(815301076,1909f56bfc062723c751e8b465ee728b)
Start importing Assets/SaltyAssets/SunnyLand Artwork/Environment/Tileset/tileset-sliced_18.asset using Guid(0162cdbfcae4110498f6e1d3e35b1c55) Importer(815301076,1909f56bfc062723c751e8b465ee728b)  -> (artifact id: '2a93de3b23c6fc1125c6e670d3995132') in 0.005226 seconds
Number of updated asset objects reloaded before import = 0
Number of asset objects unloaded after import = 3
========================================================================
Received Import Request.
  Time since last request: 0.000016 seconds.
  path: Assets/SaltyAssets/SunnyLand Artwork/Environment/Tileset/tileset-sliced_16.asset
  artifactKey: Guid(5248c970fd9211546bd3464de6f3c51c) Importer(815301076,1909f56bfc062723c751e8b465ee728b)
Start importing Assets/SaltyAssets/SunnyLand Artwork/Environment/Tileset/tileset-sliced_16.asset using Guid(5248c970fd9211546bd3464de6f3c51c) Importer(815301076,1909f56bfc062723c751e8b465ee728b)  -> (artifact id: '015be4e82cb3ae3bf47e2e0bdfbbd1ad') in 0.005137 seconds
Number of updated asset objects reloaded before import = 0
Number of asset objects unloaded after import = 3
========================================================================
Received Import Request.
  Time since last request: 0.000014 seconds.
  path: Assets/SaltyAssets/SunnyLand Artwork/Environment/Tileset/tileset-sliced_60.asset
  artifactKey: Guid(5c8b9551abdb8ca489078ff9de589364) Importer(815301076,1909f56bfc062723c751e8b465ee728b)
Start importing Assets/SaltyAssets/SunnyLand Artwork/Environment/Tileset/tileset-sliced_60.asset using Guid(5c8b9551abdb8ca489078ff9de589364) Importer(815301076,1909f56bfc062723c751e8b465ee728b)  -> (artifact id: '886b83eabbc76b40b56229ee6cbba144') in 0.004893 seconds
Number of updated asset objects reloaded before import = 0
Number of asset objects unloaded after import = 3
========================================================================
Received Import Request.
  Time since last request: 0.000016 seconds.
  path: Assets/SaltyAssets/SunnyLand Artwork/Environment/Tileset/tileset-sliced_53.asset
  artifactKey: Guid(e4f7514cb0b1f8a4fa939a375b06a9dd) Importer(815301076,1909f56bfc062723c751e8b465ee728b)
Start importing Assets/SaltyAssets/SunnyLand Artwork/Environment/Tileset/tileset-sliced_53.asset using Guid(e4f7514cb0b1f8a4fa939a375b06a9dd) Importer(815301076,1909f56bfc062723c751e8b465ee728b)  -> (artifact id: '715f77678fc33c7570990835f0f54bf5') in 0.005382 seconds
Number of updated asset objects reloaded before import = 0
Number of asset objects unloaded after import = 3
========================================================================
Received Prepare
Begin MonoManager ReloadAssembly
- Loaded All Assemblies, in  0.604 seconds
Refreshing native plugins compatible for Editor in 3.15 ms, found 3 plugins.
Native extension for WindowsStandalone target not found
Mono: successfully reloaded assembly
- Finished resetting the current domain, in  0.749 seconds
Domain Reload Profiling: 1352ms
	BeginReloadAssembly (158ms)
		ExecutionOrderSort (0ms)
		DisableScriptedObjects (13ms)
		BackupInstance (0ms)
		ReleaseScriptingObjects (0ms)
		CreateAndSetChildDomain (44ms)
	RebuildCommonClasses (30ms)
	RebuildNativeTypeToScriptingClass (13ms)
	initialDomainReloadingComplete (24ms)
	LoadAllAssembliesAndSetupDomain (377ms)
		LoadAssemblies (247ms)
		RebuildTransferFunctionScriptingTraits (0ms)
		AnalyzeDomain (202ms)
			TypeCache.Refresh (198ms)
				TypeCache.ScanAssembly (185ms)
			ScanForSourceGeneratedMonoScriptInfo (0ms)
			ResolveRequiredComponents (4ms)
	FinalizeReload (749ms)
		ReleaseScriptCaches (0ms)
		RebuildScriptCaches (0ms)
		SetupLoadedEditorAssemblies (365ms)
			LogAssemblyErrors (0ms)
			InitializePlatformSupportModulesInManaged (5ms)
			SetLoadedEditorAssemblies (4ms)
			RefreshPlugins (0ms)
			BeforeProcessingInitializeOnLoad (57ms)
			ProcessInitializeOnLoadAttributes (262ms)
			ProcessInitializeOnLoadMethodAttributes (33ms)
			AfterProcessingInitializeOnLoad (4ms)
			EditorAssembliesLoaded (0ms)
		ExecutionOrderSort2 (0ms)
		AwakeInstancesAfterBackupRestoration (16ms)
Refreshing native plugins compatible for Editor in 3.10 ms, found 3 plugins.
Preloading 0 native plugins for Editor in 0.00 ms.
Unloading 2388 Unused Serialized files (Serialized files now loaded: 0)
Unloading 29 unused Assets / (32.3 KB). Loaded Objects now: 2910.
Memory consumption went from 107.6 MB to 107.6 MB.
Total: 3.512200 ms (FindLiveObjects: 0.219500 ms CreateObjectMapping: 0.124100 ms MarkObjects: 3.100400 ms  DeleteObjects: 0.067300 ms)

Prepare: number of updated asset objects reloaded= 0
AssetImportParameters requested are different than current active one (requested -> active):
  custom:video-decoder-webm-vp8: 9c59270c3fd7afecdb556c50c9e8de78 -> 
  custom:container-demuxer-ogg: 62fdf1f143b41e24485cea50d1cbac27 -> 
  custom:AudioImporter_EditorPlatform: d09bf68614088b80899f8185d706f6e7 -> 
  custom:video-decoder-ogg-theora: a1e56fd34408186e4bbccfd4996cb3dc -> 
  custom:framework-win-MediaFoundation: 216162199b28c13a410421893ffa2e32 -> 
  custom:video-encoder-webm-vp8: eb34c28f22e8b96e1ab97ce403110664 -> 
  custom:audio-decoder-ogg-vorbis: bf7c407c2cedff20999df2af8eb42d56 -> 
  custom:container-demuxer-webm: 4f35f7cbe854078d1ac9338744f61a02 -> 
  custom:audio-encoder-webm-vorbis: bf7c407c2cedff20999df2af8eb42d56 -> 
  custom:container-muxer-webm: aa71ff27fc2769a1b78a27578f13a17b -> 
Editor requested this worker to shutdown with reason: Scaling down because of idle timeout
TcpMessagingSession - receive error: operation aborted. errorcode: 995, details: ќпераци€ ввода/вывода была прервана из-за завершени€ потока команд или по запросу приложени€.
AssetImportWorker is now disconnected from the server
Process exiting
Exiting without the bug reporter. Application will terminate with return code 0