Using pre-set license
Built from '2022.3/release' branch; Version is '2022.3.0f1 (fb119bb0b476) revision 16454043'; Using compiler version '192829333'; Build Type 'Release'
OS: 'Windows 10  (10.0.19045) 64bit Professional' Language: 'ru' Physical Memory: 32637 MB
BatchMode: 1, IsHumanControllingUs: 0, StartBugReporterOnCrash: 0, Is64bit: 1, IsPro: 1

COMMAND LINE ARGUMENTS:
B:\Unity Engine\2022.3.0f1\Editor\Unity.exe
-adb2
-batchMode
-noUpm
-name
AssetImportWorker6
-projectPath
D:/projects/saltyHITSProject/SaltyProject
-logFile
Logs/AssetImportWorker6.log
-srvPort
53063
Successfully changed project path to: D:/projects/saltyHITSProject/SaltyProject
D:/projects/saltyHITSProject/SaltyProject
[UnityMemory] Configuration Parameters - Can be set up in boot.config
    "memorysetup-bucket-allocator-granularity=16"
    "memorysetup-bucket-allocator-bucket-count=8"
    "memorysetup-bucket-allocator-block-size=33554432"
    "memorysetup-bucket-allocator-block-count=8"
    "memorysetup-main-allocator-block-size=16777216"
    "memorysetup-thread-allocator-block-size=16777216"
    "memorysetup-gfx-main-allocator-block-size=16777216"
    "memorysetup-gfx-thread-allocator-block-size=16777216"
    "memorysetup-cache-allocator-block-size=4194304"
    "memorysetup-typetree-allocator-block-size=2097152"
    "memorysetup-profiler-bucket-allocator-granularity=16"
    "memorysetup-profiler-bucket-allocator-bucket-count=8"
    "memorysetup-profiler-bucket-allocator-block-size=33554432"
    "memorysetup-profiler-bucket-allocator-block-count=8"
    "memorysetup-profiler-allocator-block-size=16777216"
    "memorysetup-profiler-editor-allocator-block-size=1048576"
    "memorysetup-temp-allocator-size-main=16777216"
    "memorysetup-job-temp-allocator-block-size=2097152"
    "memorysetup-job-temp-allocator-block-size-background=1048576"
    "memorysetup-job-temp-allocator-reduction-small-platforms=262144"
    "memorysetup-allocator-temp-initial-block-size-main=262144"
    "memorysetup-allocator-temp-initial-block-size-worker=262144"
    "memorysetup-temp-allocator-size-background-worker=32768"
    "memorysetup-temp-allocator-size-job-worker=262144"
    "memorysetup-temp-allocator-size-preload-manager=33554432"
    "memorysetup-temp-allocator-size-nav-mesh-worker=65536"
    "memorysetup-temp-allocator-size-audio-worker=65536"
    "memorysetup-temp-allocator-size-cloud-worker=32768"
    "memorysetup-temp-allocator-size-gi-baking-worker=262144"
    "memorysetup-temp-allocator-size-gfx=262144"
Player connection [4972] Host "[IP] 192.168.31.240 [Port] 0 [Flags] 2 [Guid] 578201509 [EditorId] 578201509 [Version] 1048832 [Id] WindowsEditor(7,DESKTOP-LA58NB8) [Debug] 1 [PackageName] WindowsEditor [ProjectName] Editor" joined multi-casting on [225.0.0.222:54997]...

Player connection [4972] Host "[IP] 192.168.31.240 [Port] 0 [Flags] 2 [Guid] 578201509 [EditorId] 578201509 [Version] 1048832 [Id] WindowsEditor(7,DESKTOP-LA58NB8) [Debug] 1 [PackageName] WindowsEditor [ProjectName] Editor" joined alternative multi-casting on [225.0.0.222:34997]...

Refreshing native plugins compatible for Editor in 9.89 ms, found 3 plugins.
Preloading 0 native plugins for Editor in 0.00 ms.
Initialize engine version: 2022.3.0f1 (fb119bb0b476)
[Subsystems] Discovering subsystems at path B:/Unity Engine/2022.3.0f1/Editor/Data/Resources/UnitySubsystems
[Subsystems] Discovering subsystems at path D:/projects/saltyHITSProject/SaltyProject/Assets
GfxDevice: creating device client; threaded=0; jobified=0
Direct3D:
    Version:  Direct3D 11.0 [level 11.1]
    Renderer: NVIDIA GeForce RTX 3060 (ID=0x2504)
    Vendor:   NVIDIA
    VRAM:     12129 MB
    Driver:   31.0.15.3179
Initialize mono
Mono path[0] = 'B:/Unity Engine/2022.3.0f1/Editor/Data/Managed'
Mono path[1] = 'B:/Unity Engine/2022.3.0f1/Editor/Data/MonoBleedingEdge/lib/mono/unityjit-win32'
Mono config path = 'B:/Unity Engine/2022.3.0f1/Editor/Data/MonoBleedingEdge/etc'
Using monoOptions --debugger-agent=transport=dt_socket,embedding=1,server=y,suspend=n,address=127.0.0.1:56760
Begin MonoManager ReloadAssembly
Registering precompiled unity dll's ...
Register platform support module: B:/Unity Engine/2022.3.0f1/Editor/Data/PlaybackEngines/WindowsStandaloneSupport/UnityEditor.WindowsStandalone.Extensions.dll
Registered in 0.003879 seconds.
- Loaded All Assemblies, in  0.341 seconds
Native extension for WindowsStandalone target not found
Mono: successfully reloaded assembly
- Finished resetting the current domain, in  0.427 seconds
Domain Reload Profiling: 767ms
	BeginReloadAssembly (88ms)
		ExecutionOrderSort (0ms)
		DisableScriptedObjects (0ms)
		BackupInstance (0ms)
		ReleaseScriptingObjects (0ms)
		CreateAndSetChildDomain (1ms)
	RebuildCommonClasses (36ms)
	RebuildNativeTypeToScriptingClass (9ms)
	initialDomainReloadingComplete (54ms)
	LoadAllAssembliesAndSetupDomain (153ms)
		LoadAssemblies (87ms)
		RebuildTransferFunctionScriptingTraits (0ms)
		AnalyzeDomain (150ms)
			TypeCache.Refresh (149ms)
				TypeCache.ScanAssembly (135ms)
			ScanForSourceGeneratedMonoScriptInfo (0ms)
			ResolveRequiredComponents (1ms)
	FinalizeReload (427ms)
		ReleaseScriptCaches (0ms)
		RebuildScriptCaches (0ms)
		SetupLoadedEditorAssemblies (359ms)
			LogAssemblyErrors (0ms)
			InitializePlatformSupportModulesInManaged (9ms)
			SetLoadedEditorAssemblies (8ms)
			RefreshPlugins (0ms)
			BeforeProcessingInitializeOnLoad (3ms)
			ProcessInitializeOnLoadAttributes (283ms)
			ProcessInitializeOnLoadMethodAttributes (56ms)
			AfterProcessingInitializeOnLoad (0ms)
			EditorAssembliesLoaded (0ms)
		ExecutionOrderSort2 (0ms)
		AwakeInstancesAfterBackupRestoration (0ms)
========================================================================
Worker process is ready to serve import requests
Begin MonoManager ReloadAssembly
- Loaded All Assemblies, in  0.677 seconds
Refreshing native plugins compatible for Editor in 3.58 ms, found 3 plugins.
Native extension for WindowsStandalone target not found
Mono: successfully reloaded assembly
- Finished resetting the current domain, in  0.547 seconds
Domain Reload Profiling: 1223ms
	BeginReloadAssembly (128ms)
		ExecutionOrderSort (0ms)
		DisableScriptedObjects (5ms)
		BackupInstance (0ms)
		ReleaseScriptingObjects (0ms)
		CreateAndSetChildDomain (30ms)
	RebuildCommonClasses (37ms)
	RebuildNativeTypeToScriptingClass (12ms)
	initialDomainReloadingComplete (43ms)
	LoadAllAssembliesAndSetupDomain (456ms)
		LoadAssemblies (259ms)
		RebuildTransferFunctionScriptingTraits (0ms)
		AnalyzeDomain (255ms)
			TypeCache.Refresh (230ms)
				TypeCache.ScanAssembly (218ms)
			ScanForSourceGeneratedMonoScriptInfo (20ms)
			ResolveRequiredComponents (4ms)
	FinalizeReload (547ms)
		ReleaseScriptCaches (0ms)
		RebuildScriptCaches (0ms)
		SetupLoadedEditorAssemblies (379ms)
			LogAssemblyErrors (0ms)
			InitializePlatformSupportModulesInManaged (5ms)
			SetLoadedEditorAssemblies (5ms)
			RefreshPlugins (0ms)
			BeforeProcessingInitializeOnLoad (60ms)
			ProcessInitializeOnLoadAttributes (269ms)
			ProcessInitializeOnLoadMethodAttributes (37ms)
			AfterProcessingInitializeOnLoad (3ms)
			EditorAssembliesLoaded (0ms)
		ExecutionOrderSort2 (0ms)
		AwakeInstancesAfterBackupRestoration (8ms)
Launched and connected shader compiler UnityShaderCompiler.exe after 0.06 seconds
Refreshing native plugins compatible for Editor in 4.37 ms, found 3 plugins.
Preloading 0 native plugins for Editor in 0.00 ms.
Unloading 2808 Unused Serialized files (Serialized files now loaded: 0)
Unloading 59 unused Assets / (60.7 KB). Loaded Objects now: 3274.
Memory consumption went from 118.4 MB to 118.3 MB.
Total: 5.160300 ms (FindLiveObjects: 0.501700 ms CreateObjectMapping: 0.198600 ms MarkObjects: 4.266100 ms  DeleteObjects: 0.192500 ms)

AssetImportParameters requested are different than current active one (requested -> active):
  custom:video-decoder-webm-vp8: 9c59270c3fd7afecdb556c50c9e8de78 -> 
  custom:container-demuxer-ogg: 62fdf1f143b41e24485cea50d1cbac27 -> 
  custom:AudioImporter_EditorPlatform: d09bf68614088b80899f8185d706f6e7 -> 
  custom:video-decoder-ogg-theora: a1e56fd34408186e4bbccfd4996cb3dc -> 
  custom:framework-win-MediaFoundation: 216162199b28c13a410421893ffa2e32 -> 
  custom:video-encoder-webm-vp8: eb34c28f22e8b96e1ab97ce403110664 -> 
  custom:audio-decoder-ogg-vorbis: bf7c407c2cedff20999df2af8eb42d56 -> 
  custom:container-demuxer-webm: 4f35f7cbe854078d1ac9338744f61a02 -> 
  custom:audio-encoder-webm-vorbis: bf7c407c2cedff20999df2af8eb42d56 -> 
  custom:container-muxer-webm: aa71ff27fc2769a1b78a27578f13a17b -> 
========================================================================
Received Import Request.
  Time since last request: 1384942.975040 seconds.
  path: Assets/SaltyAssets/2D Ice World/Assets/Sprites/ATLAS_Water_Snow_0002.png
  artifactKey: Guid(74fcd1708f38dd1458edf8bbe184c4f0) Importer(815301076,1909f56bfc062723c751e8b465ee728b)
Start importing Assets/SaltyAssets/2D Ice World/Assets/Sprites/ATLAS_Water_Snow_0002.png using Guid(74fcd1708f38dd1458edf8bbe184c4f0) Importer(815301076,1909f56bfc062723c751e8b465ee728b)  -> (artifact id: 'fb175bb41ba3adb193b0c750a40ed07d') in 0.136835 seconds
Number of updated asset objects reloaded before import = 0
Number of asset objects unloaded after import = 12
========================================================================
Received Import Request.
  Time since last request: 0.000020 seconds.
  path: Assets/SaltyAssets/2D Ice World/Assets/Sprites/Iceworld_Background_0001.png
  artifactKey: Guid(c376948577663234f942e90523f4af7e) Importer(815301076,1909f56bfc062723c751e8b465ee728b)
Start importing Assets/SaltyAssets/2D Ice World/Assets/Sprites/Iceworld_Background_0001.png using Guid(c376948577663234f942e90523f4af7e) Importer(815301076,1909f56bfc062723c751e8b465ee728b)  -> (artifact id: '0dfde04d4e54d77a273fb73ac86b9973') in 0.018039 seconds
Number of updated asset objects reloaded before import = 0
Number of asset objects unloaded after import = 3
========================================================================
Received Import Request.
  Time since last request: 0.000027 seconds.
  path: Assets/SaltyAssets/2D Ice World/Assets/Sprites/Iceworld_Background_0002.png
  artifactKey: Guid(13ac864eef0d0a845998ca52f038dc34) Importer(815301076,1909f56bfc062723c751e8b465ee728b)
Start importing Assets/SaltyAssets/2D Ice World/Assets/Sprites/Iceworld_Background_0002.png using Guid(13ac864eef0d0a845998ca52f038dc34) Importer(815301076,1909f56bfc062723c751e8b465ee728b)  -> (artifact id: 'ed50c6909986ff33bbc7b0d62b54649b') in 0.014436 seconds
Number of updated asset objects reloaded before import = 0
Number of asset objects unloaded after import = 3
========================================================================
Received Import Request.
  Time since last request: 13.055488 seconds.
  path: Assets/SaltyAssets/2D Ice World/Assets/Sprites/Tile_Prefabs/Ice_Bot_26_big_L.asset
  artifactKey: Guid(17ee0b38039f5054b84e2e1d29866a95) Importer(815301076,1909f56bfc062723c751e8b465ee728b)
Start importing Assets/SaltyAssets/2D Ice World/Assets/Sprites/Tile_Prefabs/Ice_Bot_26_big_L.asset using Guid(17ee0b38039f5054b84e2e1d29866a95) Importer(815301076,1909f56bfc062723c751e8b465ee728b)  -> (artifact id: '742af5a120e858b48406daa4b833e057') in 0.031445 seconds
Number of updated asset objects reloaded before import = 0
Number of asset objects unloaded after import = 3
========================================================================
Received Import Request.
  Time since last request: 0.027320 seconds.
  path: Assets/SaltyAssets/2D Ice World/Assets/Sprites/Tile_Prefabs/Ice_Bot_L.asset
  artifactKey: Guid(1b4bb7e54b6892140b30541648e2609c) Importer(815301076,1909f56bfc062723c751e8b465ee728b)
Start importing Assets/SaltyAssets/2D Ice World/Assets/Sprites/Tile_Prefabs/Ice_Bot_L.asset using Guid(1b4bb7e54b6892140b30541648e2609c) Importer(815301076,1909f56bfc062723c751e8b465ee728b)  -> (artifact id: 'e6a5e2b6ca2bce41e25f8547cb279013') in 0.022041 seconds
Number of updated asset objects reloaded before import = 0
Number of asset objects unloaded after import = 3
========================================================================
Received Import Request.
  Time since last request: 0.000021 seconds.
  path: Assets/SaltyAssets/2D Ice World/Assets/Sprites/Tile_Prefabs/Ice_Top_2.asset
  artifactKey: Guid(0430c377706194a4285aeb1cd41e5855) Importer(815301076,1909f56bfc062723c751e8b465ee728b)
Start importing Assets/SaltyAssets/2D Ice World/Assets/Sprites/Tile_Prefabs/Ice_Top_2.asset using Guid(0430c377706194a4285aeb1cd41e5855) Importer(815301076,1909f56bfc062723c751e8b465ee728b)  -> (artifact id: 'ca138cc016ed2712aa696b3b448df396') in 0.015109 seconds
Number of updated asset objects reloaded before import = 0
Number of asset objects unloaded after import = 3
========================================================================
Received Import Request.
  Time since last request: 0.000025 seconds.
  path: Assets/SaltyAssets/2D Ice World/Assets/Sprites/Tile_Prefabs/Snowhill_2.asset
  artifactKey: Guid(365f9b984348b2047ba4e57744221c8e) Importer(815301076,1909f56bfc062723c751e8b465ee728b)
Start importing Assets/SaltyAssets/2D Ice World/Assets/Sprites/Tile_Prefabs/Snowhill_2.asset using Guid(365f9b984348b2047ba4e57744221c8e) Importer(815301076,1909f56bfc062723c751e8b465ee728b)  -> (artifact id: '6afc122319e96fbee50ce245648ddf02') in 0.022452 seconds
Number of updated asset objects reloaded before import = 0
Number of asset objects unloaded after import = 3
========================================================================
Received Import Request.
  Time since last request: 0.000021 seconds.
  path: Assets/SaltyAssets/2D Ice World/Assets/Sprites/Tile_Prefabs/Igloo_M_Door_L.asset
  artifactKey: Guid(d7ea00b01ec8af24e889c0dcf39271fa) Importer(815301076,1909f56bfc062723c751e8b465ee728b)
Start importing Assets/SaltyAssets/2D Ice World/Assets/Sprites/Tile_Prefabs/Igloo_M_Door_L.asset using Guid(d7ea00b01ec8af24e889c0dcf39271fa) Importer(815301076,1909f56bfc062723c751e8b465ee728b)  -> (artifact id: '96e85e4d35dead33cb3e764ae982532f') in 0.026966 seconds
Number of updated asset objects reloaded before import = 0
Number of asset objects unloaded after import = 3
========================================================================
Received Import Request.
  Time since last request: 0.000022 seconds.
  path: Assets/SaltyAssets/2D Ice World/Assets/Sprites/Tile_Prefabs/Snow_decoration_2.asset
  artifactKey: Guid(55185785d81549842937040957f5452e) Importer(815301076,1909f56bfc062723c751e8b465ee728b)
Start importing Assets/SaltyAssets/2D Ice World/Assets/Sprites/Tile_Prefabs/Snow_decoration_2.asset using Guid(55185785d81549842937040957f5452e) Importer(815301076,1909f56bfc062723c751e8b465ee728b)  -> (artifact id: '65449d86c4b43e0aa669cb6091a5b4c5') in 0.022287 seconds
Number of updated asset objects reloaded before import = 0
Number of asset objects unloaded after import = 3
========================================================================
Received Import Request.
  Time since last request: 0.000026 seconds.
  path: Assets/SaltyAssets/2D Ice World/Assets/Sprites/Tile_Prefabs/Ice_G_26_small_L.asset
  artifactKey: Guid(a2732ccb30d9a2843a26fd2fa58c56e5) Importer(815301076,1909f56bfc062723c751e8b465ee728b)
Start importing Assets/SaltyAssets/2D Ice World/Assets/Sprites/Tile_Prefabs/Ice_G_26_small_L.asset using Guid(a2732ccb30d9a2843a26fd2fa58c56e5) Importer(815301076,1909f56bfc062723c751e8b465ee728b)  -> (artifact id: '7b3741880cfad90f3a6d4c84eb147ba3') in 0.018033 seconds
Number of updated asset objects reloaded before import = 0
Number of asset objects unloaded after import = 3
========================================================================
Received Import Request.
  Time since last request: 0.000019 seconds.
  path: Assets/SaltyAssets/2D Ice World/Assets/Sprites/Tile_Prefabs/Igloo_Door_R.asset
  artifactKey: Guid(00caee1567ab8154f97aab2cff496071) Importer(815301076,1909f56bfc062723c751e8b465ee728b)
Start importing Assets/SaltyAssets/2D Ice World/Assets/Sprites/Tile_Prefabs/Igloo_Door_R.asset using Guid(00caee1567ab8154f97aab2cff496071) Importer(815301076,1909f56bfc062723c751e8b465ee728b)  -> (artifact id: '5555ec15845b1d72a44b495dd075c5c9') in 0.017169 seconds
Number of updated asset objects reloaded before import = 0
Number of asset objects unloaded after import = 3
========================================================================
Received Import Request.
  Time since last request: 0.000041 seconds.
  path: Assets/SaltyAssets/2D Ice World/Assets/Sprites/Tile_Prefabs/Igloo_M_L.asset
  artifactKey: Guid(109e0684956eead409192c5eaa14ec8b) Importer(815301076,1909f56bfc062723c751e8b465ee728b)
Start importing Assets/SaltyAssets/2D Ice World/Assets/Sprites/Tile_Prefabs/Igloo_M_L.asset using Guid(109e0684956eead409192c5eaa14ec8b) Importer(815301076,1909f56bfc062723c751e8b465ee728b)  -> (artifact id: '5b6da564fc023f646592fd63f1e59c9a') in 0.013820 seconds
Number of updated asset objects reloaded before import = 0
Number of asset objects unloaded after import = 3
========================================================================
Received Import Request.
  Time since last request: 0.000023 seconds.
  path: Assets/SaltyAssets/2D Ice World/Assets/Sprites/Tile_Prefabs/Snow_E_L.asset
  artifactKey: Guid(1d6ed730160e34b4bbad9e3f3b835be5) Importer(815301076,1909f56bfc062723c751e8b465ee728b)
Start importing Assets/SaltyAssets/2D Ice World/Assets/Sprites/Tile_Prefabs/Snow_E_L.asset using Guid(1d6ed730160e34b4bbad9e3f3b835be5) Importer(815301076,1909f56bfc062723c751e8b465ee728b)  -> (artifact id: '29ca34de211281ac2689bdc1c451d22b') in 0.014700 seconds
Number of updated asset objects reloaded before import = 0
Number of asset objects unloaded after import = 3
========================================================================
Received Import Request.
  Time since last request: 0.000021 seconds.
  path: Assets/SaltyAssets/2D Ice World/Assets/Sprites/Tile_Prefabs/Snowtree_ground.asset
  artifactKey: Guid(63d8b04db6606e44bb3557482a7ac208) Importer(815301076,1909f56bfc062723c751e8b465ee728b)
Start importing Assets/SaltyAssets/2D Ice World/Assets/Sprites/Tile_Prefabs/Snowtree_ground.asset using Guid(63d8b04db6606e44bb3557482a7ac208) Importer(815301076,1909f56bfc062723c751e8b465ee728b)  -> (artifact id: '8ad98a0b66c6556f58df3686e2bbf363') in 0.014876 seconds
Number of updated asset objects reloaded before import = 0
Number of asset objects unloaded after import = 3
========================================================================
Received Import Request.
  Time since last request: 0.000014 seconds.
  path: Assets/SaltyAssets/2D Ice World/Assets/Sprites/Tile_Prefabs/Snow_G_M.asset
  artifactKey: Guid(fe3136f5731785e4f9388a3cc20b8dc2) Importer(815301076,1909f56bfc062723c751e8b465ee728b)
Start importing Assets/SaltyAssets/2D Ice World/Assets/Sprites/Tile_Prefabs/Snow_G_M.asset using Guid(fe3136f5731785e4f9388a3cc20b8dc2) Importer(815301076,1909f56bfc062723c751e8b465ee728b)  -> (artifact id: 'c41424b71d73a8fb916550bf5fbc3dec') in 0.013807 seconds
Number of updated asset objects reloaded before import = 0
Number of asset objects unloaded after import = 3
========================================================================
Received Import Request.
  Time since last request: 0.000018 seconds.
  path: Assets/SaltyAssets/2D Ice World/Assets/Sprites/Tile_Prefabs/Snow_decoration_1.asset
  artifactKey: Guid(a514f3226ab01fa46bba3a887cd8769e) Importer(815301076,1909f56bfc062723c751e8b465ee728b)
Start importing Assets/SaltyAssets/2D Ice World/Assets/Sprites/Tile_Prefabs/Snow_decoration_1.asset using Guid(a514f3226ab01fa46bba3a887cd8769e) Importer(815301076,1909f56bfc062723c751e8b465ee728b)  -> (artifact id: '945d729e7b2fd30399687b3397247883') in 0.012782 seconds
Number of updated asset objects reloaded before import = 0
Number of asset objects unloaded after import = 3
========================================================================
Received Import Request.
  Time since last request: 0.000016 seconds.
  path: Assets/SaltyAssets/2D Ice World/Assets/Sprites/Tile_Prefabs/Snowhill_1.asset
  artifactKey: Guid(297f910ab5f3bea41b729bcdd2f49d65) Importer(815301076,1909f56bfc062723c751e8b465ee728b)
Start importing Assets/SaltyAssets/2D Ice World/Assets/Sprites/Tile_Prefabs/Snowhill_1.asset using Guid(297f910ab5f3bea41b729bcdd2f49d65) Importer(815301076,1909f56bfc062723c751e8b465ee728b)  -> (artifact id: 'a0893e4faabcc0e9f72597aa9780b5c6') in 0.013758 seconds
Number of updated asset objects reloaded before import = 0
Number of asset objects unloaded after import = 3
========================================================================
Received Import Request.
  Time since last request: 0.000023 seconds.
  path: Assets/SaltyAssets/2D Ice World/Assets/Sprites/Tile_Prefabs/Ice_G_S_L.asset
  artifactKey: Guid(382df3d674a2c22408ca0282a5cb61a0) Importer(815301076,1909f56bfc062723c751e8b465ee728b)
Start importing Assets/SaltyAssets/2D Ice World/Assets/Sprites/Tile_Prefabs/Ice_G_S_L.asset using Guid(382df3d674a2c22408ca0282a5cb61a0) Importer(815301076,1909f56bfc062723c751e8b465ee728b)  -> (artifact id: '89ab57c320a5a6d7b8675fbfea2de796') in 0.014858 seconds
Number of updated asset objects reloaded before import = 0
Number of asset objects unloaded after import = 3
========================================================================
Received Import Request.
  Time since last request: 0.000022 seconds.
  path: Assets/SaltyAssets/2D Ice World/Assets/Sprites/Tile_Prefabs/Igloo_S_L.asset
  artifactKey: Guid(a19792e0755e9c5498820fccf7ec8381) Importer(815301076,1909f56bfc062723c751e8b465ee728b)
Start importing Assets/SaltyAssets/2D Ice World/Assets/Sprites/Tile_Prefabs/Igloo_S_L.asset using Guid(a19792e0755e9c5498820fccf7ec8381) Importer(815301076,1909f56bfc062723c751e8b465ee728b)  -> (artifact id: '408aa12a0f820d6acfd6aa18c9d358d4') in 0.014013 seconds
Number of updated asset objects reloaded before import = 0
Number of asset objects unloaded after import = 3
========================================================================
Received Import Request.
  Time since last request: 0.000020 seconds.
  path: Assets/SaltyAssets/2D Ice World/Assets/Sprites/Tile_Prefabs/Ice_Bot_R.asset
  artifactKey: Guid(70b9eef860a121a459a51858edff37ce) Importer(815301076,1909f56bfc062723c751e8b465ee728b)
Start importing Assets/SaltyAssets/2D Ice World/Assets/Sprites/Tile_Prefabs/Ice_Bot_R.asset using Guid(70b9eef860a121a459a51858edff37ce) Importer(815301076,1909f56bfc062723c751e8b465ee728b)  -> (artifact id: 'ac4760060217502f60e2de278ae85987') in 0.015619 seconds
Number of updated asset objects reloaded before import = 0
Number of asset objects unloaded after import = 3
========================================================================
Received Import Request.
  Time since last request: 0.000020 seconds.
  path: Assets/SaltyAssets/2D Ice World/Assets/Sprites/Tile_Prefabs/Ice_Top_26_small_R.asset
  artifactKey: Guid(967e876915bfb554b9f8ba151e45a1f9) Importer(815301076,1909f56bfc062723c751e8b465ee728b)
Start importing Assets/SaltyAssets/2D Ice World/Assets/Sprites/Tile_Prefabs/Ice_Top_26_small_R.asset using Guid(967e876915bfb554b9f8ba151e45a1f9) Importer(815301076,1909f56bfc062723c751e8b465ee728b)  -> (artifact id: '5430aadf058724e4bc1b5ffe79654abe') in 0.014696 seconds
Number of updated asset objects reloaded before import = 0
Number of asset objects unloaded after import = 3
========================================================================
Received Import Request.
  Time since last request: 0.000021 seconds.
  path: Assets/SaltyAssets/2D Ice World/Assets/Sprites/Tile_Prefabs/Ice_Bot_S_L.asset
  artifactKey: Guid(e6c1b73823d1b234cacf07de32b5e3e5) Importer(815301076,1909f56bfc062723c751e8b465ee728b)
Start importing Assets/SaltyAssets/2D Ice World/Assets/Sprites/Tile_Prefabs/Ice_Bot_S_L.asset using Guid(e6c1b73823d1b234cacf07de32b5e3e5) Importer(815301076,1909f56bfc062723c751e8b465ee728b)  -> (artifact id: '903159598f474dd2eae8ef4b65c10a02') in 0.016298 seconds
Number of updated asset objects reloaded before import = 0
Number of asset objects unloaded after import = 3
========================================================================
Received Import Request.
  Time since last request: 0.000022 seconds.
  path: Assets/SaltyAssets/2D Ice World/Assets/Sprites/Tile_Prefabs/Ice_G_26_small_R.asset
  artifactKey: Guid(b7864fb6c2aacfb478ccecb2d1772813) Importer(815301076,1909f56bfc062723c751e8b465ee728b)
Start importing Assets/SaltyAssets/2D Ice World/Assets/Sprites/Tile_Prefabs/Ice_G_26_small_R.asset using Guid(b7864fb6c2aacfb478ccecb2d1772813) Importer(815301076,1909f56bfc062723c751e8b465ee728b)  -> (artifact id: 'f2cd100a25d48e66ae0cd3079f09a402') in 0.015077 seconds
Number of updated asset objects reloaded before import = 0
Number of asset objects unloaded after import = 3
========================================================================
Received Import Request.
  Time since last request: 0.000015 seconds.
  path: Assets/SaltyAssets/2D Ice World/Assets/Sprites/Tile_Prefabs/Snowhill_3.asset
  artifactKey: Guid(a01d9c2fafafe7c4885321033a0e696e) Importer(815301076,1909f56bfc062723c751e8b465ee728b)
Start importing Assets/SaltyAssets/2D Ice World/Assets/Sprites/Tile_Prefabs/Snowhill_3.asset using Guid(a01d9c2fafafe7c4885321033a0e696e) Importer(815301076,1909f56bfc062723c751e8b465ee728b)  -> (artifact id: '374371b17717b8d5821e8843885f1acc') in 0.015708 seconds
Number of updated asset objects reloaded before import = 0
Number of asset objects unloaded after import = 3
========================================================================
Received Import Request.
  Time since last request: 0.000029 seconds.
  path: Assets/SaltyAssets/2D Ice World/Assets/Sprites/Tile_Prefabs/Ice_G_M.asset
  artifactKey: Guid(79a7890fc12b4a94299f6c19a226ec5e) Importer(815301076,1909f56bfc062723c751e8b465ee728b)
Start importing Assets/SaltyAssets/2D Ice World/Assets/Sprites/Tile_Prefabs/Ice_G_M.asset using Guid(79a7890fc12b4a94299f6c19a226ec5e) Importer(815301076,1909f56bfc062723c751e8b465ee728b)  -> (artifact id: '51c66e83506a7987956175b58e1d6ac4') in 0.015649 seconds
Number of updated asset objects reloaded before import = 0
Number of asset objects unloaded after import = 3
========================================================================
Received Import Request.
  Time since last request: 0.000025 seconds.
  path: Assets/SaltyAssets/2D Ice World/Assets/Sprites/Tile_Prefabs/Snowtree_Top.asset
  artifactKey: Guid(3a946b0264af28d4595343d22d7254aa) Importer(815301076,1909f56bfc062723c751e8b465ee728b)
Start importing Assets/SaltyAssets/2D Ice World/Assets/Sprites/Tile_Prefabs/Snowtree_Top.asset using Guid(3a946b0264af28d4595343d22d7254aa) Importer(815301076,1909f56bfc062723c751e8b465ee728b)  -> (artifact id: '143bcbd4f2b5c6a39af0f73f38c309ac') in 0.015395 seconds
Number of updated asset objects reloaded before import = 0
Number of asset objects unloaded after import = 3
========================================================================
Received Import Request.
  Time since last request: 0.000031 seconds.
  path: Assets/SaltyAssets/2D Ice World/Assets/Sprites/Tile_Prefabs/Igloo_S_R.asset
  artifactKey: Guid(387f28dbe233fc4488d755c92500c57e) Importer(815301076,1909f56bfc062723c751e8b465ee728b)
Start importing Assets/SaltyAssets/2D Ice World/Assets/Sprites/Tile_Prefabs/Igloo_S_R.asset using Guid(387f28dbe233fc4488d755c92500c57e) Importer(815301076,1909f56bfc062723c751e8b465ee728b)  -> (artifact id: '6ca9dd168db3003e9fbca29b35b096a2') in 0.015371 seconds
Number of updated asset objects reloaded before import = 0
Number of asset objects unloaded after import = 3
========================================================================
Received Import Request.
  Time since last request: 0.000017 seconds.
  path: Assets/SaltyAssets/2D Ice World/Assets/Sprites/Tile_Prefabs/Igloo_M_Dorr_R.asset
  artifactKey: Guid(1dcdcb829b93c2640b4e5f4c47fdc61d) Importer(815301076,1909f56bfc062723c751e8b465ee728b)
Start importing Assets/SaltyAssets/2D Ice World/Assets/Sprites/Tile_Prefabs/Igloo_M_Dorr_R.asset using Guid(1dcdcb829b93c2640b4e5f4c47fdc61d) Importer(815301076,1909f56bfc062723c751e8b465ee728b)  -> (artifact id: '7c3dedbfed4585e7a2c75f79d3d2d34e') in 0.016723 seconds
Number of updated asset objects reloaded before import = 0
Number of asset objects unloaded after import = 3
========================================================================
Received Import Request.
  Time since last request: 0.000025 seconds.
  path: Assets/SaltyAssets/2D Ice World/Assets/Sprites/Tile_Prefabs/Snow_G_26_big_L.asset
  artifactKey: Guid(90700a3bcdbed16478da63c2ecfb7a24) Importer(815301076,1909f56bfc062723c751e8b465ee728b)
Start importing Assets/SaltyAssets/2D Ice World/Assets/Sprites/Tile_Prefabs/Snow_G_26_big_L.asset using Guid(90700a3bcdbed16478da63c2ecfb7a24) Importer(815301076,1909f56bfc062723c751e8b465ee728b)  -> (artifact id: 'ef1bf2aff242657a80d96ab1c94d20e8') in 0.015168 seconds
Number of updated asset objects reloaded before import = 0
Number of asset objects unloaded after import = 3
========================================================================
Received Import Request.
  Time since last request: 0.000022 seconds.
  path: Assets/SaltyAssets/2D Ice World/Assets/Sprites/Tile_Prefabs/Snow_G_26_small_R.asset
  artifactKey: Guid(de2398526eb3ce948b6cacc2bb36436d) Importer(815301076,1909f56bfc062723c751e8b465ee728b)
Start importing Assets/SaltyAssets/2D Ice World/Assets/Sprites/Tile_Prefabs/Snow_G_26_small_R.asset using Guid(de2398526eb3ce948b6cacc2bb36436d) Importer(815301076,1909f56bfc062723c751e8b465ee728b)  -> (artifact id: 'dfde20334a5cc7a74f7c7f1c58d07edd') in 0.015214 seconds
Number of updated asset objects reloaded before import = 0
Number of asset objects unloaded after import = 3
========================================================================
Received Import Request.
  Time since last request: 0.000016 seconds.
  path: Assets/SaltyAssets/2D Ice World/Assets/Sprites/Tile_Prefabs/Ice_G_26_big_L.asset
  artifactKey: Guid(ab3d946fdb01f4a47bcd682c08dfc6e5) Importer(815301076,1909f56bfc062723c751e8b465ee728b)
Start importing Assets/SaltyAssets/2D Ice World/Assets/Sprites/Tile_Prefabs/Ice_G_26_big_L.asset using Guid(ab3d946fdb01f4a47bcd682c08dfc6e5) Importer(815301076,1909f56bfc062723c751e8b465ee728b)  -> (artifact id: '37f9916fea5bc1bbe6634a4452a581df') in 0.015381 seconds
Number of updated asset objects reloaded before import = 0
Number of asset objects unloaded after import = 3
========================================================================
Received Import Request.
  Time since last request: 9.123125 seconds.
  path: Assets/SaltyAssets/2D Ice World/Assets/Sprites/Single Sprites/Ice_Bot_L_0001.png
  artifactKey: Guid(bcbf49dfe057f134fa04e8ac89f1aa7a) Importer(815301076,1909f56bfc062723c751e8b465ee728b)
Start importing Assets/SaltyAssets/2D Ice World/Assets/Sprites/Single Sprites/Ice_Bot_L_0001.png using Guid(bcbf49dfe057f134fa04e8ac89f1aa7a) Importer(815301076,1909f56bfc062723c751e8b465ee728b)  -> (artifact id: '6f7883f1b06fff67f0354dd54a9e1ce7') in 0.020228 seconds
Number of updated asset objects reloaded before import = 0
Number of asset objects unloaded after import = 3
========================================================================
Received Import Request.
  Time since last request: 0.000018 seconds.
  path: Assets/SaltyAssets/2D Ice World/Assets/Sprites/Single Sprites/Igloo_Door_R_0001.png
  artifactKey: Guid(5260a3a99fe7a6841bac3c5787280897) Importer(815301076,1909f56bfc062723c751e8b465ee728b)
Start importing Assets/SaltyAssets/2D Ice World/Assets/Sprites/Single Sprites/Igloo_Door_R_0001.png using Guid(5260a3a99fe7a6841bac3c5787280897) Importer(815301076,1909f56bfc062723c751e8b465ee728b)  -> (artifact id: '5908973f765767985d661e3326ce57f5') in 0.018006 seconds
Number of updated asset objects reloaded before import = 0
Number of asset objects unloaded after import = 3
========================================================================
Received Import Request.
  Time since last request: 0.000023 seconds.
  path: Assets/SaltyAssets/2D Ice World/Assets/Sprites/Single Sprites/Igloo_M_Door_R_0001.png
  artifactKey: Guid(41cbc6eb1c4369b41b7a1d543a645a42) Importer(815301076,1909f56bfc062723c751e8b465ee728b)
Start importing Assets/SaltyAssets/2D Ice World/Assets/Sprites/Single Sprites/Igloo_M_Door_R_0001.png using Guid(41cbc6eb1c4369b41b7a1d543a645a42) Importer(815301076,1909f56bfc062723c751e8b465ee728b)  -> (artifact id: 'dab15f350a3764806005f7ea5c707ac2') in 0.029693 seconds
Number of updated asset objects reloaded before import = 0
Number of asset objects unloaded after import = 3
========================================================================
Received Import Request.
  Time since last request: 0.000020 seconds.
  path: Assets/SaltyAssets/2D Ice World/Assets/Sprites/Single Sprites/Ice_G_S_R_0001.png
  artifactKey: Guid(ff7c071bc707e9445864f833ed54d9a9) Importer(815301076,1909f56bfc062723c751e8b465ee728b)
Start importing Assets/SaltyAssets/2D Ice World/Assets/Sprites/Single Sprites/Ice_G_S_R_0001.png using Guid(ff7c071bc707e9445864f833ed54d9a9) Importer(815301076,1909f56bfc062723c751e8b465ee728b)  -> (artifact id: '16a370ea1d12e13f268874e00a7c6bb2') in 0.066425 seconds
Number of updated asset objects reloaded before import = 0
Number of asset objects unloaded after import = 3
========================================================================
Received Import Request.
  Time since last request: 0.000018 seconds.
  path: Assets/SaltyAssets/2D Ice World/Assets/Sprites/Single Sprites/Snowball_small_0001.png
  artifactKey: Guid(e51b3c6d61199974fb87e052671bafa9) Importer(815301076,1909f56bfc062723c751e8b465ee728b)
Start importing Assets/SaltyAssets/2D Ice World/Assets/Sprites/Single Sprites/Snowball_small_0001.png using Guid(e51b3c6d61199974fb87e052671bafa9) Importer(815301076,1909f56bfc062723c751e8b465ee728b)  -> (artifact id: 'b54e33f3ad6b397386c062d4ff382184') in 0.015245 seconds
Number of updated asset objects reloaded before import = 0
Number of asset objects unloaded after import = 3
========================================================================
Received Import Request.
  Time since last request: 0.000023 seconds.
  path: Assets/SaltyAssets/2D Ice World/Assets/Sprites/Single Sprites/Snow_G_M_0001.png
  artifactKey: Guid(ec9e8f7f5473fc647872bb6d6e07f1ed) Importer(815301076,1909f56bfc062723c751e8b465ee728b)
Start importing Assets/SaltyAssets/2D Ice World/Assets/Sprites/Single Sprites/Snow_G_M_0001.png using Guid(ec9e8f7f5473fc647872bb6d6e07f1ed) Importer(815301076,1909f56bfc062723c751e8b465ee728b)  -> (artifact id: '62908dc33cfc9a84e0e0191169c10c21') in 0.024075 seconds
Number of updated asset objects reloaded before import = 0
Number of asset objects unloaded after import = 3
========================================================================
Received Import Request.
  Time since last request: 0.000022 seconds.
  path: Assets/SaltyAssets/2D Ice World/Assets/Sprites/Single Sprites/Ice_cube_big_0001.png
  artifactKey: Guid(662a1a67a3400f84ba4ee1bf57b29a94) Importer(815301076,1909f56bfc062723c751e8b465ee728b)
Start importing Assets/SaltyAssets/2D Ice World/Assets/Sprites/Single Sprites/Ice_cube_big_0001.png using Guid(662a1a67a3400f84ba4ee1bf57b29a94) Importer(815301076,1909f56bfc062723c751e8b465ee728b)  -> (artifact id: '72eba2ccb1228ecb63cf25ea8642208f') in 0.056356 seconds
Number of updated asset objects reloaded before import = 0
Number of asset objects unloaded after import = 3
========================================================================
Received Import Request.
  Time since last request: 0.000025 seconds.
  path: Assets/SaltyAssets/2D Ice World/Assets/Sprites/Single Sprites/Snowball_big_0001.png
  artifactKey: Guid(a680231c4d4cbc14d9f1de7f7299cb60) Importer(815301076,1909f56bfc062723c751e8b465ee728b)
Start importing Assets/SaltyAssets/2D Ice World/Assets/Sprites/Single Sprites/Snowball_big_0001.png using Guid(a680231c4d4cbc14d9f1de7f7299cb60) Importer(815301076,1909f56bfc062723c751e8b465ee728b)  -> (artifact id: '66132febddf16ea11a9e23c9ae59ffaf') in 0.031658 seconds
Number of updated asset objects reloaded before import = 0
Number of asset objects unloaded after import = 3
========================================================================
Received Import Request.
  Time since last request: 0.000032 seconds.
  path: Assets/SaltyAssets/2D Ice World/Assets/Sprites/Single Sprites/Ice_Top_0001.png
  artifactKey: Guid(eab613e534cb0414da4e207bff1bbd7b) Importer(815301076,1909f56bfc062723c751e8b465ee728b)
Start importing Assets/SaltyAssets/2D Ice World/Assets/Sprites/Single Sprites/Ice_Top_0001.png using Guid(eab613e534cb0414da4e207bff1bbd7b) Importer(815301076,1909f56bfc062723c751e8b465ee728b)  -> (artifact id: '085205105b6d4ec58fa42a491b7dcbe3') in 0.017151 seconds
Number of updated asset objects reloaded before import = 0
Number of asset objects unloaded after import = 3
========================================================================
Received Import Request.
  Time since last request: 0.000020 seconds.
  path: Assets/SaltyAssets/2D Ice World/Assets/Sprites/Single Sprites/Snow_G_S_L_0001.png
  artifactKey: Guid(54016c358742df94a8526b5d6d432280) Importer(815301076,1909f56bfc062723c751e8b465ee728b)
Start importing Assets/SaltyAssets/2D Ice World/Assets/Sprites/Single Sprites/Snow_G_S_L_0001.png using Guid(54016c358742df94a8526b5d6d432280) Importer(815301076,1909f56bfc062723c751e8b465ee728b)  -> (artifact id: 'ed1026024288614f4e1a7f6f7cd415fc') in 0.022255 seconds
Number of updated asset objects reloaded before import = 0
Number of asset objects unloaded after import = 3
========================================================================
Received Import Request.
  Time since last request: 0.000021 seconds.
  path: Assets/SaltyAssets/2D Ice World/Assets/Sprites/Single Sprites/Ice_Top_26_big_L_0001.png
  artifactKey: Guid(f4cad411df9b91845a62ad1db3102d2d) Importer(815301076,1909f56bfc062723c751e8b465ee728b)
Start importing Assets/SaltyAssets/2D Ice World/Assets/Sprites/Single Sprites/Ice_Top_26_big_L_0001.png using Guid(f4cad411df9b91845a62ad1db3102d2d) Importer(815301076,1909f56bfc062723c751e8b465ee728b)  -> (artifact id: 'f307ca1020be845799c579584f05dd43') in 0.030854 seconds
Number of updated asset objects reloaded before import = 0
Number of asset objects unloaded after import = 3
========================================================================
Received Import Request.
  Time since last request: 0.000021 seconds.
  path: Assets/SaltyAssets/2D Ice World/Assets/Sprites/Single Sprites/Ice_Bot_S_R_0001.png
  artifactKey: Guid(83792870ce1e28f408388bf0927e45b9) Importer(815301076,1909f56bfc062723c751e8b465ee728b)
Start importing Assets/SaltyAssets/2D Ice World/Assets/Sprites/Single Sprites/Ice_Bot_S_R_0001.png using Guid(83792870ce1e28f408388bf0927e45b9) Importer(815301076,1909f56bfc062723c751e8b465ee728b)  -> (artifact id: '756ef0c05890ef2226a324c2b2cff340') in 0.048266 seconds
Number of updated asset objects reloaded before import = 0
Number of asset objects unloaded after import = 3
========================================================================
Received Import Request.
  Time since last request: 0.000015 seconds.
  path: Assets/SaltyAssets/2D Ice World/Assets/Sprites/Single Sprites/Snowtree_Top_0001.png
  artifactKey: Guid(1efd1500386816f4092a597dec192ec6) Importer(815301076,1909f56bfc062723c751e8b465ee728b)
Start importing Assets/SaltyAssets/2D Ice World/Assets/Sprites/Single Sprites/Snowtree_Top_0001.png using Guid(1efd1500386816f4092a597dec192ec6) Importer(815301076,1909f56bfc062723c751e8b465ee728b)  -> (artifact id: '8c5aa12618c5d05bef81a32da1557615') in 0.014870 seconds
Number of updated asset objects reloaded before import = 0
Number of asset objects unloaded after import = 3
========================================================================
Received Import Request.
  Time since last request: 0.000025 seconds.
  path: Assets/SaltyAssets/2D Ice World/Assets/Sprites/Single Sprites/Water_0002.png
  artifactKey: Guid(a657339af37704c438c21c452da2307e) Importer(815301076,1909f56bfc062723c751e8b465ee728b)
Start importing Assets/SaltyAssets/2D Ice World/Assets/Sprites/Single Sprites/Water_0002.png using Guid(a657339af37704c438c21c452da2307e) Importer(815301076,1909f56bfc062723c751e8b465ee728b)  -> (artifact id: 'd9873c80c43c71f91a8ebafef4ac7e45') in 0.014418 seconds
Number of updated asset objects reloaded before import = 0
Number of asset objects unloaded after import = 3
Editor requested this worker to shutdown with reason: Scaling down because of idle timeout
TcpMessagingSession - receive error: operation aborted. errorcode: 995, details: ќпераци€ ввода/вывода была прервана из-за завершени€ потока команд или по запросу приложени€.
AssetImportWorker is now disconnected from the server
Process exiting
Exiting without the bug reporter. Application will terminate with return code 0