Using pre-set license
Built from '2022.3/release' branch; Version is '2022.3.0f1 (fb119bb0b476) revision 16454043'; Using compiler version '192829333'; Build Type 'Release'
OS: 'Windows 10  (10.0.19045) 64bit Professional' Language: 'ru' Physical Memory: 32637 MB
BatchMode: 1, IsHumanControllingUs: 0, StartBugReporterOnCrash: 0, Is64bit: 1, IsPro: 1

COMMAND LINE ARGUMENTS:
B:\Unity Engine\2022.3.0f1\Editor\Unity.exe
-adb2
-batchMode
-noUpm
-name
AssetImportWorker21
-projectPath
D:/projects/saltyHITSProject/SaltyProject
-logFile
Logs/AssetImportWorker21.log
-srvPort
56177
Successfully changed project path to: D:/projects/saltyHITSProject/SaltyProject
D:/projects/saltyHITSProject/SaltyProject
[UnityMemory] Configuration Parameters - Can be set up in boot.config
    "memorysetup-bucket-allocator-granularity=16"
    "memorysetup-bucket-allocator-bucket-count=8"
    "memorysetup-bucket-allocator-block-size=33554432"
    "memorysetup-bucket-allocator-block-count=8"
    "memorysetup-main-allocator-block-size=16777216"
    "memorysetup-thread-allocator-block-size=16777216"
    "memorysetup-gfx-main-allocator-block-size=16777216"
    "memorysetup-gfx-thread-allocator-block-size=16777216"
    "memorysetup-cache-allocator-block-size=4194304"
    "memorysetup-typetree-allocator-block-size=2097152"
    "memorysetup-profiler-bucket-allocator-granularity=16"
    "memorysetup-profiler-bucket-allocator-bucket-count=8"
    "memorysetup-profiler-bucket-allocator-block-size=33554432"
    "memorysetup-profiler-bucket-allocator-block-count=8"
    "memorysetup-profiler-allocator-block-size=16777216"
    "memorysetup-profiler-editor-allocator-block-size=1048576"
    "memorysetup-temp-allocator-size-main=16777216"
    "memorysetup-job-temp-allocator-block-size=2097152"
    "memorysetup-job-temp-allocator-block-size-background=1048576"
    "memorysetup-job-temp-allocator-reduction-small-platforms=262144"
    "memorysetup-allocator-temp-initial-block-size-main=262144"
    "memorysetup-allocator-temp-initial-block-size-worker=262144"
    "memorysetup-temp-allocator-size-background-worker=32768"
    "memorysetup-temp-allocator-size-job-worker=262144"
    "memorysetup-temp-allocator-size-preload-manager=33554432"
    "memorysetup-temp-allocator-size-nav-mesh-worker=65536"
    "memorysetup-temp-allocator-size-audio-worker=65536"
    "memorysetup-temp-allocator-size-cloud-worker=32768"
    "memorysetup-temp-allocator-size-gi-baking-worker=262144"
    "memorysetup-temp-allocator-size-gfx=262144"
Player connection [9596] Host "[IP] 192.168.31.240 [Port] 0 [Flags] 2 [Guid] 880706462 [EditorId] 880706462 [Version] 1048832 [Id] WindowsEditor(7,DESKTOP-LA58NB8) [Debug] 1 [PackageName] WindowsEditor [ProjectName] Editor" joined multi-casting on [225.0.0.222:54997]...

Player connection [9596] Host "[IP] 192.168.31.240 [Port] 0 [Flags] 2 [Guid] 880706462 [EditorId] 880706462 [Version] 1048832 [Id] WindowsEditor(7,DESKTOP-LA58NB8) [Debug] 1 [PackageName] WindowsEditor [ProjectName] Editor" joined alternative multi-casting on [225.0.0.222:34997]...

Refreshing native plugins compatible for Editor in 7.82 ms, found 3 plugins.
Preloading 0 native plugins for Editor in 0.00 ms.
Initialize engine version: 2022.3.0f1 (fb119bb0b476)
[Subsystems] Discovering subsystems at path B:/Unity Engine/2022.3.0f1/Editor/Data/Resources/UnitySubsystems
[Subsystems] Discovering subsystems at path D:/projects/saltyHITSProject/SaltyProject/Assets
GfxDevice: creating device client; threaded=0; jobified=0
Direct3D:
    Version:  Direct3D 11.0 [level 11.1]
    Renderer: NVIDIA GeForce RTX 3060 (ID=0x2504)
    Vendor:   NVIDIA
    VRAM:     12129 MB
    Driver:   31.0.15.3179
Initialize mono
Mono path[0] = 'B:/Unity Engine/2022.3.0f1/Editor/Data/Managed'
Mono path[1] = 'B:/Unity Engine/2022.3.0f1/Editor/Data/MonoBleedingEdge/lib/mono/unityjit-win32'
Mono config path = 'B:/Unity Engine/2022.3.0f1/Editor/Data/MonoBleedingEdge/etc'
Using monoOptions --debugger-agent=transport=dt_socket,embedding=1,server=y,suspend=n,address=127.0.0.1:56980
Begin MonoManager ReloadAssembly
Registering precompiled unity dll's ...
Register platform support module: B:/Unity Engine/2022.3.0f1/Editor/Data/PlaybackEngines/WindowsStandaloneSupport/UnityEditor.WindowsStandalone.Extensions.dll
Registered in 0.004708 seconds.
- Loaded All Assemblies, in  0.346 seconds
Native extension for WindowsStandalone target not found
Mono: successfully reloaded assembly
- Finished resetting the current domain, in  0.310 seconds
Domain Reload Profiling: 656ms
	BeginReloadAssembly (85ms)
		ExecutionOrderSort (0ms)
		DisableScriptedObjects (0ms)
		BackupInstance (0ms)
		ReleaseScriptingObjects (0ms)
		CreateAndSetChildDomain (1ms)
	RebuildCommonClasses (39ms)
	RebuildNativeTypeToScriptingClass (12ms)
	initialDomainReloadingComplete (59ms)
	LoadAllAssembliesAndSetupDomain (150ms)
		LoadAssemblies (85ms)
		RebuildTransferFunctionScriptingTraits (0ms)
		AnalyzeDomain (147ms)
			TypeCache.Refresh (146ms)
				TypeCache.ScanAssembly (131ms)
			ScanForSourceGeneratedMonoScriptInfo (0ms)
			ResolveRequiredComponents (1ms)
	FinalizeReload (310ms)
		ReleaseScriptCaches (0ms)
		RebuildScriptCaches (0ms)
		SetupLoadedEditorAssemblies (242ms)
			LogAssemblyErrors (0ms)
			InitializePlatformSupportModulesInManaged (9ms)
			SetLoadedEditorAssemblies (9ms)
			RefreshPlugins (0ms)
			BeforeProcessingInitializeOnLoad (3ms)
			ProcessInitializeOnLoadAttributes (165ms)
			ProcessInitializeOnLoadMethodAttributes (56ms)
			AfterProcessingInitializeOnLoad (0ms)
			EditorAssembliesLoaded (0ms)
		ExecutionOrderSort2 (0ms)
		AwakeInstancesAfterBackupRestoration (0ms)
========================================================================
Worker process is ready to serve import requests
Begin MonoManager ReloadAssembly
- Loaded All Assemblies, in  0.585 seconds
Refreshing native plugins compatible for Editor in 2.05 ms, found 3 plugins.
Native extension for WindowsStandalone target not found
Mono: successfully reloaded assembly
- Finished resetting the current domain, in  0.463 seconds
Domain Reload Profiling: 1048ms
	BeginReloadAssembly (134ms)
		ExecutionOrderSort (0ms)
		DisableScriptedObjects (6ms)
		BackupInstance (0ms)
		ReleaseScriptingObjects (0ms)
		CreateAndSetChildDomain (26ms)
	RebuildCommonClasses (39ms)
	RebuildNativeTypeToScriptingClass (10ms)
	initialDomainReloadingComplete (36ms)
	LoadAllAssembliesAndSetupDomain (365ms)
		LoadAssemblies (221ms)
		RebuildTransferFunctionScriptingTraits (0ms)
		AnalyzeDomain (210ms)
			TypeCache.Refresh (191ms)
				TypeCache.ScanAssembly (179ms)
			ScanForSourceGeneratedMonoScriptInfo (17ms)
			ResolveRequiredComponents (2ms)
	FinalizeReload (463ms)
		ReleaseScriptCaches (0ms)
		RebuildScriptCaches (0ms)
		SetupLoadedEditorAssemblies (324ms)
			LogAssemblyErrors (0ms)
			InitializePlatformSupportModulesInManaged (4ms)
			SetLoadedEditorAssemblies (4ms)
			RefreshPlugins (0ms)
			BeforeProcessingInitializeOnLoad (49ms)
			ProcessInitializeOnLoadAttributes (234ms)
			ProcessInitializeOnLoadMethodAttributes (30ms)
			AfterProcessingInitializeOnLoad (2ms)
			EditorAssembliesLoaded (0ms)
		ExecutionOrderSort2 (0ms)
		AwakeInstancesAfterBackupRestoration (6ms)
Launched and connected shader compiler UnityShaderCompiler.exe after 0.06 seconds
Refreshing native plugins compatible for Editor in 2.83 ms, found 3 plugins.
Preloading 0 native plugins for Editor in 0.00 ms.
Unloading 2413 Unused Serialized files (Serialized files now loaded: 0)
Unloading 54 unused Assets / (57.9 KB). Loaded Objects now: 2884.
Memory consumption went from 110.2 MB to 110.1 MB.
Total: 4.437100 ms (FindLiveObjects: 0.321800 ms CreateObjectMapping: 0.115300 ms MarkObjects: 3.835400 ms  DeleteObjects: 0.163100 ms)

AssetImportParameters requested are different than current active one (requested -> active):
  custom:video-decoder-webm-vp8: 9c59270c3fd7afecdb556c50c9e8de78 -> 
  custom:container-demuxer-ogg: 62fdf1f143b41e24485cea50d1cbac27 -> 
  custom:AudioImporter_EditorPlatform: d09bf68614088b80899f8185d706f6e7 -> 
  custom:video-decoder-ogg-theora: a1e56fd34408186e4bbccfd4996cb3dc -> 
  custom:framework-win-MediaFoundation: 216162199b28c13a410421893ffa2e32 -> 
  custom:video-encoder-webm-vp8: eb34c28f22e8b96e1ab97ce403110664 -> 
  custom:audio-decoder-ogg-vorbis: bf7c407c2cedff20999df2af8eb42d56 -> 
  custom:container-demuxer-webm: 4f35f7cbe854078d1ac9338744f61a02 -> 
  custom:audio-encoder-webm-vorbis: bf7c407c2cedff20999df2af8eb42d56 -> 
  custom:container-muxer-webm: aa71ff27fc2769a1b78a27578f13a17b -> 
========================================================================
Received Prepare
Begin MonoManager ReloadAssembly
- Loaded All Assemblies, in  0.610 seconds
Refreshing native plugins compatible for Editor in 2.66 ms, found 3 plugins.
Native extension for WindowsStandalone target not found
Mono: successfully reloaded assembly
- Finished resetting the current domain, in  0.740 seconds
Domain Reload Profiling: 1349ms
	BeginReloadAssembly (149ms)
		ExecutionOrderSort (0ms)
		DisableScriptedObjects (12ms)
		BackupInstance (0ms)
		ReleaseScriptingObjects (0ms)
		CreateAndSetChildDomain (39ms)
	RebuildCommonClasses (34ms)
	RebuildNativeTypeToScriptingClass (11ms)
	initialDomainReloadingComplete (27ms)
	LoadAllAssembliesAndSetupDomain (388ms)
		LoadAssemblies (242ms)
		RebuildTransferFunctionScriptingTraits (0ms)
		AnalyzeDomain (214ms)
			TypeCache.Refresh (212ms)
				TypeCache.ScanAssembly (197ms)
			ScanForSourceGeneratedMonoScriptInfo (0ms)
			ResolveRequiredComponents (2ms)
	FinalizeReload (740ms)
		ReleaseScriptCaches (0ms)
		RebuildScriptCaches (0ms)
		SetupLoadedEditorAssemblies (358ms)
			LogAssemblyErrors (0ms)
			InitializePlatformSupportModulesInManaged (5ms)
			SetLoadedEditorAssemblies (5ms)
			RefreshPlugins (0ms)
			BeforeProcessingInitializeOnLoad (60ms)
			ProcessInitializeOnLoadAttributes (252ms)
			ProcessInitializeOnLoadMethodAttributes (33ms)
			AfterProcessingInitializeOnLoad (3ms)
			EditorAssembliesLoaded (0ms)
		ExecutionOrderSort2 (0ms)
		AwakeInstancesAfterBackupRestoration (15ms)
Refreshing native plugins compatible for Editor in 3.99 ms, found 3 plugins.
Preloading 0 native plugins for Editor in 0.00 ms.
Unloading 2389 Unused Serialized files (Serialized files now loaded: 0)
Unloading 29 unused Assets / (32.2 KB). Loaded Objects now: 2889.
Memory consumption went from 104.1 MB to 104.1 MB.
Total: 5.291000 ms (FindLiveObjects: 0.369300 ms CreateObjectMapping: 0.261600 ms MarkObjects: 4.578400 ms  DeleteObjects: 0.080000 ms)

Prepare: number of updated asset objects reloaded= 0
AssetImportParameters requested are different than current active one (requested -> active):
  custom:video-decoder-webm-vp8: 9c59270c3fd7afecdb556c50c9e8de78 -> 
  custom:container-demuxer-ogg: 62fdf1f143b41e24485cea50d1cbac27 -> 
  custom:AudioImporter_EditorPlatform: d09bf68614088b80899f8185d706f6e7 -> 
  custom:video-decoder-ogg-theora: a1e56fd34408186e4bbccfd4996cb3dc -> 
  custom:framework-win-MediaFoundation: 216162199b28c13a410421893ffa2e32 -> 
  custom:video-encoder-webm-vp8: eb34c28f22e8b96e1ab97ce403110664 -> 
  custom:audio-decoder-ogg-vorbis: bf7c407c2cedff20999df2af8eb42d56 -> 
  custom:container-demuxer-webm: 4f35f7cbe854078d1ac9338744f61a02 -> 
  custom:audio-encoder-webm-vorbis: bf7c407c2cedff20999df2af8eb42d56 -> 
  custom:container-muxer-webm: aa71ff27fc2769a1b78a27578f13a17b -> 
========================================================================
Received Prepare
Begin MonoManager ReloadAssembly
- Loaded All Assemblies, in  0.770 seconds
Refreshing native plugins compatible for Editor in 2.29 ms, found 3 plugins.
Native extension for WindowsStandalone target not found
Mono: successfully reloaded assembly
- Finished resetting the current domain, in  0.893 seconds
Domain Reload Profiling: 1662ms
	BeginReloadAssembly (175ms)
		ExecutionOrderSort (0ms)
		DisableScriptedObjects (14ms)
		BackupInstance (0ms)
		ReleaseScriptingObjects (0ms)
		CreateAndSetChildDomain (48ms)
	RebuildCommonClasses (34ms)
	RebuildNativeTypeToScriptingClass (11ms)
	initialDomainReloadingComplete (28ms)
	LoadAllAssembliesAndSetupDomain (521ms)
		LoadAssemblies (348ms)
		RebuildTransferFunctionScriptingTraits (0ms)
		AnalyzeDomain (254ms)
			TypeCache.Refresh (251ms)
				TypeCache.ScanAssembly (235ms)
			ScanForSourceGeneratedMonoScriptInfo (0ms)
			ResolveRequiredComponents (3ms)
	FinalizeReload (893ms)
		ReleaseScriptCaches (0ms)
		RebuildScriptCaches (0ms)
		SetupLoadedEditorAssemblies (453ms)
			LogAssemblyErrors (0ms)
			InitializePlatformSupportModulesInManaged (6ms)
			SetLoadedEditorAssemblies (6ms)
			RefreshPlugins (0ms)
			BeforeProcessingInitializeOnLoad (68ms)
			ProcessInitializeOnLoadAttributes (323ms)
			ProcessInitializeOnLoadMethodAttributes (46ms)
			AfterProcessingInitializeOnLoad (4ms)
			EditorAssembliesLoaded (0ms)
		ExecutionOrderSort2 (0ms)
		AwakeInstancesAfterBackupRestoration (21ms)
Refreshing native plugins compatible for Editor in 9.59 ms, found 3 plugins.
Preloading 0 native plugins for Editor in 0.00 ms.
Unloading 2389 Unused Serialized files (Serialized files now loaded: 0)
Unloading 29 unused Assets / (32.3 KB). Loaded Objects now: 2893.
Memory consumption went from 104.2 MB to 104.1 MB.
Total: 7.670400 ms (FindLiveObjects: 0.441200 ms CreateObjectMapping: 0.343700 ms MarkObjects: 6.727900 ms  DeleteObjects: 0.155600 ms)

Prepare: number of updated asset objects reloaded= 0
AssetImportParameters requested are different than current active one (requested -> active):
  custom:video-decoder-webm-vp8: 9c59270c3fd7afecdb556c50c9e8de78 -> 
  custom:container-demuxer-ogg: 62fdf1f143b41e24485cea50d1cbac27 -> 
  custom:AudioImporter_EditorPlatform: d09bf68614088b80899f8185d706f6e7 -> 
  custom:video-decoder-ogg-theora: a1e56fd34408186e4bbccfd4996cb3dc -> 
  custom:framework-win-MediaFoundation: 216162199b28c13a410421893ffa2e32 -> 
  custom:video-encoder-webm-vp8: eb34c28f22e8b96e1ab97ce403110664 -> 
  custom:audio-decoder-ogg-vorbis: bf7c407c2cedff20999df2af8eb42d56 -> 
  custom:container-demuxer-webm: 4f35f7cbe854078d1ac9338744f61a02 -> 
  custom:audio-encoder-webm-vorbis: bf7c407c2cedff20999df2af8eb42d56 -> 
  custom:container-muxer-webm: aa71ff27fc2769a1b78a27578f13a17b -> 
========================================================================
Received Import Request.
  Time since last request: 1053610.628113 seconds.
  path: Assets/SaltyAssets/SunnyLand Artwork/Environment/Tileset/Main Palette.prefab
  artifactKey: Guid(2abb85ccc811c9548bb18717d38a404e) Importer(815301076,1909f56bfc062723c751e8b465ee728b)
Start importing Assets/SaltyAssets/SunnyLand Artwork/Environment/Tileset/Main Palette.prefab using Guid(2abb85ccc811c9548bb18717d38a404e) Importer(815301076,1909f56bfc062723c751e8b465ee728b)  -> (artifact id: 'e750de874085074690037ce10014e0c5') in 0.161560 seconds
Number of updated asset objects reloaded before import = 0
Number of asset objects unloaded after import = 263
========================================================================
Received Import Request.
  Time since last request: 0.000021 seconds.
  path: Assets/SaltyAssets/SunnyLand Artwork/Environment/Tileset/tileset-sliced_20.asset
  artifactKey: Guid(bf52b14d19901034bbb8f9bc58d03e32) Importer(815301076,1909f56bfc062723c751e8b465ee728b)
Start importing Assets/SaltyAssets/SunnyLand Artwork/Environment/Tileset/tileset-sliced_20.asset using Guid(bf52b14d19901034bbb8f9bc58d03e32) Importer(815301076,1909f56bfc062723c751e8b465ee728b)  -> (artifact id: 'f455dd265f2dd9cacf4c23d6719cc531') in 0.019617 seconds
Number of updated asset objects reloaded before import = 0
Number of asset objects unloaded after import = 3
========================================================================
Received Import Request.
  Time since last request: 0.000025 seconds.
  path: Assets/SaltyAssets/SunnyLand Artwork/Environment/Tileset/tileset-sliced_6.asset
  artifactKey: Guid(86c556afa3a132048b03b316efc9f897) Importer(815301076,1909f56bfc062723c751e8b465ee728b)
Start importing Assets/SaltyAssets/SunnyLand Artwork/Environment/Tileset/tileset-sliced_6.asset using Guid(86c556afa3a132048b03b316efc9f897) Importer(815301076,1909f56bfc062723c751e8b465ee728b)  -> (artifact id: 'fd0271087ce23b34c86f61a0709484e7') in 0.004578 seconds
Number of updated asset objects reloaded before import = 0
Number of asset objects unloaded after import = 3
========================================================================
Received Import Request.
  Time since last request: 0.000016 seconds.
  path: Assets/SaltyAssets/SunnyLand Artwork/Environment/Tileset/tileset-sliced_32.asset
  artifactKey: Guid(cae9a8360392bfd49b13e8cbe579bf85) Importer(815301076,1909f56bfc062723c751e8b465ee728b)
Start importing Assets/SaltyAssets/SunnyLand Artwork/Environment/Tileset/tileset-sliced_32.asset using Guid(cae9a8360392bfd49b13e8cbe579bf85) Importer(815301076,1909f56bfc062723c751e8b465ee728b)  -> (artifact id: '74fbb154b0d60185fa17246a00e670bc') in 0.004806 seconds
Number of updated asset objects reloaded before import = 0
Number of asset objects unloaded after import = 3
========================================================================
Received Import Request.
  Time since last request: 0.000018 seconds.
  path: Assets/SaltyAssets/SunnyLand Artwork/Environment/Tileset/tileset-sliced_47.asset
  artifactKey: Guid(6267d21089f75674e8925b33d103c902) Importer(815301076,1909f56bfc062723c751e8b465ee728b)
Start importing Assets/SaltyAssets/SunnyLand Artwork/Environment/Tileset/tileset-sliced_47.asset using Guid(6267d21089f75674e8925b33d103c902) Importer(815301076,1909f56bfc062723c751e8b465ee728b)  -> (artifact id: '1ca439bd076cea7756080308589ea922') in 0.004287 seconds
Number of updated asset objects reloaded before import = 0
Number of asset objects unloaded after import = 3
========================================================================
Received Import Request.
  Time since last request: 0.000015 seconds.
  path: Assets/SaltyAssets/SunnyLand Artwork/Environment/Tileset/tileset-sliced_42.asset
  artifactKey: Guid(bd649b0ac389e614584644136213427d) Importer(815301076,1909f56bfc062723c751e8b465ee728b)
Start importing Assets/SaltyAssets/SunnyLand Artwork/Environment/Tileset/tileset-sliced_42.asset using Guid(bd649b0ac389e614584644136213427d) Importer(815301076,1909f56bfc062723c751e8b465ee728b)  -> (artifact id: '91ddcb0e431cca9c79117ba4872e239e') in 0.004739 seconds
Number of updated asset objects reloaded before import = 0
Number of asset objects unloaded after import = 3
========================================================================
Received Import Request.
  Time since last request: 0.000017 seconds.
  path: Assets/SaltyAssets/SunnyLand Artwork/Environment/Tileset/tileset-sliced_9.asset
  artifactKey: Guid(01eacddc850c8594d98ac323a25210ac) Importer(815301076,1909f56bfc062723c751e8b465ee728b)
Start importing Assets/SaltyAssets/SunnyLand Artwork/Environment/Tileset/tileset-sliced_9.asset using Guid(01eacddc850c8594d98ac323a25210ac) Importer(815301076,1909f56bfc062723c751e8b465ee728b)  -> (artifact id: '8542f93a49fba50fca39d388ab9520ac') in 0.004950 seconds
Number of updated asset objects reloaded before import = 0
Number of asset objects unloaded after import = 3
========================================================================
Received Import Request.
  Time since last request: 0.000015 seconds.
  path: Assets/SaltyAssets/SunnyLand Artwork/Environment/Tileset/tileset-sliced_5.asset
  artifactKey: Guid(3fd0542d8cef4f94ca67fc667908bbb7) Importer(815301076,1909f56bfc062723c751e8b465ee728b)
Start importing Assets/SaltyAssets/SunnyLand Artwork/Environment/Tileset/tileset-sliced_5.asset using Guid(3fd0542d8cef4f94ca67fc667908bbb7) Importer(815301076,1909f56bfc062723c751e8b465ee728b)  -> (artifact id: '1263263dc8c56903dcd7a7240dfef8c1') in 0.004620 seconds
Number of updated asset objects reloaded before import = 0
Number of asset objects unloaded after import = 3
========================================================================
Received Import Request.
  Time since last request: 0.000016 seconds.
  path: Assets/SaltyAssets/SunnyLand Artwork/Environment/Tileset/tileset-sliced_28.asset
  artifactKey: Guid(6b437b4fa0d0f4648b4f687cf539ab76) Importer(815301076,1909f56bfc062723c751e8b465ee728b)
Start importing Assets/SaltyAssets/SunnyLand Artwork/Environment/Tileset/tileset-sliced_28.asset using Guid(6b437b4fa0d0f4648b4f687cf539ab76) Importer(815301076,1909f56bfc062723c751e8b465ee728b)  -> (artifact id: '3a36614522a9b18422952f63e9fa17dd') in 0.004934 seconds
Number of updated asset objects reloaded before import = 0
Number of asset objects unloaded after import = 3
========================================================================
Received Import Request.
  Time since last request: 0.000020 seconds.
  path: Assets/SaltyAssets/SunnyLand Artwork/Environment/Tileset/tileset-sliced_25.asset
  artifactKey: Guid(0e4d7fffb7e9c434c9dad1d562df3bdf) Importer(815301076,1909f56bfc062723c751e8b465ee728b)
Start importing Assets/SaltyAssets/SunnyLand Artwork/Environment/Tileset/tileset-sliced_25.asset using Guid(0e4d7fffb7e9c434c9dad1d562df3bdf) Importer(815301076,1909f56bfc062723c751e8b465ee728b)  -> (artifact id: 'e4a2974b199c9c552b9b301d9f962230') in 0.004942 seconds
Number of updated asset objects reloaded before import = 0
Number of asset objects unloaded after import = 3
========================================================================
Received Import Request.
  Time since last request: 0.000019 seconds.
  path: Assets/SaltyAssets/SunnyLand Artwork/Environment/Tileset/tileset-sliced_41.asset
  artifactKey: Guid(34e7085cd8d4f5347b0a181164941bef) Importer(815301076,1909f56bfc062723c751e8b465ee728b)
Start importing Assets/SaltyAssets/SunnyLand Artwork/Environment/Tileset/tileset-sliced_41.asset using Guid(34e7085cd8d4f5347b0a181164941bef) Importer(815301076,1909f56bfc062723c751e8b465ee728b)  -> (artifact id: 'b0988e2c836e4da15efdf695c77bf727') in 0.004537 seconds
Number of updated asset objects reloaded before import = 0
Number of asset objects unloaded after import = 3
========================================================================
Received Import Request.
  Time since last request: 0.000015 seconds.
  path: Assets/SaltyAssets/SunnyLand Artwork/Environment/Tileset/tileset-sliced_35.asset
  artifactKey: Guid(d497bb3d933aaad4b90a7c77e66b856a) Importer(815301076,1909f56bfc062723c751e8b465ee728b)
Start importing Assets/SaltyAssets/SunnyLand Artwork/Environment/Tileset/tileset-sliced_35.asset using Guid(d497bb3d933aaad4b90a7c77e66b856a) Importer(815301076,1909f56bfc062723c751e8b465ee728b)  -> (artifact id: 'bc2c5d4fb1aa04ee2fa6335eb334ea80') in 0.005121 seconds
Number of updated asset objects reloaded before import = 0
Number of asset objects unloaded after import = 3
========================================================================
Received Import Request.
  Time since last request: 0.000017 seconds.
  path: Assets/SaltyAssets/SunnyLand Artwork/Environment/Tileset/tileset-sliced_1.asset
  artifactKey: Guid(33ec2b05aed6ce54798a0f17c661f8a8) Importer(815301076,1909f56bfc062723c751e8b465ee728b)
Start importing Assets/SaltyAssets/SunnyLand Artwork/Environment/Tileset/tileset-sliced_1.asset using Guid(33ec2b05aed6ce54798a0f17c661f8a8) Importer(815301076,1909f56bfc062723c751e8b465ee728b)  -> (artifact id: '585c291681eee08438055afc9fbfb1c2') in 0.004874 seconds
Number of updated asset objects reloaded before import = 0
Number of asset objects unloaded after import = 3
========================================================================
Received Import Request.
  Time since last request: 0.000018 seconds.
  path: Assets/SaltyAssets/SunnyLand Artwork/Environment/Tileset/tileset-sliced_10.asset
  artifactKey: Guid(5fea5f896fa49674389d58add967afa9) Importer(815301076,1909f56bfc062723c751e8b465ee728b)
Start importing Assets/SaltyAssets/SunnyLand Artwork/Environment/Tileset/tileset-sliced_10.asset using Guid(5fea5f896fa49674389d58add967afa9) Importer(815301076,1909f56bfc062723c751e8b465ee728b)  -> (artifact id: 'e80afa267dcf1f0304389e774770e28c') in 0.004854 seconds
Number of updated asset objects reloaded before import = 0
Number of asset objects unloaded after import = 3
========================================================================
Received Import Request.
  Time since last request: 0.000018 seconds.
  path: Assets/SaltyAssets/SunnyLand Artwork/Environment/Tileset/tileset-sliced_45.asset
  artifactKey: Guid(6232d16a90f135d4ea368d5e8b34b4a3) Importer(815301076,1909f56bfc062723c751e8b465ee728b)
Start importing Assets/SaltyAssets/SunnyLand Artwork/Environment/Tileset/tileset-sliced_45.asset using Guid(6232d16a90f135d4ea368d5e8b34b4a3) Importer(815301076,1909f56bfc062723c751e8b465ee728b)  -> (artifact id: 'e9525eea9f938d3e357033350d21f0cf') in 0.004556 seconds
Number of updated asset objects reloaded before import = 0
Number of asset objects unloaded after import = 3
========================================================================
Received Import Request.
  Time since last request: 0.000015 seconds.
  path: Assets/SaltyAssets/SunnyLand Artwork/Environment/Tileset/tileset-sliced_39.asset
  artifactKey: Guid(85df98f43e21653469271533f4038122) Importer(815301076,1909f56bfc062723c751e8b465ee728b)
Start importing Assets/SaltyAssets/SunnyLand Artwork/Environment/Tileset/tileset-sliced_39.asset using Guid(85df98f43e21653469271533f4038122) Importer(815301076,1909f56bfc062723c751e8b465ee728b)  -> (artifact id: '387c8b906e2d79b3622e897c47aa379e') in 0.004184 seconds
Number of updated asset objects reloaded before import = 0
Number of asset objects unloaded after import = 3
========================================================================
Received Import Request.
  Time since last request: 0.000017 seconds.
  path: Assets/SaltyAssets/SunnyLand Artwork/Environment/Tileset/tileset-sliced_19.asset
  artifactKey: Guid(e7347a6ca6d80754a80ca305ccabfeb6) Importer(815301076,1909f56bfc062723c751e8b465ee728b)
Start importing Assets/SaltyAssets/SunnyLand Artwork/Environment/Tileset/tileset-sliced_19.asset using Guid(e7347a6ca6d80754a80ca305ccabfeb6) Importer(815301076,1909f56bfc062723c751e8b465ee728b)  -> (artifact id: 'f727e725491f74cf3b37248396e5ffaa') in 0.012020 seconds
Number of updated asset objects reloaded before import = 0
Number of asset objects unloaded after import = 3
========================================================================
Received Import Request.
  Time since last request: 0.000018 seconds.
  path: Assets/SaltyAssets/SunnyLand Artwork/Environment/Tileset/tileset-sliced_30.asset
  artifactKey: Guid(4c4f101011a3f6f4b91cd4ab5acf104c) Importer(815301076,1909f56bfc062723c751e8b465ee728b)
Start importing Assets/SaltyAssets/SunnyLand Artwork/Environment/Tileset/tileset-sliced_30.asset using Guid(4c4f101011a3f6f4b91cd4ab5acf104c) Importer(815301076,1909f56bfc062723c751e8b465ee728b)  -> (artifact id: 'c4bd7896e03da5f848d02be503926aa7') in 0.004858 seconds
Number of updated asset objects reloaded before import = 0
Number of asset objects unloaded after import = 3
========================================================================
Received Import Request.
  Time since last request: 0.000017 seconds.
  path: Assets/SaltyAssets/SunnyLand Artwork/Environment/Tileset/tileset-sliced_62.asset
  artifactKey: Guid(8eeb48ed30f7a1542b6cfeb217ae36f2) Importer(815301076,1909f56bfc062723c751e8b465ee728b)
Start importing Assets/SaltyAssets/SunnyLand Artwork/Environment/Tileset/tileset-sliced_62.asset using Guid(8eeb48ed30f7a1542b6cfeb217ae36f2) Importer(815301076,1909f56bfc062723c751e8b465ee728b)  -> (artifact id: 'c173941beeb8abcda9ca53a754e33152') in 0.004577 seconds
Number of updated asset objects reloaded before import = 0
Number of asset objects unloaded after import = 3
========================================================================
Received Import Request.
  Time since last request: 0.000012 seconds.
  path: Assets/SaltyAssets/SunnyLand Artwork/Environment/Tileset/tileset-sliced_59.asset
  artifactKey: Guid(816cd67d36b9e13408f323bcf7d82ebe) Importer(815301076,1909f56bfc062723c751e8b465ee728b)
Start importing Assets/SaltyAssets/SunnyLand Artwork/Environment/Tileset/tileset-sliced_59.asset using Guid(816cd67d36b9e13408f323bcf7d82ebe) Importer(815301076,1909f56bfc062723c751e8b465ee728b)  -> (artifact id: '08dc25fde500b3077995ebd054da95df') in 0.004211 seconds
Number of updated asset objects reloaded before import = 0
Number of asset objects unloaded after import = 3
========================================================================
Received Import Request.
  Time since last request: 0.000015 seconds.
  path: Assets/SaltyAssets/SunnyLand Artwork/Environment/Tileset/tileset-sliced_31.asset
  artifactKey: Guid(a7dca9d71591f534d82dfb8263cc6b2b) Importer(815301076,1909f56bfc062723c751e8b465ee728b)
Start importing Assets/SaltyAssets/SunnyLand Artwork/Environment/Tileset/tileset-sliced_31.asset using Guid(a7dca9d71591f534d82dfb8263cc6b2b) Importer(815301076,1909f56bfc062723c751e8b465ee728b)  -> (artifact id: 'e64654271e3c820ceaccc4d0e2503bb1') in 0.004779 seconds
Number of updated asset objects reloaded before import = 0
Number of asset objects unloaded after import = 3
========================================================================
Received Import Request.
  Time since last request: 0.000014 seconds.
  path: Assets/SaltyAssets/SunnyLand Artwork/Environment/Tileset/tileset-sliced_24.asset
  artifactKey: Guid(c541c54721a16c2469f4cc6e8d48c303) Importer(815301076,1909f56bfc062723c751e8b465ee728b)
Start importing Assets/SaltyAssets/SunnyLand Artwork/Environment/Tileset/tileset-sliced_24.asset using Guid(c541c54721a16c2469f4cc6e8d48c303) Importer(815301076,1909f56bfc062723c751e8b465ee728b)  -> (artifact id: '624e162e3b2db984b65887239acb6a66') in 0.004346 seconds
Number of updated asset objects reloaded before import = 0
Number of asset objects unloaded after import = 3
========================================================================
Received Import Request.
  Time since last request: 0.000016 seconds.
  path: Assets/SaltyAssets/SunnyLand Artwork/Environment/Tileset/tileset-sliced_3.asset
  artifactKey: Guid(a0b280c02cbfffe4084f4722ed26afcc) Importer(815301076,1909f56bfc062723c751e8b465ee728b)
Start importing Assets/SaltyAssets/SunnyLand Artwork/Environment/Tileset/tileset-sliced_3.asset using Guid(a0b280c02cbfffe4084f4722ed26afcc) Importer(815301076,1909f56bfc062723c751e8b465ee728b)  -> (artifact id: 'cb75767025ea0da35f7441c4e8ba871b') in 0.004848 seconds
Number of updated asset objects reloaded before import = 0
Number of asset objects unloaded after import = 3
========================================================================
Received Import Request.
  Time since last request: 0.000013 seconds.
  path: Assets/SaltyAssets/SunnyLand Artwork/Environment/Tileset/tileset-sliced_11.asset
  artifactKey: Guid(dbd12c47406d66c4d837cd67f6157a9f) Importer(815301076,1909f56bfc062723c751e8b465ee728b)
Start importing Assets/SaltyAssets/SunnyLand Artwork/Environment/Tileset/tileset-sliced_11.asset using Guid(dbd12c47406d66c4d837cd67f6157a9f) Importer(815301076,1909f56bfc062723c751e8b465ee728b)  -> (artifact id: '974e1b000d9289192d267fa213fd94da') in 0.004657 seconds
Number of updated asset objects reloaded before import = 0
Number of asset objects unloaded after import = 3
========================================================================
Received Import Request.
  Time since last request: 0.000015 seconds.
  path: Assets/SaltyAssets/SunnyLand Artwork/Environment/Tileset/tileset-sliced_57.asset
  artifactKey: Guid(85936b914a1f6db4abe8b90aee8c2e20) Importer(815301076,1909f56bfc062723c751e8b465ee728b)
Start importing Assets/SaltyAssets/SunnyLand Artwork/Environment/Tileset/tileset-sliced_57.asset using Guid(85936b914a1f6db4abe8b90aee8c2e20) Importer(815301076,1909f56bfc062723c751e8b465ee728b)  -> (artifact id: 'ae1825873661a711120556df6f5f48b0') in 0.004299 seconds
Number of updated asset objects reloaded before import = 0
Number of asset objects unloaded after import = 3
========================================================================
Received Import Request.
  Time since last request: 0.000017 seconds.
  path: Assets/SaltyAssets/SunnyLand Artwork/Environment/Tileset/tileset-sliced_13.asset
  artifactKey: Guid(b7db3835f44776744aa6b17f5fe0bd26) Importer(815301076,1909f56bfc062723c751e8b465ee728b)
Start importing Assets/SaltyAssets/SunnyLand Artwork/Environment/Tileset/tileset-sliced_13.asset using Guid(b7db3835f44776744aa6b17f5fe0bd26) Importer(815301076,1909f56bfc062723c751e8b465ee728b)  -> (artifact id: '37b702d70fc52a0445bdb8327054585a') in 0.004971 seconds
Number of updated asset objects reloaded before import = 0
Number of asset objects unloaded after import = 3
========================================================================
Received Import Request.
  Time since last request: 0.000016 seconds.
  path: Assets/SaltyAssets/SunnyLand Artwork/Environment/Tileset/tileset-sliced_49.asset
  artifactKey: Guid(5ea81004fce0b8c43b0827f2a8fe1a17) Importer(815301076,1909f56bfc062723c751e8b465ee728b)
Start importing Assets/SaltyAssets/SunnyLand Artwork/Environment/Tileset/tileset-sliced_49.asset using Guid(5ea81004fce0b8c43b0827f2a8fe1a17) Importer(815301076,1909f56bfc062723c751e8b465ee728b)  -> (artifact id: 'd7925af5bc91e92da40ce1454fdb4d39') in 0.004584 seconds
Number of updated asset objects reloaded before import = 0
Number of asset objects unloaded after import = 3
========================================================================
Received Import Request.
  Time since last request: 0.000018 seconds.
  path: Assets/SaltyAssets/SunnyLand Artwork/Environment/Tileset/tileset-sliced_27.asset
  artifactKey: Guid(ff6971726c1dd6f44b2d1531b2fc58e2) Importer(815301076,1909f56bfc062723c751e8b465ee728b)
Start importing Assets/SaltyAssets/SunnyLand Artwork/Environment/Tileset/tileset-sliced_27.asset using Guid(ff6971726c1dd6f44b2d1531b2fc58e2) Importer(815301076,1909f56bfc062723c751e8b465ee728b)  -> (artifact id: '1d4369d7e1d554b69c8f8004f8af4cfd') in 0.005162 seconds
Number of updated asset objects reloaded before import = 0
Number of asset objects unloaded after import = 3
========================================================================
Received Import Request.
  Time since last request: 0.000019 seconds.
  path: Assets/SaltyAssets/SunnyLand Artwork/Environment/Tileset/tileset-sliced_8.asset
  artifactKey: Guid(d8dc96555df42e94dba565eae3e3e30d) Importer(815301076,1909f56bfc062723c751e8b465ee728b)
Start importing Assets/SaltyAssets/SunnyLand Artwork/Environment/Tileset/tileset-sliced_8.asset using Guid(d8dc96555df42e94dba565eae3e3e30d) Importer(815301076,1909f56bfc062723c751e8b465ee728b)  -> (artifact id: 'b41f3ec1f916c7852dad61e028c1efe6') in 0.004878 seconds
Number of updated asset objects reloaded before import = 0
Number of asset objects unloaded after import = 3
========================================================================
Received Import Request.
  Time since last request: 0.000017 seconds.
  path: Assets/SaltyAssets/SunnyLand Artwork/Environment/Tileset/tileset-sliced_43.asset
  artifactKey: Guid(55bafae4ec7630148bc3460c22a96af9) Importer(815301076,1909f56bfc062723c751e8b465ee728b)
Start importing Assets/SaltyAssets/SunnyLand Artwork/Environment/Tileset/tileset-sliced_43.asset using Guid(55bafae4ec7630148bc3460c22a96af9) Importer(815301076,1909f56bfc062723c751e8b465ee728b)  -> (artifact id: '85ab88a1ea1814de9b1da654478fa11a') in 0.004893 seconds
Number of updated asset objects reloaded before import = 0
Number of asset objects unloaded after import = 3
========================================================================
Received Import Request.
  Time since last request: 0.000015 seconds.
  path: Assets/SaltyAssets/SunnyLand Artwork/Environment/Tileset/tileset-sliced_38.asset
  artifactKey: Guid(897eed2c71ed45749b27f38e360b92fc) Importer(815301076,1909f56bfc062723c751e8b465ee728b)
Start importing Assets/SaltyAssets/SunnyLand Artwork/Environment/Tileset/tileset-sliced_38.asset using Guid(897eed2c71ed45749b27f38e360b92fc) Importer(815301076,1909f56bfc062723c751e8b465ee728b)  -> (artifact id: '9bcbd71428c7896b34dd7fa4ff31f853') in 0.009595 seconds
Number of updated asset objects reloaded before import = 0
Number of asset objects unloaded after import = 3
========================================================================
Received Import Request.
  Time since last request: 0.000016 seconds.
  path: Assets/SaltyAssets/SunnyLand Artwork/Environment/Tileset/tileset-sliced_54.asset
  artifactKey: Guid(c2ee9b794942d86438549fd521ed5c44) Importer(815301076,1909f56bfc062723c751e8b465ee728b)
Start importing Assets/SaltyAssets/SunnyLand Artwork/Environment/Tileset/tileset-sliced_54.asset using Guid(c2ee9b794942d86438549fd521ed5c44) Importer(815301076,1909f56bfc062723c751e8b465ee728b)  -> (artifact id: 'c03590d8ededc483375bbc7fe189703d') in 0.005473 seconds
Number of updated asset objects reloaded before import = 0
Number of asset objects unloaded after import = 3
========================================================================
Received Import Request.
  Time since last request: 0.000015 seconds.
  path: Assets/SaltyAssets/SunnyLand Artwork/Environment/Tileset/tileset-sliced_29.asset
  artifactKey: Guid(fb5435fde59495f4a9d8d148615b47fa) Importer(815301076,1909f56bfc062723c751e8b465ee728b)
Start importing Assets/SaltyAssets/SunnyLand Artwork/Environment/Tileset/tileset-sliced_29.asset using Guid(fb5435fde59495f4a9d8d148615b47fa) Importer(815301076,1909f56bfc062723c751e8b465ee728b)  -> (artifact id: '7df928007c2eb70b3ae38864523d9874') in 0.005055 seconds
Number of updated asset objects reloaded before import = 0
Number of asset objects unloaded after import = 3
========================================================================
Received Import Request.
  Time since last request: 0.000017 seconds.
  path: Assets/SaltyAssets/SunnyLand Artwork/Environment/Tileset/tileset-sliced_34.asset
  artifactKey: Guid(ebb04c796935ff349956ff30bf515073) Importer(815301076,1909f56bfc062723c751e8b465ee728b)
Start importing Assets/SaltyAssets/SunnyLand Artwork/Environment/Tileset/tileset-sliced_34.asset using Guid(ebb04c796935ff349956ff30bf515073) Importer(815301076,1909f56bfc062723c751e8b465ee728b)  -> (artifact id: '0d4ce18319839124df9b1ee87f17e527') in 0.004893 seconds
Number of updated asset objects reloaded before import = 0
Number of asset objects unloaded after import = 3
========================================================================
Received Import Request.
  Time since last request: 0.000019 seconds.
  path: Assets/SaltyAssets/SunnyLand Artwork/Environment/Tileset/tileset-sliced_46.asset
  artifactKey: Guid(5e855e640d9e0ab4fa89e9bea8dc30de) Importer(815301076,1909f56bfc062723c751e8b465ee728b)
Start importing Assets/SaltyAssets/SunnyLand Artwork/Environment/Tileset/tileset-sliced_46.asset using Guid(5e855e640d9e0ab4fa89e9bea8dc30de) Importer(815301076,1909f56bfc062723c751e8b465ee728b)  -> (artifact id: 'e58fd0142a2b5981b4776ed4b06eedf9') in 0.005350 seconds
Number of updated asset objects reloaded before import = 0
Number of asset objects unloaded after import = 3
========================================================================
Received Import Request.
  Time since last request: 0.000020 seconds.
  path: Assets/SaltyAssets/SunnyLand Artwork/Environment/Tileset/tileset-sliced_37.asset
  artifactKey: Guid(0db47fab51e28614f89faface3c7e766) Importer(815301076,1909f56bfc062723c751e8b465ee728b)
Start importing Assets/SaltyAssets/SunnyLand Artwork/Environment/Tileset/tileset-sliced_37.asset using Guid(0db47fab51e28614f89faface3c7e766) Importer(815301076,1909f56bfc062723c751e8b465ee728b)  -> (artifact id: '400d0b32d05fd7ff036b6abe16996e45') in 0.005003 seconds
Number of updated asset objects reloaded before import = 0
Number of asset objects unloaded after import = 3
========================================================================
Received Import Request.
  Time since last request: 0.000023 seconds.
  path: Assets/SaltyAssets/SunnyLand Artwork/Environment/Tileset/tileset-sliced_4.asset
  artifactKey: Guid(54b92458ba807204c9bec304cecbc5f8) Importer(815301076,1909f56bfc062723c751e8b465ee728b)
Start importing Assets/SaltyAssets/SunnyLand Artwork/Environment/Tileset/tileset-sliced_4.asset using Guid(54b92458ba807204c9bec304cecbc5f8) Importer(815301076,1909f56bfc062723c751e8b465ee728b)  -> (artifact id: 'ee323741902169491832cb3eb7b06085') in 0.006953 seconds
Number of updated asset objects reloaded before import = 0
Number of asset objects unloaded after import = 3
========================================================================
Received Import Request.
  Time since last request: 0.000023 seconds.
  path: Assets/SaltyAssets/SunnyLand Artwork/Environment/Tileset/tileset-sliced_50.asset
  artifactKey: Guid(5e5eaf71b365a1f4bb567388ab72640a) Importer(815301076,1909f56bfc062723c751e8b465ee728b)
Start importing Assets/SaltyAssets/SunnyLand Artwork/Environment/Tileset/tileset-sliced_50.asset using Guid(5e5eaf71b365a1f4bb567388ab72640a) Importer(815301076,1909f56bfc062723c751e8b465ee728b)  -> (artifact id: 'ca149d5786844ea7a61aedfbc93c1d57') in 0.005561 seconds
Number of updated asset objects reloaded before import = 0
Number of asset objects unloaded after import = 3
========================================================================
Received Import Request.
  Time since last request: 0.000052 seconds.
  path: Assets/SaltyAssets/SunnyLand Artwork/Environment/Tileset/tileset-sliced_44.asset
  artifactKey: Guid(df5b1426695aee246b7d196f56e559a4) Importer(815301076,1909f56bfc062723c751e8b465ee728b)
Start importing Assets/SaltyAssets/SunnyLand Artwork/Environment/Tileset/tileset-sliced_44.asset using Guid(df5b1426695aee246b7d196f56e559a4) Importer(815301076,1909f56bfc062723c751e8b465ee728b)  -> (artifact id: '50e703592e64c3975b11627c8c2ff2f2') in 0.015290 seconds
Number of updated asset objects reloaded before import = 0
Number of asset objects unloaded after import = 3
========================================================================
Received Import Request.
  Time since last request: 0.000022 seconds.
  path: Assets/SaltyAssets/SunnyLand Artwork/Environment/Tileset/tileset-sliced_26.asset
  artifactKey: Guid(5aee560c5f58ecd4da0c90ceb8da0308) Importer(815301076,1909f56bfc062723c751e8b465ee728b)
Start importing Assets/SaltyAssets/SunnyLand Artwork/Environment/Tileset/tileset-sliced_26.asset using Guid(5aee560c5f58ecd4da0c90ceb8da0308) Importer(815301076,1909f56bfc062723c751e8b465ee728b)  -> (artifact id: 'eaaf5ed645a71a82c5a58e7dd278c7de') in 0.005703 seconds
Number of updated asset objects reloaded before import = 0
Number of asset objects unloaded after import = 3
========================================================================
Received Import Request.
  Time since last request: 0.000021 seconds.
  path: Assets/SaltyAssets/SunnyLand Artwork/Environment/Tileset/tileset-sliced_18.asset
  artifactKey: Guid(0162cdbfcae4110498f6e1d3e35b1c55) Importer(815301076,1909f56bfc062723c751e8b465ee728b)
Start importing Assets/SaltyAssets/SunnyLand Artwork/Environment/Tileset/tileset-sliced_18.asset using Guid(0162cdbfcae4110498f6e1d3e35b1c55) Importer(815301076,1909f56bfc062723c751e8b465ee728b)  -> (artifact id: 'd9d561f8484224eed5baee780490837c') in 0.006649 seconds
Number of updated asset objects reloaded before import = 0
Number of asset objects unloaded after import = 3
========================================================================
Received Import Request.
  Time since last request: 0.000018 seconds.
  path: Assets/SaltyAssets/SunnyLand Artwork/Environment/Tileset/tileset-sliced_22.asset
  artifactKey: Guid(8c933fd3ebbc0d84c974cc1d5dcc48d9) Importer(815301076,1909f56bfc062723c751e8b465ee728b)
Start importing Assets/SaltyAssets/SunnyLand Artwork/Environment/Tileset/tileset-sliced_22.asset using Guid(8c933fd3ebbc0d84c974cc1d5dcc48d9) Importer(815301076,1909f56bfc062723c751e8b465ee728b)  -> (artifact id: '964a6c2393c900068274cfff0b432380') in 0.005720 seconds
Number of updated asset objects reloaded before import = 0
Number of asset objects unloaded after import = 3
========================================================================
Received Import Request.
  Time since last request: 0.000023 seconds.
  path: Assets/SaltyAssets/SunnyLand Artwork/Environment/Tileset/tileset-sliced_16.asset
  artifactKey: Guid(5248c970fd9211546bd3464de6f3c51c) Importer(815301076,1909f56bfc062723c751e8b465ee728b)
Start importing Assets/SaltyAssets/SunnyLand Artwork/Environment/Tileset/tileset-sliced_16.asset using Guid(5248c970fd9211546bd3464de6f3c51c) Importer(815301076,1909f56bfc062723c751e8b465ee728b)  -> (artifact id: 'ff671f3af155229016ffb2ee370da187') in 0.006403 seconds
Number of updated asset objects reloaded before import = 0
Number of asset objects unloaded after import = 3
========================================================================
Received Import Request.
  Time since last request: 0.000034 seconds.
  path: Assets/SaltyAssets/SunnyLand Artwork/Environment/Tileset/tileset-sliced_14.asset
  artifactKey: Guid(70ef95d2121c6204d95aeb88bfbc0504) Importer(815301076,1909f56bfc062723c751e8b465ee728b)
Start importing Assets/SaltyAssets/SunnyLand Artwork/Environment/Tileset/tileset-sliced_14.asset using Guid(70ef95d2121c6204d95aeb88bfbc0504) Importer(815301076,1909f56bfc062723c751e8b465ee728b)  -> (artifact id: 'ac937dc8f32ef52fbd51edd0ab9920cd') in 0.006217 seconds
Number of updated asset objects reloaded before import = 0
Number of asset objects unloaded after import = 3
========================================================================
Received Import Request.
  Time since last request: 0.000023 seconds.
  path: Assets/SaltyAssets/SunnyLand Artwork/Environment/Tileset/tileset-sliced_60.asset
  artifactKey: Guid(5c8b9551abdb8ca489078ff9de589364) Importer(815301076,1909f56bfc062723c751e8b465ee728b)
Start importing Assets/SaltyAssets/SunnyLand Artwork/Environment/Tileset/tileset-sliced_60.asset using Guid(5c8b9551abdb8ca489078ff9de589364) Importer(815301076,1909f56bfc062723c751e8b465ee728b)  -> (artifact id: '8d1c779e1e1270160156170cd9641986') in 0.005720 seconds
Number of updated asset objects reloaded before import = 0
Number of asset objects unloaded after import = 3
========================================================================
Received Import Request.
  Time since last request: 0.000016 seconds.
  path: Assets/SaltyAssets/SunnyLand Artwork/Environment/Tileset/tileset-sliced_53.asset
  artifactKey: Guid(e4f7514cb0b1f8a4fa939a375b06a9dd) Importer(815301076,1909f56bfc062723c751e8b465ee728b)
Start importing Assets/SaltyAssets/SunnyLand Artwork/Environment/Tileset/tileset-sliced_53.asset using Guid(e4f7514cb0b1f8a4fa939a375b06a9dd) Importer(815301076,1909f56bfc062723c751e8b465ee728b)  -> (artifact id: '97e73b5bbc046e90c549fa91018320f1') in 0.005600 seconds
Number of updated asset objects reloaded before import = 0
Number of asset objects unloaded after import = 3
========================================================================
Received Import Request.
  Time since last request: 0.000018 seconds.
  path: Assets/SaltyAssets/SunnyLand Artwork/Environment/Tileset/tileset-sliced_17.asset
  artifactKey: Guid(b9344e08b64d36842b6d88a418a3aa1f) Importer(815301076,1909f56bfc062723c751e8b465ee728b)
Start importing Assets/SaltyAssets/SunnyLand Artwork/Environment/Tileset/tileset-sliced_17.asset using Guid(b9344e08b64d36842b6d88a418a3aa1f) Importer(815301076,1909f56bfc062723c751e8b465ee728b)  -> (artifact id: '8c47623c2451c478619948bc4eba2ee7') in 0.006819 seconds
Number of updated asset objects reloaded before import = 0
Number of asset objects unloaded after import = 3
========================================================================
Received Prepare
Begin MonoManager ReloadAssembly
- Loaded All Assemblies, in  0.590 seconds
Refreshing native plugins compatible for Editor in 2.24 ms, found 3 plugins.
Native extension for WindowsStandalone target not found
Mono: successfully reloaded assembly
- Finished resetting the current domain, in  0.701 seconds
Domain Reload Profiling: 1290ms
	BeginReloadAssembly (151ms)
		ExecutionOrderSort (0ms)
		DisableScriptedObjects (12ms)
		BackupInstance (0ms)
		ReleaseScriptingObjects (0ms)
		CreateAndSetChildDomain (42ms)
	RebuildCommonClasses (31ms)
	RebuildNativeTypeToScriptingClass (12ms)
	initialDomainReloadingComplete (25ms)
	LoadAllAssembliesAndSetupDomain (369ms)
		LoadAssemblies (241ms)
		RebuildTransferFunctionScriptingTraits (0ms)
		AnalyzeDomain (196ms)
			TypeCache.Refresh (192ms)
				TypeCache.ScanAssembly (180ms)
			ScanForSourceGeneratedMonoScriptInfo (0ms)
			ResolveRequiredComponents (4ms)
	FinalizeReload (701ms)
		ReleaseScriptCaches (0ms)
		RebuildScriptCaches (0ms)
		SetupLoadedEditorAssemblies (332ms)
			LogAssemblyErrors (0ms)
			InitializePlatformSupportModulesInManaged (5ms)
			SetLoadedEditorAssemblies (4ms)
			RefreshPlugins (0ms)
			BeforeProcessingInitializeOnLoad (55ms)
			ProcessInitializeOnLoadAttributes (235ms)
			ProcessInitializeOnLoadMethodAttributes (29ms)
			AfterProcessingInitializeOnLoad (3ms)
			EditorAssembliesLoaded (0ms)
		ExecutionOrderSort2 (0ms)
		AwakeInstancesAfterBackupRestoration (17ms)
Refreshing native plugins compatible for Editor in 3.20 ms, found 3 plugins.
Preloading 0 native plugins for Editor in 0.00 ms.
Unloading 2388 Unused Serialized files (Serialized files now loaded: 0)
Unloading 29 unused Assets / (32.2 KB). Loaded Objects now: 2908.
Memory consumption went from 108.5 MB to 108.4 MB.
Total: 5.573400 ms (FindLiveObjects: 0.462700 ms CreateObjectMapping: 0.227100 ms MarkObjects: 4.800600 ms  DeleteObjects: 0.081400 ms)

Prepare: number of updated asset objects reloaded= 0
AssetImportParameters requested are different than current active one (requested -> active):
  custom:video-decoder-webm-vp8: 9c59270c3fd7afecdb556c50c9e8de78 -> 
  custom:container-demuxer-ogg: 62fdf1f143b41e24485cea50d1cbac27 -> 
  custom:AudioImporter_EditorPlatform: d09bf68614088b80899f8185d706f6e7 -> 
  custom:video-decoder-ogg-theora: a1e56fd34408186e4bbccfd4996cb3dc -> 
  custom:framework-win-MediaFoundation: 216162199b28c13a410421893ffa2e32 -> 
  custom:video-encoder-webm-vp8: eb34c28f22e8b96e1ab97ce403110664 -> 
  custom:audio-decoder-ogg-vorbis: bf7c407c2cedff20999df2af8eb42d56 -> 
  custom:container-demuxer-webm: 4f35f7cbe854078d1ac9338744f61a02 -> 
  custom:audio-encoder-webm-vorbis: bf7c407c2cedff20999df2af8eb42d56 -> 
  custom:container-muxer-webm: aa71ff27fc2769a1b78a27578f13a17b -> 
========================================================================
Received Import Request.
  Time since last request: 51.778605 seconds.
  path: Assets/SaltyAssets/SunnyLand Artwork/Environment/Tileset/tileset-sliced_0.asset
  artifactKey: Guid(bb3520a55781a954abe89b92bcdc313f) Importer(815301076,1909f56bfc062723c751e8b465ee728b)
Start importing Assets/SaltyAssets/SunnyLand Artwork/Environment/Tileset/tileset-sliced_0.asset using Guid(bb3520a55781a954abe89b92bcdc313f) Importer(815301076,1909f56bfc062723c751e8b465ee728b)  -> (artifact id: 'de4dbc298c592b68f3a59990a9809076') in 0.043309 seconds
Number of updated asset objects reloaded before import = 0
Number of asset objects unloaded after import = 3
========================================================================
Received Import Request.
  Time since last request: 0.000019 seconds.
  path: Assets/SaltyAssets/SunnyLand Artwork/Environment/Tileset/tileset-sliced_20.asset
  artifactKey: Guid(bf52b14d19901034bbb8f9bc58d03e32) Importer(815301076,1909f56bfc062723c751e8b465ee728b)
Start importing Assets/SaltyAssets/SunnyLand Artwork/Environment/Tileset/tileset-sliced_20.asset using Guid(bf52b14d19901034bbb8f9bc58d03e32) Importer(815301076,1909f56bfc062723c751e8b465ee728b)  -> (artifact id: 'd61effad84d82162f04653b678719212') in 0.005117 seconds
Number of updated asset objects reloaded before import = 0
Number of asset objects unloaded after import = 3
========================================================================
Received Import Request.
  Time since last request: 0.000024 seconds.
  path: Assets/SaltyAssets/SunnyLand Artwork/Environment/Tileset/tileset-sliced_6.asset
  artifactKey: Guid(86c556afa3a132048b03b316efc9f897) Importer(815301076,1909f56bfc062723c751e8b465ee728b)
Start importing Assets/SaltyAssets/SunnyLand Artwork/Environment/Tileset/tileset-sliced_6.asset using Guid(86c556afa3a132048b03b316efc9f897) Importer(815301076,1909f56bfc062723c751e8b465ee728b)  -> (artifact id: 'fcfc7d3e60ebf98a4925df244b1cd765') in 0.005253 seconds
Number of updated asset objects reloaded before import = 0
Number of asset objects unloaded after import = 3
========================================================================
Received Import Request.
  Time since last request: 0.000017 seconds.
  path: Assets/SaltyAssets/SunnyLand Artwork/Environment/Tileset/tileset-sliced_42.asset
  artifactKey: Guid(bd649b0ac389e614584644136213427d) Importer(815301076,1909f56bfc062723c751e8b465ee728b)
Start importing Assets/SaltyAssets/SunnyLand Artwork/Environment/Tileset/tileset-sliced_42.asset using Guid(bd649b0ac389e614584644136213427d) Importer(815301076,1909f56bfc062723c751e8b465ee728b)  -> (artifact id: '5b1939d09210bf1b398da5f763769f23') in 0.004601 seconds
Number of updated asset objects reloaded before import = 0
Number of asset objects unloaded after import = 3
========================================================================
Received Import Request.
  Time since last request: 0.000017 seconds.
  path: Assets/SaltyAssets/SunnyLand Artwork/Environment/Tileset/tileset-sliced_5.asset
  artifactKey: Guid(3fd0542d8cef4f94ca67fc667908bbb7) Importer(815301076,1909f56bfc062723c751e8b465ee728b)
Start importing Assets/SaltyAssets/SunnyLand Artwork/Environment/Tileset/tileset-sliced_5.asset using Guid(3fd0542d8cef4f94ca67fc667908bbb7) Importer(815301076,1909f56bfc062723c751e8b465ee728b)  -> (artifact id: '75175c692e14fa567a66ba069e87750a') in 0.004843 seconds
Number of updated asset objects reloaded before import = 0
Number of asset objects unloaded after import = 3
========================================================================
Received Import Request.
  Time since last request: 0.000015 seconds.
  path: Assets/SaltyAssets/SunnyLand Artwork/Environment/Tileset/tileset-sliced_25.asset
  artifactKey: Guid(0e4d7fffb7e9c434c9dad1d562df3bdf) Importer(815301076,1909f56bfc062723c751e8b465ee728b)
Start importing Assets/SaltyAssets/SunnyLand Artwork/Environment/Tileset/tileset-sliced_25.asset using Guid(0e4d7fffb7e9c434c9dad1d562df3bdf) Importer(815301076,1909f56bfc062723c751e8b465ee728b)  -> (artifact id: 'd01d17416d878e491d3758e3531bbaf4') in 0.005249 seconds
Number of updated asset objects reloaded before import = 0
Number of asset objects unloaded after import = 3
========================================================================
Received Import Request.
  Time since last request: 0.000018 seconds.
  path: Assets/SaltyAssets/SunnyLand Artwork/Environment/Tileset/tileset-sliced_41.asset
  artifactKey: Guid(34e7085cd8d4f5347b0a181164941bef) Importer(815301076,1909f56bfc062723c751e8b465ee728b)
Start importing Assets/SaltyAssets/SunnyLand Artwork/Environment/Tileset/tileset-sliced_41.asset using Guid(34e7085cd8d4f5347b0a181164941bef) Importer(815301076,1909f56bfc062723c751e8b465ee728b)  -> (artifact id: '1b3b0a855e5b5d7d15666d0f7b8d7876') in 0.005065 seconds
Number of updated asset objects reloaded before import = 0
Number of asset objects unloaded after import = 3
========================================================================
Received Import Request.
  Time since last request: 0.000019 seconds.
  path: Assets/SaltyAssets/SunnyLand Artwork/Environment/Tileset/tileset-sliced_39.asset
  artifactKey: Guid(85df98f43e21653469271533f4038122) Importer(815301076,1909f56bfc062723c751e8b465ee728b)
Start importing Assets/SaltyAssets/SunnyLand Artwork/Environment/Tileset/tileset-sliced_39.asset using Guid(85df98f43e21653469271533f4038122) Importer(815301076,1909f56bfc062723c751e8b465ee728b)  -> (artifact id: 'd2c4dcff5640eb2f6c1fc3a8f3205841') in 0.005102 seconds
Number of updated asset objects reloaded before import = 0
Number of asset objects unloaded after import = 3
========================================================================
Received Import Request.
  Time since last request: 0.000012 seconds.
  path: Assets/SaltyAssets/SunnyLand Artwork/Environment/Tileset/tileset-sliced_30.asset
  artifactKey: Guid(4c4f101011a3f6f4b91cd4ab5acf104c) Importer(815301076,1909f56bfc062723c751e8b465ee728b)
Start importing Assets/SaltyAssets/SunnyLand Artwork/Environment/Tileset/tileset-sliced_30.asset using Guid(4c4f101011a3f6f4b91cd4ab5acf104c) Importer(815301076,1909f56bfc062723c751e8b465ee728b)  -> (artifact id: '3bbcd90d2fe453166b44ab7b23b98a09') in 0.017794 seconds
Number of updated asset objects reloaded before import = 0
Number of asset objects unloaded after import = 3
========================================================================
Received Import Request.
  Time since last request: 0.000016 seconds.
  path: Assets/SaltyAssets/SunnyLand Artwork/Environment/Tileset/tileset-sliced_59.asset
  artifactKey: Guid(816cd67d36b9e13408f323bcf7d82ebe) Importer(815301076,1909f56bfc062723c751e8b465ee728b)
Start importing Assets/SaltyAssets/SunnyLand Artwork/Environment/Tileset/tileset-sliced_59.asset using Guid(816cd67d36b9e13408f323bcf7d82ebe) Importer(815301076,1909f56bfc062723c751e8b465ee728b)  -> (artifact id: 'e4970539bb49d572901da0a9b39aec1b') in 0.004380 seconds
Number of updated asset objects reloaded before import = 0
Number of asset objects unloaded after import = 3
========================================================================
Received Import Request.
  Time since last request: 0.000019 seconds.
  path: Assets/SaltyAssets/SunnyLand Artwork/Environment/Tileset/tileset-sliced_31.asset
  artifactKey: Guid(a7dca9d71591f534d82dfb8263cc6b2b) Importer(815301076,1909f56bfc062723c751e8b465ee728b)
Start importing Assets/SaltyAssets/SunnyLand Artwork/Environment/Tileset/tileset-sliced_31.asset using Guid(a7dca9d71591f534d82dfb8263cc6b2b) Importer(815301076,1909f56bfc062723c751e8b465ee728b)  -> (artifact id: '4bc41ba9e6c2a25869bb42ef54417337') in 0.005373 seconds
Number of updated asset objects reloaded before import = 0
Number of asset objects unloaded after import = 3
========================================================================
Received Import Request.
  Time since last request: 0.000013 seconds.
  path: Assets/SaltyAssets/SunnyLand Artwork/Environment/Tileset/tileset-sliced_57.asset
  artifactKey: Guid(85936b914a1f6db4abe8b90aee8c2e20) Importer(815301076,1909f56bfc062723c751e8b465ee728b)
Start importing Assets/SaltyAssets/SunnyLand Artwork/Environment/Tileset/tileset-sliced_57.asset using Guid(85936b914a1f6db4abe8b90aee8c2e20) Importer(815301076,1909f56bfc062723c751e8b465ee728b)  -> (artifact id: '2b6345c4a6b33f7dcd706b5fff792908') in 0.005130 seconds
Number of updated asset objects reloaded before import = 0
Number of asset objects unloaded after import = 3
========================================================================
Received Import Request.
  Time since last request: 0.000019 seconds.
  path: Assets/SaltyAssets/SunnyLand Artwork/Environment/Tileset/tileset-sliced_49.asset
  artifactKey: Guid(5ea81004fce0b8c43b0827f2a8fe1a17) Importer(815301076,1909f56bfc062723c751e8b465ee728b)
Start importing Assets/SaltyAssets/SunnyLand Artwork/Environment/Tileset/tileset-sliced_49.asset using Guid(5ea81004fce0b8c43b0827f2a8fe1a17) Importer(815301076,1909f56bfc062723c751e8b465ee728b)  -> (artifact id: '4679be5dec9db7cbd3fde10b0d80e788') in 0.004646 seconds
Number of updated asset objects reloaded before import = 0
Number of asset objects unloaded after import = 3
========================================================================
Received Import Request.
  Time since last request: 0.000015 seconds.
  path: Assets/SaltyAssets/SunnyLand Artwork/Environment/Tileset/tileset-sliced_38.asset
  artifactKey: Guid(897eed2c71ed45749b27f38e360b92fc) Importer(815301076,1909f56bfc062723c751e8b465ee728b)
Start importing Assets/SaltyAssets/SunnyLand Artwork/Environment/Tileset/tileset-sliced_38.asset using Guid(897eed2c71ed45749b27f38e360b92fc) Importer(815301076,1909f56bfc062723c751e8b465ee728b)  -> (artifact id: '92406285aa17ca80002140ce1308ab31') in 0.005287 seconds
Number of updated asset objects reloaded before import = 0
Number of asset objects unloaded after import = 3
========================================================================
Received Import Request.
  Time since last request: 0.000017 seconds.
  path: Assets/SaltyAssets/SunnyLand Artwork/Environment/Tileset/tileset-sliced_54.asset
  artifactKey: Guid(c2ee9b794942d86438549fd521ed5c44) Importer(815301076,1909f56bfc062723c751e8b465ee728b)
Start importing Assets/SaltyAssets/SunnyLand Artwork/Environment/Tileset/tileset-sliced_54.asset using Guid(c2ee9b794942d86438549fd521ed5c44) Importer(815301076,1909f56bfc062723c751e8b465ee728b)  -> (artifact id: '1c3deece813b52f87d2e9a9848568871') in 0.005392 seconds
Number of updated asset objects reloaded before import = 0
Number of asset objects unloaded after import = 3
========================================================================
Received Import Request.
  Time since last request: 0.000018 seconds.
  path: Assets/SaltyAssets/SunnyLand Artwork/Environment/Tileset/tileset-sliced_21.asset
  artifactKey: Guid(b02df6a39c3c60445993c5f9235b37e3) Importer(815301076,1909f56bfc062723c751e8b465ee728b)
Start importing Assets/SaltyAssets/SunnyLand Artwork/Environment/Tileset/tileset-sliced_21.asset using Guid(b02df6a39c3c60445993c5f9235b37e3) Importer(815301076,1909f56bfc062723c751e8b465ee728b)  -> (artifact id: 'a4efdbc5b19d3da3be3dd90e4fb3f441') in 0.005226 seconds
Number of updated asset objects reloaded before import = 0
Number of asset objects unloaded after import = 3
========================================================================
Received Import Request.
  Time since last request: 0.000014 seconds.
  path: Assets/SaltyAssets/SunnyLand Artwork/Environment/Tileset/tileset-sliced_37.asset
  artifactKey: Guid(0db47fab51e28614f89faface3c7e766) Importer(815301076,1909f56bfc062723c751e8b465ee728b)
Start importing Assets/SaltyAssets/SunnyLand Artwork/Environment/Tileset/tileset-sliced_37.asset using Guid(0db47fab51e28614f89faface3c7e766) Importer(815301076,1909f56bfc062723c751e8b465ee728b)  -> (artifact id: '47516402592bf808c3460d79ee062346') in 0.005052 seconds
Number of updated asset objects reloaded before import = 0
Number of asset objects unloaded after import = 3
========================================================================
Received Import Request.
  Time since last request: 0.000017 seconds.
  path: Assets/SaltyAssets/SunnyLand Artwork/Environment/Tileset/tileset-sliced_50.asset
  artifactKey: Guid(5e5eaf71b365a1f4bb567388ab72640a) Importer(815301076,1909f56bfc062723c751e8b465ee728b)
Start importing Assets/SaltyAssets/SunnyLand Artwork/Environment/Tileset/tileset-sliced_50.asset using Guid(5e5eaf71b365a1f4bb567388ab72640a) Importer(815301076,1909f56bfc062723c751e8b465ee728b)  -> (artifact id: 'a3a871db50bf6113c3717c9014e23adb') in 0.004753 seconds
Number of updated asset objects reloaded before import = 0
Number of asset objects unloaded after import = 3
========================================================================
Received Import Request.
  Time since last request: 0.000016 seconds.
  path: Assets/SaltyAssets/SunnyLand Artwork/Environment/Tileset/tileset-sliced_58.asset
  artifactKey: Guid(26a3ae836e2b82e43847066439abedc6) Importer(815301076,1909f56bfc062723c751e8b465ee728b)
Start importing Assets/SaltyAssets/SunnyLand Artwork/Environment/Tileset/tileset-sliced_58.asset using Guid(26a3ae836e2b82e43847066439abedc6) Importer(815301076,1909f56bfc062723c751e8b465ee728b)  -> (artifact id: '9bd6932cabb8d37b9aaafc319059dcd6') in 0.005207 seconds
Number of updated asset objects reloaded before import = 0
Number of asset objects unloaded after import = 3
========================================================================
Received Import Request.
  Time since last request: 0.000018 seconds.
  path: Assets/SaltyAssets/SunnyLand Artwork/Environment/Tileset/tileset-sliced_48.asset
  artifactKey: Guid(e5392e55430188a48bcd79da1a30765d) Importer(815301076,1909f56bfc062723c751e8b465ee728b)
Start importing Assets/SaltyAssets/SunnyLand Artwork/Environment/Tileset/tileset-sliced_48.asset using Guid(e5392e55430188a48bcd79da1a30765d) Importer(815301076,1909f56bfc062723c751e8b465ee728b)  -> (artifact id: '17fa616cb8bb1889bbe36c9ceaf71164') in 0.005380 seconds
Number of updated asset objects reloaded before import = 0
Number of asset objects unloaded after import = 3
========================================================================
Received Import Request.
  Time since last request: 0.000015 seconds.
  path: Assets/SaltyAssets/SunnyLand Artwork/Environment/Tileset/tileset-sliced_55.asset
  artifactKey: Guid(7ae52af6c6ab1f340aa1a4291347c476) Importer(815301076,1909f56bfc062723c751e8b465ee728b)
Start importing Assets/SaltyAssets/SunnyLand Artwork/Environment/Tileset/tileset-sliced_55.asset using Guid(7ae52af6c6ab1f340aa1a4291347c476) Importer(815301076,1909f56bfc062723c751e8b465ee728b)  -> (artifact id: '59ca68977f32e875aa5f3d02194a28ba') in 0.005228 seconds
Number of updated asset objects reloaded before import = 0
Number of asset objects unloaded after import = 3
========================================================================
Received Import Request.
  Time since last request: 0.000014 seconds.
  path: Assets/SaltyAssets/SunnyLand Artwork/Environment/Tileset/tileset-sliced_40.asset
  artifactKey: Guid(0403385aea9241d4f905978063b5f6fa) Importer(815301076,1909f56bfc062723c751e8b465ee728b)
Start importing Assets/SaltyAssets/SunnyLand Artwork/Environment/Tileset/tileset-sliced_40.asset using Guid(0403385aea9241d4f905978063b5f6fa) Importer(815301076,1909f56bfc062723c751e8b465ee728b)  -> (artifact id: '23c41a6b3778e4b580e6257962f68118') in 0.004897 seconds
Number of updated asset objects reloaded before import = 0
Number of asset objects unloaded after import = 3
========================================================================
Received Import Request.
  Time since last request: 0.000016 seconds.
  path: Assets/SaltyAssets/SunnyLand Artwork/Environment/Tileset/tileset-sliced_17.asset
  artifactKey: Guid(b9344e08b64d36842b6d88a418a3aa1f) Importer(815301076,1909f56bfc062723c751e8b465ee728b)
Start importing Assets/SaltyAssets/SunnyLand Artwork/Environment/Tileset/tileset-sliced_17.asset using Guid(b9344e08b64d36842b6d88a418a3aa1f) Importer(815301076,1909f56bfc062723c751e8b465ee728b)  -> (artifact id: 'dbae576ca65b477024269569d6e978e0') in 0.004541 seconds
Number of updated asset objects reloaded before import = 0
Number of asset objects unloaded after import = 3
========================================================================
Received Prepare
Begin MonoManager ReloadAssembly
- Loaded All Assemblies, in  0.605 seconds
Refreshing native plugins compatible for Editor in 2.15 ms, found 3 plugins.
Native extension for WindowsStandalone target not found
Mono: successfully reloaded assembly
- Finished resetting the current domain, in  0.689 seconds
Domain Reload Profiling: 1293ms
	BeginReloadAssembly (145ms)
		ExecutionOrderSort (0ms)
		DisableScriptedObjects (11ms)
		BackupInstance (0ms)
		ReleaseScriptingObjects (0ms)
		CreateAndSetChildDomain (36ms)
	RebuildCommonClasses (33ms)
	RebuildNativeTypeToScriptingClass (10ms)
	initialDomainReloadingComplete (24ms)
	LoadAllAssembliesAndSetupDomain (392ms)
		LoadAssemblies (241ms)
		RebuildTransferFunctionScriptingTraits (0ms)
		AnalyzeDomain (218ms)
			TypeCache.Refresh (216ms)
				TypeCache.ScanAssembly (203ms)
			ScanForSourceGeneratedMonoScriptInfo (0ms)
			ResolveRequiredComponents (2ms)
	FinalizeReload (689ms)
		ReleaseScriptCaches (0ms)
		RebuildScriptCaches (0ms)
		SetupLoadedEditorAssemblies (324ms)
			LogAssemblyErrors (0ms)
			InitializePlatformSupportModulesInManaged (4ms)
			SetLoadedEditorAssemblies (4ms)
			RefreshPlugins (0ms)
			BeforeProcessingInitializeOnLoad (58ms)
			ProcessInitializeOnLoadAttributes (226ms)
			ProcessInitializeOnLoadMethodAttributes (28ms)
			AfterProcessingInitializeOnLoad (3ms)
			EditorAssembliesLoaded (0ms)
		ExecutionOrderSort2 (0ms)
		AwakeInstancesAfterBackupRestoration (17ms)
Refreshing native plugins compatible for Editor in 5.89 ms, found 3 plugins.
Preloading 0 native plugins for Editor in 0.00 ms.
Unloading 2388 Unused Serialized files (Serialized files now loaded: 0)
Unloading 29 unused Assets / (32.3 KB). Loaded Objects now: 2913.
Memory consumption went from 108.5 MB to 108.4 MB.
Total: 5.573900 ms (FindLiveObjects: 0.367900 ms CreateObjectMapping: 0.206100 ms MarkObjects: 4.917700 ms  DeleteObjects: 0.080700 ms)

Prepare: number of updated asset objects reloaded= 0
AssetImportParameters requested are different than current active one (requested -> active):
  custom:video-decoder-webm-vp8: 9c59270c3fd7afecdb556c50c9e8de78 -> 
  custom:container-demuxer-ogg: 62fdf1f143b41e24485cea50d1cbac27 -> 
  custom:AudioImporter_EditorPlatform: d09bf68614088b80899f8185d706f6e7 -> 
  custom:video-decoder-ogg-theora: a1e56fd34408186e4bbccfd4996cb3dc -> 
  custom:framework-win-MediaFoundation: 216162199b28c13a410421893ffa2e32 -> 
  custom:video-encoder-webm-vp8: eb34c28f22e8b96e1ab97ce403110664 -> 
  custom:audio-decoder-ogg-vorbis: bf7c407c2cedff20999df2af8eb42d56 -> 
  custom:container-demuxer-webm: 4f35f7cbe854078d1ac9338744f61a02 -> 
  custom:audio-encoder-webm-vorbis: bf7c407c2cedff20999df2af8eb42d56 -> 
  custom:container-muxer-webm: aa71ff27fc2769a1b78a27578f13a17b -> 
Editor requested this worker to shutdown with reason: Scaling down because of idle timeout
TcpMessagingSession - receive error: operation aborted. errorcode: 995, details:  /   -       .
AssetImportWorker is now disconnected from the server
Process exiting
Exiting without the bug reporter. Application will terminate with return code 0