Using pre-set license
Built from '2022.3/release' branch; Version is '2022.3.0f1 (fb119bb0b476) revision 16454043'; Using compiler version '192829333'; Build Type 'Release'
OS: 'Windows 10  (10.0.19045) 64bit Professional' Language: 'ru' Physical Memory: 32637 MB
BatchMode: 1, IsHumanControllingUs: 0, StartBugReporterOnCrash: 0, Is64bit: 1, IsPro: 1

COMMAND LINE ARGUMENTS:
B:\Unity Engine\2022.3.0f1\Editor\Unity.exe
-adb2
-batchMode
-noUpm
-name
AssetImportWorker7
-projectPath
D:/projects/saltyHITSProject/SaltyProject
-logFile
Logs/AssetImportWorker7.log
-srvPort
53063
Successfully changed project path to: D:/projects/saltyHITSProject/SaltyProject
D:/projects/saltyHITSProject/SaltyProject
[UnityMemory] Configuration Parameters - Can be set up in boot.config
    "memorysetup-bucket-allocator-granularity=16"
    "memorysetup-bucket-allocator-bucket-count=8"
    "memorysetup-bucket-allocator-block-size=33554432"
    "memorysetup-bucket-allocator-block-count=8"
    "memorysetup-main-allocator-block-size=16777216"
    "memorysetup-thread-allocator-block-size=16777216"
    "memorysetup-gfx-main-allocator-block-size=16777216"
    "memorysetup-gfx-thread-allocator-block-size=16777216"
    "memorysetup-cache-allocator-block-size=4194304"
    "memorysetup-typetree-allocator-block-size=2097152"
    "memorysetup-profiler-bucket-allocator-granularity=16"
    "memorysetup-profiler-bucket-allocator-bucket-count=8"
    "memorysetup-profiler-bucket-allocator-block-size=33554432"
    "memorysetup-profiler-bucket-allocator-block-count=8"
    "memorysetup-profiler-allocator-block-size=16777216"
    "memorysetup-profiler-editor-allocator-block-size=1048576"
    "memorysetup-temp-allocator-size-main=16777216"
    "memorysetup-job-temp-allocator-block-size=2097152"
    "memorysetup-job-temp-allocator-block-size-background=1048576"
    "memorysetup-job-temp-allocator-reduction-small-platforms=262144"
    "memorysetup-allocator-temp-initial-block-size-main=262144"
    "memorysetup-allocator-temp-initial-block-size-worker=262144"
    "memorysetup-temp-allocator-size-background-worker=32768"
    "memorysetup-temp-allocator-size-job-worker=262144"
    "memorysetup-temp-allocator-size-preload-manager=33554432"
    "memorysetup-temp-allocator-size-nav-mesh-worker=65536"
    "memorysetup-temp-allocator-size-audio-worker=65536"
    "memorysetup-temp-allocator-size-cloud-worker=32768"
    "memorysetup-temp-allocator-size-gi-baking-worker=262144"
    "memorysetup-temp-allocator-size-gfx=262144"
Player connection [14696] Host "[IP] 0.0.0.0 [Port] 0 [Flags] 2 [Guid] 3557670892 [EditorId] 3557670892 [Version] 1048832 [Id] WindowsEditor(7,DESKTOP-LA58NB8) [Debug] 1 [PackageName] WindowsEditor [ProjectName] Editor" joined multi-casting on [225.0.0.222:54997]...

Player connection [14696] Host "[IP] 0.0.0.0 [Port] 0 [Flags] 2 [Guid] 3557670892 [EditorId] 3557670892 [Version] 1048832 [Id] WindowsEditor(7,DESKTOP-LA58NB8) [Debug] 1 [PackageName] WindowsEditor [ProjectName] Editor" joined alternative multi-casting on [225.0.0.222:34997]...

Refreshing native plugins compatible for Editor in 10.20 ms, found 3 plugins.
Preloading 0 native plugins for Editor in 0.00 ms.
Initialize engine version: 2022.3.0f1 (fb119bb0b476)
[Subsystems] Discovering subsystems at path B:/Unity Engine/2022.3.0f1/Editor/Data/Resources/UnitySubsystems
[Subsystems] Discovering subsystems at path D:/projects/saltyHITSProject/SaltyProject/Assets
GfxDevice: creating device client; threaded=0; jobified=0
Direct3D:
    Version:  Direct3D 11.0 [level 11.1]
    Renderer: NVIDIA GeForce RTX 3060 (ID=0x2504)
    Vendor:   NVIDIA
    VRAM:     12129 MB
    Driver:   31.0.15.3179
Initialize mono
Mono path[0] = 'B:/Unity Engine/2022.3.0f1/Editor/Data/Managed'
Mono path[1] = 'B:/Unity Engine/2022.3.0f1/Editor/Data/MonoBleedingEdge/lib/mono/unityjit-win32'
Mono config path = 'B:/Unity Engine/2022.3.0f1/Editor/Data/MonoBleedingEdge/etc'
Using monoOptions --debugger-agent=transport=dt_socket,embedding=1,server=y,suspend=n,address=127.0.0.1:56752
Begin MonoManager ReloadAssembly
Registering precompiled unity dll's ...
Register platform support module: B:/Unity Engine/2022.3.0f1/Editor/Data/PlaybackEngines/WindowsStandaloneSupport/UnityEditor.WindowsStandalone.Extensions.dll
Registered in 0.003112 seconds.
- Loaded All Assemblies, in  0.276 seconds
Native extension for WindowsStandalone target not found
Mono: successfully reloaded assembly
- Finished resetting the current domain, in  0.227 seconds
Domain Reload Profiling: 503ms
	BeginReloadAssembly (70ms)
		ExecutionOrderSort (0ms)
		DisableScriptedObjects (0ms)
		BackupInstance (0ms)
		ReleaseScriptingObjects (0ms)
		CreateAndSetChildDomain (1ms)
	RebuildCommonClasses (33ms)
	RebuildNativeTypeToScriptingClass (8ms)
	initialDomainReloadingComplete (44ms)
	LoadAllAssembliesAndSetupDomain (121ms)
		LoadAssemblies (69ms)
		RebuildTransferFunctionScriptingTraits (0ms)
		AnalyzeDomain (118ms)
			TypeCache.Refresh (118ms)
				TypeCache.ScanAssembly (108ms)
			ScanForSourceGeneratedMonoScriptInfo (0ms)
			ResolveRequiredComponents (0ms)
	FinalizeReload (227ms)
		ReleaseScriptCaches (0ms)
		RebuildScriptCaches (0ms)
		SetupLoadedEditorAssemblies (178ms)
			LogAssemblyErrors (0ms)
			InitializePlatformSupportModulesInManaged (7ms)
			SetLoadedEditorAssemblies (6ms)
			RefreshPlugins (0ms)
			BeforeProcessingInitializeOnLoad (2ms)
			ProcessInitializeOnLoadAttributes (121ms)
			ProcessInitializeOnLoadMethodAttributes (42ms)
			AfterProcessingInitializeOnLoad (0ms)
			EditorAssembliesLoaded (0ms)
		ExecutionOrderSort2 (0ms)
		AwakeInstancesAfterBackupRestoration (0ms)
========================================================================
Worker process is ready to serve import requests
Begin MonoManager ReloadAssembly
- Loaded All Assemblies, in  0.570 seconds
Refreshing native plugins compatible for Editor in 2.73 ms, found 3 plugins.
Native extension for WindowsStandalone target not found
Mono: successfully reloaded assembly
- Finished resetting the current domain, in  0.450 seconds
Domain Reload Profiling: 1020ms
	BeginReloadAssembly (118ms)
		ExecutionOrderSort (0ms)
		DisableScriptedObjects (5ms)
		BackupInstance (0ms)
		ReleaseScriptingObjects (0ms)
		CreateAndSetChildDomain (21ms)
	RebuildCommonClasses (27ms)
	RebuildNativeTypeToScriptingClass (9ms)
	initialDomainReloadingComplete (34ms)
	LoadAllAssembliesAndSetupDomain (381ms)
		LoadAssemblies (234ms)
		RebuildTransferFunctionScriptingTraits (0ms)
		AnalyzeDomain (209ms)
			TypeCache.Refresh (190ms)
				TypeCache.ScanAssembly (180ms)
			ScanForSourceGeneratedMonoScriptInfo (16ms)
			ResolveRequiredComponents (3ms)
	FinalizeReload (451ms)
		ReleaseScriptCaches (0ms)
		RebuildScriptCaches (0ms)
		SetupLoadedEditorAssemblies (315ms)
			LogAssemblyErrors (0ms)
			InitializePlatformSupportModulesInManaged (4ms)
			SetLoadedEditorAssemblies (4ms)
			RefreshPlugins (0ms)
			BeforeProcessingInitializeOnLoad (52ms)
			ProcessInitializeOnLoadAttributes (223ms)
			ProcessInitializeOnLoadMethodAttributes (29ms)
			AfterProcessingInitializeOnLoad (2ms)
			EditorAssembliesLoaded (0ms)
		ExecutionOrderSort2 (0ms)
		AwakeInstancesAfterBackupRestoration (6ms)
Launched and connected shader compiler UnityShaderCompiler.exe after 0.05 seconds
Refreshing native plugins compatible for Editor in 3.50 ms, found 3 plugins.
Preloading 0 native plugins for Editor in 0.00 ms.
Unloading 2808 Unused Serialized files (Serialized files now loaded: 0)
Unloading 59 unused Assets / (60.8 KB). Loaded Objects now: 3274.
Memory consumption went from 118.2 MB to 118.1 MB.
Total: 3.228300 ms (FindLiveObjects: 0.237400 ms CreateObjectMapping: 0.092300 ms MarkObjects: 2.769400 ms  DeleteObjects: 0.127900 ms)

AssetImportParameters requested are different than current active one (requested -> active):
  custom:video-decoder-webm-vp8: 9c59270c3fd7afecdb556c50c9e8de78 -> 
  custom:container-demuxer-ogg: 62fdf1f143b41e24485cea50d1cbac27 -> 
  custom:AudioImporter_EditorPlatform: d09bf68614088b80899f8185d706f6e7 -> 
  custom:video-decoder-ogg-theora: a1e56fd34408186e4bbccfd4996cb3dc -> 
  custom:framework-win-MediaFoundation: 216162199b28c13a410421893ffa2e32 -> 
  custom:video-encoder-webm-vp8: eb34c28f22e8b96e1ab97ce403110664 -> 
  custom:audio-decoder-ogg-vorbis: bf7c407c2cedff20999df2af8eb42d56 -> 
  custom:container-demuxer-webm: 4f35f7cbe854078d1ac9338744f61a02 -> 
  custom:audio-encoder-webm-vorbis: bf7c407c2cedff20999df2af8eb42d56 -> 
  custom:container-muxer-webm: aa71ff27fc2769a1b78a27578f13a17b -> 
========================================================================
Received Import Request.
  Time since last request: 1384965.856080 seconds.
  path: Assets/SaltyAssets/2D Ice World/Assets/Sprites/Single Sprites/Ice_Bot_R_0001.png
  artifactKey: Guid(57a47251397ef2e4baffd324de53797b) Importer(815301076,1909f56bfc062723c751e8b465ee728b)
Start importing Assets/SaltyAssets/2D Ice World/Assets/Sprites/Single Sprites/Ice_Bot_R_0001.png using Guid(57a47251397ef2e4baffd324de53797b) Importer(815301076,1909f56bfc062723c751e8b465ee728b)  -> (artifact id: 'fcd9137a6a8bcb43aec4cb70dc6f0e5e') in 0.095760 seconds
Number of updated asset objects reloaded before import = 0
Number of asset objects unloaded after import = 3
========================================================================
Received Import Request.
  Time since last request: 0.000016 seconds.
  path: Assets/SaltyAssets/2D Ice World/Assets/Sprites/Single Sprites/Water_0001.png
  artifactKey: Guid(1cb435d4e5a4521418c3e6f38ad864a6) Importer(815301076,1909f56bfc062723c751e8b465ee728b)
Start importing Assets/SaltyAssets/2D Ice World/Assets/Sprites/Single Sprites/Water_0001.png using Guid(1cb435d4e5a4521418c3e6f38ad864a6) Importer(815301076,1909f56bfc062723c751e8b465ee728b)  -> (artifact id: 'c8445970d578b40180cd2b2f3a5b811d') in 0.037725 seconds
Number of updated asset objects reloaded before import = 0
Number of asset objects unloaded after import = 3
========================================================================
Received Import Request.
  Time since last request: 0.000014 seconds.
  path: Assets/SaltyAssets/2D Ice World/Assets/Sprites/Single Sprites/Ice_Top_26_small_R_0001.png
  artifactKey: Guid(d3724c7a7e4fc2848946525a26489098) Importer(815301076,1909f56bfc062723c751e8b465ee728b)
Start importing Assets/SaltyAssets/2D Ice World/Assets/Sprites/Single Sprites/Ice_Top_26_small_R_0001.png using Guid(d3724c7a7e4fc2848946525a26489098) Importer(815301076,1909f56bfc062723c751e8b465ee728b)  -> (artifact id: '7a9f5aeb265a50e7949ccfa0ce09b8e5') in 0.061794 seconds
Number of updated asset objects reloaded before import = 0
Number of asset objects unloaded after import = 3
========================================================================
Received Import Request.
  Time since last request: 0.000019 seconds.
  path: Assets/SaltyAssets/2D Ice World/Assets/Sprites/Single Sprites/Universal_Color_0000.png
  artifactKey: Guid(c35cc10c32380534989d6af18339891a) Importer(815301076,1909f56bfc062723c751e8b465ee728b)
Start importing Assets/SaltyAssets/2D Ice World/Assets/Sprites/Single Sprites/Universal_Color_0000.png using Guid(c35cc10c32380534989d6af18339891a) Importer(815301076,1909f56bfc062723c751e8b465ee728b)  -> (artifact id: '14d8d2bb9630121d36111e1d51247a5f') in 0.023953 seconds
Number of updated asset objects reloaded before import = 0
Number of asset objects unloaded after import = 3
========================================================================
Received Import Request.
  Time since last request: 0.000031 seconds.
  path: Assets/SaltyAssets/2D Ice World/Assets/Sprites/Single Sprites/Ice_G_26_big_R_0001.png
  artifactKey: Guid(cb7f868351069714bbf974fe367d32e0) Importer(815301076,1909f56bfc062723c751e8b465ee728b)
Start importing Assets/SaltyAssets/2D Ice World/Assets/Sprites/Single Sprites/Ice_G_26_big_R_0001.png using Guid(cb7f868351069714bbf974fe367d32e0) Importer(815301076,1909f56bfc062723c751e8b465ee728b)  -> (artifact id: '7f3fe47e0d3231c56cc56984e48fb529') in 0.018457 seconds
Number of updated asset objects reloaded before import = 0
Number of asset objects unloaded after import = 3
========================================================================
Received Import Request.
  Time since last request: 0.000018 seconds.
  path: Assets/SaltyAssets/2D Ice World/Assets/Sprites/Single Sprites/Ice_Bot_spikes_0001.png
  artifactKey: Guid(d284f359f900b004aacb1ec1ebfcc356) Importer(815301076,1909f56bfc062723c751e8b465ee728b)
Start importing Assets/SaltyAssets/2D Ice World/Assets/Sprites/Single Sprites/Ice_Bot_spikes_0001.png using Guid(d284f359f900b004aacb1ec1ebfcc356) Importer(815301076,1909f56bfc062723c751e8b465ee728b)  -> (artifact id: 'bef98cfb0555483b6fcc7fc7cb35ac74') in 0.022984 seconds
Number of updated asset objects reloaded before import = 0
Number of asset objects unloaded after import = 3
========================================================================
Received Import Request.
  Time since last request: 0.000015 seconds.
  path: Assets/SaltyAssets/2D Ice World/Assets/Sprites/Single Sprites/Ice_Top_spikes_0001.png
  artifactKey: Guid(354338ce8320eb14885a4fcc9c3ed334) Importer(815301076,1909f56bfc062723c751e8b465ee728b)
Start importing Assets/SaltyAssets/2D Ice World/Assets/Sprites/Single Sprites/Ice_Top_spikes_0001.png using Guid(354338ce8320eb14885a4fcc9c3ed334) Importer(815301076,1909f56bfc062723c751e8b465ee728b)  -> (artifact id: 'f140ab7ce8fcabb9d54d57bf0464724d') in 0.017123 seconds
Number of updated asset objects reloaded before import = 0
Number of asset objects unloaded after import = 3
========================================================================
Received Import Request.
  Time since last request: 0.000014 seconds.
  path: Assets/SaltyAssets/2D Ice World/Assets/Sprites/Single Sprites/Snowflake_0004.png
  artifactKey: Guid(c9bada7011ea0db4d995cbea10287c99) Importer(815301076,1909f56bfc062723c751e8b465ee728b)
Start importing Assets/SaltyAssets/2D Ice World/Assets/Sprites/Single Sprites/Snowflake_0004.png using Guid(c9bada7011ea0db4d995cbea10287c99) Importer(815301076,1909f56bfc062723c751e8b465ee728b)  -> (artifact id: '69db42241fa602d1ea8ca903e49f1366') in 0.039588 seconds
Number of updated asset objects reloaded before import = 0
Number of asset objects unloaded after import = 3
========================================================================
Received Import Request.
  Time since last request: 0.000018 seconds.
  path: Assets/SaltyAssets/2D Ice World/Assets/Sprites/Single Sprites/Igloo_S_R_0001.png
  artifactKey: Guid(1b3de6ff70e9bd440a749acc6ebaead5) Importer(815301076,1909f56bfc062723c751e8b465ee728b)
Start importing Assets/SaltyAssets/2D Ice World/Assets/Sprites/Single Sprites/Igloo_S_R_0001.png using Guid(1b3de6ff70e9bd440a749acc6ebaead5) Importer(815301076,1909f56bfc062723c751e8b465ee728b)  -> (artifact id: '38efd3671f3f9a4a2fb235961336bb67') in 0.022009 seconds
Number of updated asset objects reloaded before import = 0
Number of asset objects unloaded after import = 3
========================================================================
Received Import Request.
  Time since last request: 0.000017 seconds.
  path: Assets/SaltyAssets/2D Ice World/Assets/Sprites/Single Sprites/Snow_E_L_0001.png
  artifactKey: Guid(635ebf5bac2ebba479cfb5a7db09d545) Importer(815301076,1909f56bfc062723c751e8b465ee728b)
Start importing Assets/SaltyAssets/2D Ice World/Assets/Sprites/Single Sprites/Snow_E_L_0001.png using Guid(635ebf5bac2ebba479cfb5a7db09d545) Importer(815301076,1909f56bfc062723c751e8b465ee728b)  -> (artifact id: '877b6f67b54c35e0bafd3cae2972e81c') in 0.024213 seconds
Number of updated asset objects reloaded before import = 0
Number of asset objects unloaded after import = 3
========================================================================
Received Import Request.
  Time since last request: 0.000014 seconds.
  path: Assets/SaltyAssets/2D Ice World/Assets/Sprites/Single Sprites/Ice_cube_small_0001.png
  artifactKey: Guid(d2a1219f01ad7474fb1405693af9a914) Importer(815301076,1909f56bfc062723c751e8b465ee728b)
Start importing Assets/SaltyAssets/2D Ice World/Assets/Sprites/Single Sprites/Ice_cube_small_0001.png using Guid(d2a1219f01ad7474fb1405693af9a914) Importer(815301076,1909f56bfc062723c751e8b465ee728b)  -> (artifact id: '4ae7657dc979c5a2f1e4ad51320bdcf0') in 0.018449 seconds
Number of updated asset objects reloaded before import = 0
Number of asset objects unloaded after import = 3
========================================================================
Received Import Request.
  Time since last request: 0.000019 seconds.
  path: Assets/SaltyAssets/2D Ice World/Assets/Sprites/Single Sprites/Snowhill_0002.png
  artifactKey: Guid(0be9f1b8acbf84448a8db37de775b353) Importer(815301076,1909f56bfc062723c751e8b465ee728b)
Start importing Assets/SaltyAssets/2D Ice World/Assets/Sprites/Single Sprites/Snowhill_0002.png using Guid(0be9f1b8acbf84448a8db37de775b353) Importer(815301076,1909f56bfc062723c751e8b465ee728b)  -> (artifact id: 'e751caa46f24287938725563b25fdad6') in 0.016645 seconds
Number of updated asset objects reloaded before import = 0
Number of asset objects unloaded after import = 3
========================================================================
Received Import Request.
  Time since last request: 0.000019 seconds.
  path: Assets/SaltyAssets/2D Ice World/Assets/Sprites/Single Sprites/Snowflake_0005.png
  artifactKey: Guid(196a2a87789bb62428afb0ad359a667a) Importer(815301076,1909f56bfc062723c751e8b465ee728b)
Start importing Assets/SaltyAssets/2D Ice World/Assets/Sprites/Single Sprites/Snowflake_0005.png using Guid(196a2a87789bb62428afb0ad359a667a) Importer(815301076,1909f56bfc062723c751e8b465ee728b)  -> (artifact id: '620902c9442dc8cc5033a4c899cc38d1') in 0.012604 seconds
Number of updated asset objects reloaded before import = 0
Number of asset objects unloaded after import = 3
Editor requested this worker to shutdown with reason: Scaling down because of idle timeout
TcpMessagingSession - receive error: operation aborted. errorcode: 995, details: ќпераци€ ввода/вывода была прервана из-за завершени€ потока команд или по запросу приложени€.
AssetImportWorker is now disconnected from the server
Process exiting
Exiting without the bug reporter. Application will terminate with return code 0